[2.055s] Invoking command in '/home/kenzy/ros2_ws/build/weather_pkg': DEBUGINFOD_URLS=https://debuginfod.ubuntu.com PYTHONPATH=/home/kenzy/ros2_ws/build/weather_pkg/prefix_override:/usr/lib/python3/dist-packages/colcon_core/task/python/colcon_distutils_commands:/home/kenzy/ros2_ws/install/weather_pkg/lib/python3.12/site-packages:${PYTHONPATH} /usr/bin/python3 -W ignore:setup.py install is deprecated -W ignore:easy_install command is deprecated setup.py develop --editable --build-directory /home/kenzy/ros2_ws/build/weather_pkg/build --no-deps symlink_data
[2.684s] running develop
[2.995s] running egg_info
[3.023s] writing weather_pkg.egg-info/PKG-INFO
[3.023s] writing dependency_links to weather_pkg.egg-info/dependency_links.txt
[3.024s] writing entry points to weather_pkg.egg-info/entry_points.txt
[3.025s] writing requirements to weather_pkg.egg-info/requires.txt
[3.025s] writing top-level names to weather_pkg.egg-info/top_level.txt
[3.127s] reading manifest file 'weather_pkg.egg-info/SOURCES.txt'
[3.130s] writing manifest file 'weather_pkg.egg-info/SOURCES.txt'
[3.202s] running build_ext
[3.203s] Creating /home/kenzy/ros2_ws/install/weather_pkg/lib/python3.12/site-packages/weather-pkg.egg-link (link to .)
[3.210s] Installing humidity_node script to /home/kenzy/ros2_ws/install/weather_pkg/lib/weather_pkg
[3.211s] Installing monitor_node script to /home/kenzy/ros2_ws/install/weather_pkg/lib/weather_pkg
[3.211s] Installing pressure_node script to /home/kenzy/ros2_ws/install/weather_pkg/lib/weather_pkg
[3.212s] Installing temperature_node script to /home/kenzy/ros2_ws/install/weather_pkg/lib/weather_pkg
[3.212s] 
[3.213s] Installed /home/kenzy/ros2_ws/build/weather_pkg
[3.214s] running symlink_data
[3.297s] Invoked command in '/home/kenzy/ros2_ws/build/weather_pkg' returned '0': DEBUGINFOD_URLS=https://debuginfod.ubuntu.com PYTHONPATH=/home/kenzy/ros2_ws/build/weather_pkg/prefix_override:/usr/lib/python3/dist-packages/colcon_core/task/python/colcon_distutils_commands:/home/kenzy/ros2_ws/install/weather_pkg/lib/python3.12/site-packages:${PYTHONPATH} /usr/bin/python3 -W ignore:setup.py install is deprecated -W ignore:easy_install command is deprecated setup.py develop --editable --build-directory /home/kenzy/ros2_ws/build/weather_pkg/build --no-deps symlink_data
