[2.057s] Invoking command in '/home/kenzy/ros2_ws/src/turtle_pkg': DEBUGINFOD_URLS=https://debuginfod.ubuntu.com PYTHONPATH=/home/kenzy/ros2_ws/build/turtle_pkg/prefix_override:/usr/lib/python3/dist-packages/colcon_core/task/python/colcon_distutils_commands:/home/kenzy/ros2_ws/install/turtle_pkg/lib/python3.12/site-packages:${PYTHONPATH} /usr/bin/python3 -W ignore:setup.py install is deprecated -W ignore:easy_install command is deprecated setup.py egg_info --egg-base ../../build/turtle_pkg build --build-base /home/kenzy/ros2_ws/build/turtle_pkg/build install --record /home/kenzy/ros2_ws/build/turtle_pkg/install.log --single-version-externally-managed install_data
[2.521s] running egg_info
[2.549s] writing ../../build/turtle_pkg/turtle_pkg.egg-info/PKG-INFO
[2.549s] writing dependency_links to ../../build/turtle_pkg/turtle_pkg.egg-info/dependency_links.txt
[2.550s] writing entry points to ../../build/turtle_pkg/turtle_pkg.egg-info/entry_points.txt
[2.550s] writing requirements to ../../build/turtle_pkg/turtle_pkg.egg-info/requires.txt
[2.550s] writing top-level names to ../../build/turtle_pkg/turtle_pkg.egg-info/top_level.txt
[2.609s] reading manifest file '../../build/turtle_pkg/turtle_pkg.egg-info/SOURCES.txt'
[2.610s] writing manifest file '../../build/turtle_pkg/turtle_pkg.egg-info/SOURCES.txt'
[2.611s] running build
[2.611s] running build_py
[2.612s] running install
[2.624s] running install_lib
[2.654s] running install_data
[2.655s] running install_egg_info
[2.686s] removing '/home/kenzy/ros2_ws/install/turtle_pkg/lib/python3.12/site-packages/turtle_pkg-0.0.0-py3.12.egg-info' (and everything under it)
[2.687s] Copying ../../build/turtle_pkg/turtle_pkg.egg-info to /home/kenzy/ros2_ws/install/turtle_pkg/lib/python3.12/site-packages/turtle_pkg-0.0.0-py3.12.egg-info
[2.688s] running install_scripts
[2.900s] Installing turtle_node script to /home/kenzy/ros2_ws/install/turtle_pkg/lib/turtle_pkg
[2.901s] writing list of installed files to '/home/kenzy/ros2_ws/build/turtle_pkg/install.log'
[2.987s] Invoked command in '/home/kenzy/ros2_ws/src/turtle_pkg' returned '0': DEBUGINFOD_URLS=https://debuginfod.ubuntu.com PYTHONPATH=/home/kenzy/ros2_ws/build/turtle_pkg/prefix_override:/usr/lib/python3/dist-packages/colcon_core/task/python/colcon_distutils_commands:/home/kenzy/ros2_ws/install/turtle_pkg/lib/python3.12/site-packages:${PYTHONPATH} /usr/bin/python3 -W ignore:setup.py install is deprecated -W ignore:easy_install command is deprecated setup.py egg_info --egg-base ../../build/turtle_pkg build --build-base /home/kenzy/ros2_ws/build/turtle_pkg/build install --record /home/kenzy/ros2_ws/build/turtle_pkg/install.log --single-version-externally-managed install_data
