[0.075s] DEBUG:colcon:Command line arguments: ['/usr/bin/colcon', 'build']
[0.075s] DEBUG:colcon:Parsed command line arguments: Namespace(log_base=None, log_level=None, verb_name='build', build_base='build', install_base='install', merge_install=False, symlink_install=False, test_result_base=None, continue_on_error=False, executor='parallel', parallel_workers=16, event_handlers=None, ignore_user_meta=False, metas=['./colcon.meta'], base_paths=['.'], packages_ignore=None, packages_ignore_regex=None, paths=None, packages_up_to=None, packages_up_to_regex=None, packages_above=None, packages_above_and_dependencies=None, packages_above_depth=None, packages_select_by_dep=None, packages_skip_by_dep=None, packages_skip_up_to=None, packages_select_build_failed=False, packages_skip_build_finished=False, packages_select_test_failures=False, packages_skip_test_passed=False, packages_select=None, packages_skip=None, packages_select_regex=None, packages_skip_regex=None, packages_start=None, packages_end=None, cmake_args=None, cmake_target=None, cmake_target_skip_unavailable=False, cmake_clean_cache=False, cmake_clean_first=False, cmake_force_configure=False, ament_cmake_args=None, catkin_cmake_args=None, catkin_skip_building_tests=False, verb_parser=<colcon_defaults.argument_parser.defaults.DefaultArgumentsDecorator object at 0x769b63defe90>, verb_extension=<colcon_core.verb.build.BuildVerb object at 0x769b6437abd0>, main=<bound method BuildVerb.main of <colcon_core.verb.build.BuildVerb object at 0x769b6437abd0>>)
[0.108s] Level 1:colcon.colcon_core.package_discovery:discover_packages(colcon_meta) check parameters
[0.108s] Level 1:colcon.colcon_core.package_discovery:discover_packages(recursive) check parameters
[0.108s] Level 1:colcon.colcon_core.package_discovery:discover_packages(ignore) check parameters
[0.108s] Level 1:colcon.colcon_core.package_discovery:discover_packages(path) check parameters
[0.108s] Level 1:colcon.colcon_core.package_discovery:discover_packages(colcon_meta) discover
[0.108s] Level 1:colcon.colcon_core.package_discovery:discover_packages(recursive) discover
[0.108s] INFO:colcon.colcon_core.package_discovery:Crawling recursively for packages in '/home/kenzy/ros2_ws/src'
[0.108s] Level 1:colcon.colcon_core.package_identification:_identify(.) by extensions ['ignore', 'ignore_ament_install']
[0.108s] Level 1:colcon.colcon_core.package_identification:_identify(.) by extension 'ignore'
[0.108s] Level 1:colcon.colcon_core.package_identification:_identify(.) by extension 'ignore_ament_install'
[0.108s] Level 1:colcon.colcon_core.package_identification:_identify(.) by extensions ['colcon_pkg']
[0.108s] Level 1:colcon.colcon_core.package_identification:_identify(.) by extension 'colcon_pkg'
[0.108s] Level 1:colcon.colcon_core.package_identification:_identify(.) by extensions ['colcon_meta']
[0.108s] Level 1:colcon.colcon_core.package_identification:_identify(.) by extension 'colcon_meta'
[0.108s] Level 1:colcon.colcon_core.package_identification:_identify(.) by extensions ['ros']
[0.108s] Level 1:colcon.colcon_core.package_identification:_identify(.) by extension 'ros'
[0.126s] Level 1:colcon.colcon_core.package_identification:_identify(.) by extensions ['cmake', 'python']
[0.126s] Level 1:colcon.colcon_core.package_identification:_identify(.) by extension 'cmake'
[0.126s] Level 1:colcon.colcon_core.package_identification:_identify(.) by extension 'python'
[0.126s] Level 1:colcon.colcon_core.package_identification:_identify(.) by extensions ['python_setup_py']
[0.126s] Level 1:colcon.colcon_core.package_identification:_identify(.) by extension 'python_setup_py'
[0.126s] Level 1:colcon.colcon_core.package_identification:_identify(build) by extensions ['ignore', 'ignore_ament_install']
[0.126s] Level 1:colcon.colcon_core.package_identification:_identify(build) by extension 'ignore'
[0.126s] Level 1:colcon.colcon_core.package_identification:_identify(build) ignored
[0.126s] Level 1:colcon.colcon_core.package_identification:_identify(install) by extensions ['ignore', 'ignore_ament_install']
[0.126s] Level 1:colcon.colcon_core.package_identification:_identify(install) by extension 'ignore'
[0.126s] Level 1:colcon.colcon_core.package_identification:_identify(install) ignored
[0.126s] Level 1:colcon.colcon_core.package_identification:_identify(log) by extensions ['ignore', 'ignore_ament_install']
[0.127s] Level 1:colcon.colcon_core.package_identification:_identify(log) by extension 'ignore'
[0.127s] Level 1:colcon.colcon_core.package_identification:_identify(log) ignored
[0.127s] Level 1:colcon.colcon_core.package_identification:_identify(mypkg) by extensions ['ignore', 'ignore_ament_install']
[0.127s] Level 1:colcon.colcon_core.package_identification:_identify(mypkg) by extension 'ignore'
[0.127s] Level 1:colcon.colcon_core.package_identification:_identify(mypkg) by extension 'ignore_ament_install'
[0.127s] Level 1:colcon.colcon_core.package_identification:_identify(mypkg) by extensions ['colcon_pkg']
[0.127s] Level 1:colcon.colcon_core.package_identification:_identify(mypkg) by extension 'colcon_pkg'
[0.127s] Level 1:colcon.colcon_core.package_identification:_identify(mypkg) by extensions ['colcon_meta']
[0.127s] Level 1:colcon.colcon_core.package_identification:_identify(mypkg) by extension 'colcon_meta'
[0.127s] Level 1:colcon.colcon_core.package_identification:_identify(mypkg) by extensions ['ros']
[0.127s] Level 1:colcon.colcon_core.package_identification:_identify(mypkg) by extension 'ros'
[0.129s] DEBUG:colcon.colcon_core.package_identification:Package 'mypkg' with type 'ros.ament_python' and name 'mypkg'
[0.129s] Level 1:colcon.colcon_core.package_identification:_identify(pkg_py) by extensions ['ignore', 'ignore_ament_install']
[0.129s] Level 1:colcon.colcon_core.package_identification:_identify(pkg_py) by extension 'ignore'
[0.129s] Level 1:colcon.colcon_core.package_identification:_identify(pkg_py) by extension 'ignore_ament_install'
[0.129s] Level 1:colcon.colcon_core.package_identification:_identify(pkg_py) by extensions ['colcon_pkg']
[0.129s] Level 1:colcon.colcon_core.package_identification:_identify(pkg_py) by extension 'colcon_pkg'
[0.129s] Level 1:colcon.colcon_core.package_identification:_identify(pkg_py) by extensions ['colcon_meta']
[0.129s] Level 1:colcon.colcon_core.package_identification:_identify(pkg_py) by extension 'colcon_meta'
[0.129s] Level 1:colcon.colcon_core.package_identification:_identify(pkg_py) by extensions ['ros']
[0.129s] Level 1:colcon.colcon_core.package_identification:_identify(pkg_py) by extension 'ros'
[0.130s] DEBUG:colcon.colcon_core.package_identification:Package 'pkg_py' with type 'ros.ament_python' and name 'pkg_py'
[0.130s] Level 1:colcon.colcon_core.package_identification:_identify(turtle_pkg) by extensions ['ignore', 'ignore_ament_install']
[0.130s] Level 1:colcon.colcon_core.package_identification:_identify(turtle_pkg) by extension 'ignore'
[0.130s] Level 1:colcon.colcon_core.package_identification:_identify(turtle_pkg) by extension 'ignore_ament_install'
[0.130s] Level 1:colcon.colcon_core.package_identification:_identify(turtle_pkg) by extensions ['colcon_pkg']
[0.130s] Level 1:colcon.colcon_core.package_identification:_identify(turtle_pkg) by extension 'colcon_pkg'
[0.130s] Level 1:colcon.colcon_core.package_identification:_identify(turtle_pkg) by extensions ['colcon_meta']
[0.130s] Level 1:colcon.colcon_core.package_identification:_identify(turtle_pkg) by extension 'colcon_meta'
[0.130s] Level 1:colcon.colcon_core.package_identification:_identify(turtle_pkg) by extensions ['ros']
[0.130s] Level 1:colcon.colcon_core.package_identification:_identify(turtle_pkg) by extension 'ros'
[0.131s] DEBUG:colcon.colcon_core.package_identification:Package 'turtle_pkg' with type 'ros.ament_python' and name 'turtle_pkg'
[0.131s] Level 1:colcon.colcon_core.package_identification:_identify(weather_pkg) by extensions ['ignore', 'ignore_ament_install']
[0.131s] Level 1:colcon.colcon_core.package_identification:_identify(weather_pkg) by extension 'ignore'
[0.131s] Level 1:colcon.colcon_core.package_identification:_identify(weather_pkg) by extension 'ignore_ament_install'
[0.131s] Level 1:colcon.colcon_core.package_identification:_identify(weather_pkg) by extensions ['colcon_pkg']
[0.131s] Level 1:colcon.colcon_core.package_identification:_identify(weather_pkg) by extension 'colcon_pkg'
[0.131s] Level 1:colcon.colcon_core.package_identification:_identify(weather_pkg) by extensions ['colcon_meta']
[0.131s] Level 1:colcon.colcon_core.package_identification:_identify(weather_pkg) by extension 'colcon_meta'
[0.131s] Level 1:colcon.colcon_core.package_identification:_identify(weather_pkg) by extensions ['ros']
[0.131s] Level 1:colcon.colcon_core.package_identification:_identify(weather_pkg) by extension 'ros'
[0.132s] DEBUG:colcon.colcon_core.package_identification:Package 'weather_pkg' with type 'ros.ament_python' and name 'weather_pkg'
[0.132s] Level 1:colcon.colcon_core.package_discovery:discover_packages(recursive) using defaults
[0.132s] Level 1:colcon.colcon_core.package_discovery:discover_packages(ignore) discover
[0.132s] Level 1:colcon.colcon_core.package_discovery:discover_packages(ignore) using defaults
[0.132s] Level 1:colcon.colcon_core.package_discovery:discover_packages(path) discover
[0.132s] Level 1:colcon.colcon_core.package_discovery:discover_packages(path) using defaults
[0.147s] Level 5:colcon.colcon_core.verb:set package 'mypkg' build argument 'cmake_args' from command line to 'None'
[0.147s] Level 5:colcon.colcon_core.verb:set package 'mypkg' build argument 'cmake_target' from command line to 'None'
[0.147s] Level 5:colcon.colcon_core.verb:set package 'mypkg' build argument 'cmake_target_skip_unavailable' from command line to 'False'
[0.147s] Level 5:colcon.colcon_core.verb:set package 'mypkg' build argument 'cmake_clean_cache' from command line to 'False'
[0.147s] Level 5:colcon.colcon_core.verb:set package 'mypkg' build argument 'cmake_clean_first' from command line to 'False'
[0.147s] Level 5:colcon.colcon_core.verb:set package 'mypkg' build argument 'cmake_force_configure' from command line to 'False'
[0.147s] Level 5:colcon.colcon_core.verb:set package 'mypkg' build argument 'ament_cmake_args' from command line to 'None'
[0.147s] Level 5:colcon.colcon_core.verb:set package 'mypkg' build argument 'catkin_cmake_args' from command line to 'None'
[0.147s] Level 5:colcon.colcon_core.verb:set package 'mypkg' build argument 'catkin_skip_building_tests' from command line to 'False'
[0.147s] DEBUG:colcon.colcon_core.verb:Building package 'mypkg' with the following arguments: {'ament_cmake_args': None, 'build_base': '/home/kenzy/ros2_ws/src/build/mypkg', 'catkin_cmake_args': None, 'catkin_skip_building_tests': False, 'cmake_args': None, 'cmake_clean_cache': False, 'cmake_clean_first': False, 'cmake_force_configure': False, 'cmake_target': None, 'cmake_target_skip_unavailable': False, 'install_base': '/home/kenzy/ros2_ws/src/install/mypkg', 'merge_install': False, 'path': '/home/kenzy/ros2_ws/src/mypkg', 'symlink_install': False, 'test_result_base': None}
[0.147s] Level 5:colcon.colcon_core.verb:set package 'pkg_py' build argument 'cmake_args' from command line to 'None'
[0.147s] Level 5:colcon.colcon_core.verb:set package 'pkg_py' build argument 'cmake_target' from command line to 'None'
[0.147s] Level 5:colcon.colcon_core.verb:set package 'pkg_py' build argument 'cmake_target_skip_unavailable' from command line to 'False'
[0.147s] Level 5:colcon.colcon_core.verb:set package 'pkg_py' build argument 'cmake_clean_cache' from command line to 'False'
[0.147s] Level 5:colcon.colcon_core.verb:set package 'pkg_py' build argument 'cmake_clean_first' from command line to 'False'
[0.147s] Level 5:colcon.colcon_core.verb:set package 'pkg_py' build argument 'cmake_force_configure' from command line to 'False'
[0.147s] Level 5:colcon.colcon_core.verb:set package 'pkg_py' build argument 'ament_cmake_args' from command line to 'None'
[0.147s] Level 5:colcon.colcon_core.verb:set package 'pkg_py' build argument 'catkin_cmake_args' from command line to 'None'
[0.147s] Level 5:colcon.colcon_core.verb:set package 'pkg_py' build argument 'catkin_skip_building_tests' from command line to 'False'
[0.147s] DEBUG:colcon.colcon_core.verb:Building package 'pkg_py' with the following arguments: {'ament_cmake_args': None, 'build_base': '/home/kenzy/ros2_ws/src/build/pkg_py', 'catkin_cmake_args': None, 'catkin_skip_building_tests': False, 'cmake_args': None, 'cmake_clean_cache': False, 'cmake_clean_first': False, 'cmake_force_configure': False, 'cmake_target': None, 'cmake_target_skip_unavailable': False, 'install_base': '/home/kenzy/ros2_ws/src/install/pkg_py', 'merge_install': False, 'path': '/home/kenzy/ros2_ws/src/pkg_py', 'symlink_install': False, 'test_result_base': None}
[0.147s] Level 5:colcon.colcon_core.verb:set package 'turtle_pkg' build argument 'cmake_args' from command line to 'None'
[0.147s] Level 5:colcon.colcon_core.verb:set package 'turtle_pkg' build argument 'cmake_target' from command line to 'None'
[0.147s] Level 5:colcon.colcon_core.verb:set package 'turtle_pkg' build argument 'cmake_target_skip_unavailable' from command line to 'False'
[0.147s] Level 5:colcon.colcon_core.verb:set package 'turtle_pkg' build argument 'cmake_clean_cache' from command line to 'False'
[0.147s] Level 5:colcon.colcon_core.verb:set package 'turtle_pkg' build argument 'cmake_clean_first' from command line to 'False'
[0.147s] Level 5:colcon.colcon_core.verb:set package 'turtle_pkg' build argument 'cmake_force_configure' from command line to 'False'
[0.147s] Level 5:colcon.colcon_core.verb:set package 'turtle_pkg' build argument 'ament_cmake_args' from command line to 'None'
[0.147s] Level 5:colcon.colcon_core.verb:set package 'turtle_pkg' build argument 'catkin_cmake_args' from command line to 'None'
[0.147s] Level 5:colcon.colcon_core.verb:set package 'turtle_pkg' build argument 'catkin_skip_building_tests' from command line to 'False'
[0.147s] DEBUG:colcon.colcon_core.verb:Building package 'turtle_pkg' with the following arguments: {'ament_cmake_args': None, 'build_base': '/home/kenzy/ros2_ws/src/build/turtle_pkg', 'catkin_cmake_args': None, 'catkin_skip_building_tests': False, 'cmake_args': None, 'cmake_clean_cache': False, 'cmake_clean_first': False, 'cmake_force_configure': False, 'cmake_target': None, 'cmake_target_skip_unavailable': False, 'install_base': '/home/kenzy/ros2_ws/src/install/turtle_pkg', 'merge_install': False, 'path': '/home/kenzy/ros2_ws/src/turtle_pkg', 'symlink_install': False, 'test_result_base': None}
[0.148s] Level 5:colcon.colcon_core.verb:set package 'weather_pkg' build argument 'cmake_args' from command line to 'None'
[0.148s] Level 5:colcon.colcon_core.verb:set package 'weather_pkg' build argument 'cmake_target' from command line to 'None'
[0.148s] Level 5:colcon.colcon_core.verb:set package 'weather_pkg' build argument 'cmake_target_skip_unavailable' from command line to 'False'
[0.148s] Level 5:colcon.colcon_core.verb:set package 'weather_pkg' build argument 'cmake_clean_cache' from command line to 'False'
[0.148s] Level 5:colcon.colcon_core.verb:set package 'weather_pkg' build argument 'cmake_clean_first' from command line to 'False'
[0.148s] Level 5:colcon.colcon_core.verb:set package 'weather_pkg' build argument 'cmake_force_configure' from command line to 'False'
[0.148s] Level 5:colcon.colcon_core.verb:set package 'weather_pkg' build argument 'ament_cmake_args' from command line to 'None'
[0.148s] Level 5:colcon.colcon_core.verb:set package 'weather_pkg' build argument 'catkin_cmake_args' from command line to 'None'
[0.148s] Level 5:colcon.colcon_core.verb:set package 'weather_pkg' build argument 'catkin_skip_building_tests' from command line to 'False'
[0.148s] DEBUG:colcon.colcon_core.verb:Building package 'weather_pkg' with the following arguments: {'ament_cmake_args': None, 'build_base': '/home/kenzy/ros2_ws/src/build/weather_pkg', 'catkin_cmake_args': None, 'catkin_skip_building_tests': False, 'cmake_args': None, 'cmake_clean_cache': False, 'cmake_clean_first': False, 'cmake_force_configure': False, 'cmake_target': None, 'cmake_target_skip_unavailable': False, 'install_base': '/home/kenzy/ros2_ws/src/install/weather_pkg', 'merge_install': False, 'path': '/home/kenzy/ros2_ws/src/weather_pkg', 'symlink_install': False, 'test_result_base': None}
[0.148s] INFO:colcon.colcon_core.executor:Executing jobs using 'parallel' executor
[0.148s] DEBUG:colcon.colcon_parallel_executor.executor.parallel:run_until_complete
[0.149s] INFO:colcon.colcon_ros.task.ament_python.build:Building ROS package in '/home/kenzy/ros2_ws/src/mypkg' with build type 'ament_python'
[0.149s] Level 1:colcon.colcon_core.shell:create_environment_hook('mypkg', 'ament_prefix_path')
[0.151s] INFO:colcon.colcon_core.plugin_system:Skipping extension 'colcon_core.shell.bat': Not used on non-Windows systems
[0.151s] INFO:colcon.colcon_core.shell:Creating environment descriptor '/home/kenzy/ros2_ws/src/install/mypkg/share/mypkg/hook/ament_prefix_path.dsv'
[0.151s] INFO:colcon.colcon_core.shell:Creating environment hook '/home/kenzy/ros2_ws/src/install/mypkg/share/mypkg/hook/ament_prefix_path.sh'
[0.152s] DEBUG:colcon.colcon_core.shell:Skip shell extension 'dsv' for command environment
[0.155s] INFO:colcon.colcon_ros.task.ament_python.build:Building ROS package in '/home/kenzy/ros2_ws/src/pkg_py' with build type 'ament_python'
[0.155s] Level 1:colcon.colcon_core.shell:create_environment_hook('pkg_py', 'ament_prefix_path')
[0.155s] INFO:colcon.colcon_core.shell:Creating environment descriptor '/home/kenzy/ros2_ws/src/install/pkg_py/share/pkg_py/hook/ament_prefix_path.dsv'
[0.155s] INFO:colcon.colcon_core.shell:Creating environment hook '/home/kenzy/ros2_ws/src/install/pkg_py/share/pkg_py/hook/ament_prefix_path.sh'
[0.156s] DEBUG:colcon.colcon_core.shell:Skip shell extension 'dsv' for command environment
[0.157s] INFO:colcon.colcon_ros.task.ament_python.build:Building ROS package in '/home/kenzy/ros2_ws/src/turtle_pkg' with build type 'ament_python'
[0.157s] Level 1:colcon.colcon_core.shell:create_environment_hook('turtle_pkg', 'ament_prefix_path')
[0.158s] INFO:colcon.colcon_core.shell:Creating environment descriptor '/home/kenzy/ros2_ws/src/install/turtle_pkg/share/turtle_pkg/hook/ament_prefix_path.dsv'
[0.158s] INFO:colcon.colcon_core.shell:Creating environment hook '/home/kenzy/ros2_ws/src/install/turtle_pkg/share/turtle_pkg/hook/ament_prefix_path.sh'
[0.158s] DEBUG:colcon.colcon_core.shell:Skip shell extension 'dsv' for command environment
[0.160s] INFO:colcon.colcon_ros.task.ament_python.build:Building ROS package in '/home/kenzy/ros2_ws/src/weather_pkg' with build type 'ament_python'
[0.161s] Level 1:colcon.colcon_core.shell:create_environment_hook('weather_pkg', 'ament_prefix_path')
[0.161s] INFO:colcon.colcon_core.shell:Creating environment descriptor '/home/kenzy/ros2_ws/src/install/weather_pkg/share/weather_pkg/hook/ament_prefix_path.dsv'
[0.161s] INFO:colcon.colcon_core.shell:Creating environment hook '/home/kenzy/ros2_ws/src/install/weather_pkg/share/weather_pkg/hook/ament_prefix_path.sh'
[0.162s] DEBUG:colcon.colcon_core.shell:Skip shell extension 'dsv' for command environment
[0.289s] INFO:colcon.colcon_core.task.python.build:Building Python package in '/home/kenzy/ros2_ws/src/mypkg'
[0.289s] DEBUG:colcon.colcon_core.shell:Skip shell extension 'dsv' for command environment
[0.412s] INFO:colcon.colcon_core.task.python.build:Building Python package in '/home/kenzy/ros2_ws/src/pkg_py'
[0.412s] DEBUG:colcon.colcon_core.shell:Skip shell extension 'dsv' for command environment
[0.533s] INFO:colcon.colcon_core.task.python.build:Building Python package in '/home/kenzy/ros2_ws/src/turtle_pkg'
[0.533s] DEBUG:colcon.colcon_core.shell:Skip shell extension 'dsv' for command environment
[0.657s] INFO:colcon.colcon_core.task.python.build:Building Python package in '/home/kenzy/ros2_ws/src/weather_pkg'
[0.657s] DEBUG:colcon.colcon_core.shell:Skip shell extension 'dsv' for command environment
[1.018s] DEBUG:colcon.colcon_core.event_handler.log_command:Invoking command in '/home/kenzy/ros2_ws/src/pkg_py': DEBUGINFOD_URLS=https://debuginfod.ubuntu.com PYTHONPATH=/home/kenzy/ros2_ws/src/build/pkg_py/prefix_override:/usr/lib/python3/dist-packages/colcon_core/task/python/colcon_distutils_commands:/home/kenzy/ros2_ws/src/install/pkg_py/lib/python3.12/site-packages:${PYTHONPATH} /usr/bin/python3 -W ignore:setup.py install is deprecated -W ignore:easy_install command is deprecated setup.py egg_info --egg-base ../build/pkg_py build --build-base /home/kenzy/ros2_ws/src/build/pkg_py/build install --record /home/kenzy/ros2_ws/src/build/pkg_py/install.log --single-version-externally-managed install_data
[1.025s] DEBUG:colcon.colcon_core.event_handler.log_command:Invoking command in '/home/kenzy/ros2_ws/src/mypkg': DEBUGINFOD_URLS=https://debuginfod.ubuntu.com PYTHONPATH=/home/kenzy/ros2_ws/src/build/mypkg/prefix_override:/usr/lib/python3/dist-packages/colcon_core/task/python/colcon_distutils_commands:/home/kenzy/ros2_ws/src/install/mypkg/lib/python3.12/site-packages:${PYTHONPATH} /usr/bin/python3 -W ignore:setup.py install is deprecated -W ignore:easy_install command is deprecated setup.py egg_info --egg-base ../build/mypkg build --build-base /home/kenzy/ros2_ws/src/build/mypkg/build install --record /home/kenzy/ros2_ws/src/build/mypkg/install.log --single-version-externally-managed install_data
[1.027s] DEBUG:colcon.colcon_core.event_handler.log_command:Invoking command in '/home/kenzy/ros2_ws/src/turtle_pkg': DEBUGINFOD_URLS=https://debuginfod.ubuntu.com PYTHONPATH=/home/kenzy/ros2_ws/src/build/turtle_pkg/prefix_override:/usr/lib/python3/dist-packages/colcon_core/task/python/colcon_distutils_commands:/home/kenzy/ros2_ws/src/install/turtle_pkg/lib/python3.12/site-packages:${PYTHONPATH} /usr/bin/python3 -W ignore:setup.py install is deprecated -W ignore:easy_install command is deprecated setup.py egg_info --egg-base ../build/turtle_pkg build --build-base /home/kenzy/ros2_ws/src/build/turtle_pkg/build install --record /home/kenzy/ros2_ws/src/build/turtle_pkg/install.log --single-version-externally-managed install_data
[1.035s] DEBUG:colcon.colcon_core.event_handler.log_command:Invoking command in '/home/kenzy/ros2_ws/src/weather_pkg': DEBUGINFOD_URLS=https://debuginfod.ubuntu.com PYTHONPATH=/home/kenzy/ros2_ws/src/build/weather_pkg/prefix_override:/usr/lib/python3/dist-packages/colcon_core/task/python/colcon_distutils_commands:/home/kenzy/ros2_ws/src/install/weather_pkg/lib/python3.12/site-packages:${PYTHONPATH} /usr/bin/python3 -W ignore:setup.py install is deprecated -W ignore:easy_install command is deprecated setup.py egg_info --egg-base ../build/weather_pkg build --build-base /home/kenzy/ros2_ws/src/build/weather_pkg/build install --record /home/kenzy/ros2_ws/src/build/weather_pkg/install.log --single-version-externally-managed install_data
[1.324s] DEBUG:colcon.colcon_core.event_handler.log_command:Invoked command in '/home/kenzy/ros2_ws/src/turtle_pkg' returned '0': DEBUGINFOD_URLS=https://debuginfod.ubuntu.com PYTHONPATH=/home/kenzy/ros2_ws/src/build/turtle_pkg/prefix_override:/usr/lib/python3/dist-packages/colcon_core/task/python/colcon_distutils_commands:/home/kenzy/ros2_ws/src/install/turtle_pkg/lib/python3.12/site-packages:${PYTHONPATH} /usr/bin/python3 -W ignore:setup.py install is deprecated -W ignore:easy_install command is deprecated setup.py egg_info --egg-base ../build/turtle_pkg build --build-base /home/kenzy/ros2_ws/src/build/turtle_pkg/build install --record /home/kenzy/ros2_ws/src/build/turtle_pkg/install.log --single-version-externally-managed install_data
[1.327s] Level 1:colcon.colcon_core.environment:checking '/home/kenzy/ros2_ws/src/install/turtle_pkg' for CMake module files
[1.327s] Level 1:colcon.colcon_core.environment:checking '/home/kenzy/ros2_ws/src/install/turtle_pkg' for CMake config files
[1.328s] Level 1:colcon.colcon_core.environment:checking '/home/kenzy/ros2_ws/src/install/turtle_pkg/lib'
[1.328s] Level 1:colcon.colcon_core.environment:checking '/home/kenzy/ros2_ws/src/install/turtle_pkg/bin'
[1.328s] Level 1:colcon.colcon_core.environment:checking '/home/kenzy/ros2_ws/src/install/turtle_pkg/lib/pkgconfig/turtle_pkg.pc'
[1.328s] Level 1:colcon.colcon_core.environment:checking '/home/kenzy/ros2_ws/src/install/turtle_pkg/lib/python3.12/site-packages'
[1.328s] Level 1:colcon.colcon_core.shell:create_environment_hook('turtle_pkg', 'pythonpath')
[1.328s] INFO:colcon.colcon_core.shell:Creating environment descriptor '/home/kenzy/ros2_ws/src/install/turtle_pkg/share/turtle_pkg/hook/pythonpath.dsv'
[1.328s] INFO:colcon.colcon_core.shell:Creating environment hook '/home/kenzy/ros2_ws/src/install/turtle_pkg/share/turtle_pkg/hook/pythonpath.sh'
[1.329s] Level 1:colcon.colcon_core.environment:checking '/home/kenzy/ros2_ws/src/install/turtle_pkg/bin'
[1.329s] Level 1:colcon.colcon_core.environment:create_environment_scripts_only(turtle_pkg)
[1.329s] INFO:colcon.colcon_core.shell:Creating package descriptor '/home/kenzy/ros2_ws/src/install/turtle_pkg/share/turtle_pkg/package.dsv'
[1.329s] INFO:colcon.colcon_core.shell:Creating package script '/home/kenzy/ros2_ws/src/install/turtle_pkg/share/turtle_pkg/package.sh'
[1.330s] INFO:colcon.colcon_core.shell:Creating package script '/home/kenzy/ros2_ws/src/install/turtle_pkg/share/turtle_pkg/package.bash'
[1.330s] INFO:colcon.colcon_core.shell:Creating package script '/home/kenzy/ros2_ws/src/install/turtle_pkg/share/turtle_pkg/package.zsh'
[1.330s] Level 1:colcon.colcon_core.environment:create_file_with_runtime_dependencies(/home/kenzy/ros2_ws/src/install/turtle_pkg/share/colcon-core/packages/turtle_pkg)
[1.333s] Level 1:colcon.colcon_core.environment:checking '/home/kenzy/ros2_ws/src/install/mypkg' for CMake module files
[1.334s] Level 1:colcon.colcon_core.environment:checking '/home/kenzy/ros2_ws/src/install/mypkg' for CMake config files
[1.334s] DEBUG:colcon.colcon_core.event_handler.log_command:Invoked command in '/home/kenzy/ros2_ws/src/mypkg' returned '0': DEBUGINFOD_URLS=https://debuginfod.ubuntu.com PYTHONPATH=/home/kenzy/ros2_ws/src/build/mypkg/prefix_override:/usr/lib/python3/dist-packages/colcon_core/task/python/colcon_distutils_commands:/home/kenzy/ros2_ws/src/install/mypkg/lib/python3.12/site-packages:${PYTHONPATH} /usr/bin/python3 -W ignore:setup.py install is deprecated -W ignore:easy_install command is deprecated setup.py egg_info --egg-base ../build/mypkg build --build-base /home/kenzy/ros2_ws/src/build/mypkg/build install --record /home/kenzy/ros2_ws/src/build/mypkg/install.log --single-version-externally-managed install_data
[1.334s] Level 1:colcon.colcon_core.environment:checking '/home/kenzy/ros2_ws/src/install/mypkg/lib'
[1.334s] Level 1:colcon.colcon_core.environment:checking '/home/kenzy/ros2_ws/src/install/mypkg/bin'
[1.334s] Level 1:colcon.colcon_core.environment:checking '/home/kenzy/ros2_ws/src/install/mypkg/lib/pkgconfig/mypkg.pc'
[1.335s] Level 1:colcon.colcon_core.environment:checking '/home/kenzy/ros2_ws/src/install/mypkg/lib/python3.12/site-packages'
[1.335s] Level 1:colcon.colcon_core.shell:create_environment_hook('mypkg', 'pythonpath')
[1.335s] INFO:colcon.colcon_core.shell:Creating environment descriptor '/home/kenzy/ros2_ws/src/install/mypkg/share/mypkg/hook/pythonpath.dsv'
[1.335s] INFO:colcon.colcon_core.shell:Creating environment hook '/home/kenzy/ros2_ws/src/install/mypkg/share/mypkg/hook/pythonpath.sh'
[1.336s] Level 1:colcon.colcon_core.environment:checking '/home/kenzy/ros2_ws/src/install/mypkg/bin'
[1.336s] Level 1:colcon.colcon_core.environment:create_environment_scripts_only(mypkg)
[1.336s] INFO:colcon.colcon_core.shell:Creating package descriptor '/home/kenzy/ros2_ws/src/install/mypkg/share/mypkg/package.dsv'
[1.337s] INFO:colcon.colcon_core.shell:Creating package script '/home/kenzy/ros2_ws/src/install/mypkg/share/mypkg/package.sh'
[1.337s] INFO:colcon.colcon_core.shell:Creating package script '/home/kenzy/ros2_ws/src/install/mypkg/share/mypkg/package.bash'
[1.337s] INFO:colcon.colcon_core.shell:Creating package script '/home/kenzy/ros2_ws/src/install/mypkg/share/mypkg/package.zsh'
[1.338s] Level 1:colcon.colcon_core.environment:create_file_with_runtime_dependencies(/home/kenzy/ros2_ws/src/install/mypkg/share/colcon-core/packages/mypkg)
[1.339s] Level 1:colcon.colcon_core.environment:checking '/home/kenzy/ros2_ws/src/install/weather_pkg' for CMake module files
[1.339s] DEBUG:colcon.colcon_core.event_handler.log_command:Invoked command in '/home/kenzy/ros2_ws/src/weather_pkg' returned '0': DEBUGINFOD_URLS=https://debuginfod.ubuntu.com PYTHONPATH=/home/kenzy/ros2_ws/src/build/weather_pkg/prefix_override:/usr/lib/python3/dist-packages/colcon_core/task/python/colcon_distutils_commands:/home/kenzy/ros2_ws/src/install/weather_pkg/lib/python3.12/site-packages:${PYTHONPATH} /usr/bin/python3 -W ignore:setup.py install is deprecated -W ignore:easy_install command is deprecated setup.py egg_info --egg-base ../build/weather_pkg build --build-base /home/kenzy/ros2_ws/src/build/weather_pkg/build install --record /home/kenzy/ros2_ws/src/build/weather_pkg/install.log --single-version-externally-managed install_data
[1.340s] Level 1:colcon.colcon_core.environment:checking '/home/kenzy/ros2_ws/src/install/weather_pkg' for CMake config files
[1.340s] Level 1:colcon.colcon_core.environment:checking '/home/kenzy/ros2_ws/src/install/weather_pkg/lib'
[1.340s] Level 1:colcon.colcon_core.environment:checking '/home/kenzy/ros2_ws/src/install/weather_pkg/bin'
[1.340s] Level 1:colcon.colcon_core.environment:checking '/home/kenzy/ros2_ws/src/install/weather_pkg/lib/pkgconfig/weather_pkg.pc'
[1.340s] Level 1:colcon.colcon_core.environment:checking '/home/kenzy/ros2_ws/src/install/weather_pkg/lib/python3.12/site-packages'
[1.341s] Level 1:colcon.colcon_core.shell:create_environment_hook('weather_pkg', 'pythonpath')
[1.341s] INFO:colcon.colcon_core.shell:Creating environment descriptor '/home/kenzy/ros2_ws/src/install/weather_pkg/share/weather_pkg/hook/pythonpath.dsv'
[1.341s] INFO:colcon.colcon_core.shell:Creating environment hook '/home/kenzy/ros2_ws/src/install/weather_pkg/share/weather_pkg/hook/pythonpath.sh'
[1.341s] Level 1:colcon.colcon_core.environment:checking '/home/kenzy/ros2_ws/src/install/weather_pkg/bin'
[1.341s] Level 1:colcon.colcon_core.environment:create_environment_scripts_only(weather_pkg)
[1.341s] INFO:colcon.colcon_core.shell:Creating package descriptor '/home/kenzy/ros2_ws/src/install/weather_pkg/share/weather_pkg/package.dsv'
[1.342s] INFO:colcon.colcon_core.shell:Creating package script '/home/kenzy/ros2_ws/src/install/weather_pkg/share/weather_pkg/package.sh'
[1.342s] INFO:colcon.colcon_core.shell:Creating package script '/home/kenzy/ros2_ws/src/install/weather_pkg/share/weather_pkg/package.bash'
[1.342s] INFO:colcon.colcon_core.shell:Creating package script '/home/kenzy/ros2_ws/src/install/weather_pkg/share/weather_pkg/package.zsh'
[1.342s] Level 1:colcon.colcon_core.environment:create_file_with_runtime_dependencies(/home/kenzy/ros2_ws/src/install/weather_pkg/share/colcon-core/packages/weather_pkg)
[1.370s] Level 1:colcon.colcon_core.environment:checking '/home/kenzy/ros2_ws/src/install/pkg_py' for CMake module files
[1.371s] DEBUG:colcon.colcon_core.event_handler.log_command:Invoked command in '/home/kenzy/ros2_ws/src/pkg_py' returned '0': DEBUGINFOD_URLS=https://debuginfod.ubuntu.com PYTHONPATH=/home/kenzy/ros2_ws/src/build/pkg_py/prefix_override:/usr/lib/python3/dist-packages/colcon_core/task/python/colcon_distutils_commands:/home/kenzy/ros2_ws/src/install/pkg_py/lib/python3.12/site-packages:${PYTHONPATH} /usr/bin/python3 -W ignore:setup.py install is deprecated -W ignore:easy_install command is deprecated setup.py egg_info --egg-base ../build/pkg_py build --build-base /home/kenzy/ros2_ws/src/build/pkg_py/build install --record /home/kenzy/ros2_ws/src/build/pkg_py/install.log --single-version-externally-managed install_data
[1.372s] Level 1:colcon.colcon_core.environment:checking '/home/kenzy/ros2_ws/src/install/pkg_py' for CMake config files
[1.372s] Level 1:colcon.colcon_core.environment:checking '/home/kenzy/ros2_ws/src/install/pkg_py/lib'
[1.372s] Level 1:colcon.colcon_core.environment:checking '/home/kenzy/ros2_ws/src/install/pkg_py/bin'
[1.372s] Level 1:colcon.colcon_core.environment:checking '/home/kenzy/ros2_ws/src/install/pkg_py/lib/pkgconfig/pkg_py.pc'
[1.372s] Level 1:colcon.colcon_core.environment:checking '/home/kenzy/ros2_ws/src/install/pkg_py/lib/python3.12/site-packages'
[1.373s] Level 1:colcon.colcon_core.shell:create_environment_hook('pkg_py', 'pythonpath')
[1.373s] INFO:colcon.colcon_core.shell:Creating environment descriptor '/home/kenzy/ros2_ws/src/install/pkg_py/share/pkg_py/hook/pythonpath.dsv'
[1.373s] INFO:colcon.colcon_core.shell:Creating environment hook '/home/kenzy/ros2_ws/src/install/pkg_py/share/pkg_py/hook/pythonpath.sh'
[1.374s] Level 1:colcon.colcon_core.environment:checking '/home/kenzy/ros2_ws/src/install/pkg_py/bin'
[1.374s] Level 1:colcon.colcon_core.environment:create_environment_scripts_only(pkg_py)
[1.374s] INFO:colcon.colcon_core.shell:Creating package descriptor '/home/kenzy/ros2_ws/src/install/pkg_py/share/pkg_py/package.dsv'
[1.375s] INFO:colcon.colcon_core.shell:Creating package script '/home/kenzy/ros2_ws/src/install/pkg_py/share/pkg_py/package.sh'
[1.375s] INFO:colcon.colcon_core.shell:Creating package script '/home/kenzy/ros2_ws/src/install/pkg_py/share/pkg_py/package.bash'
[1.375s] INFO:colcon.colcon_core.shell:Creating package script '/home/kenzy/ros2_ws/src/install/pkg_py/share/pkg_py/package.zsh'
[1.375s] Level 1:colcon.colcon_core.environment:create_file_with_runtime_dependencies(/home/kenzy/ros2_ws/src/install/pkg_py/share/colcon-core/packages/pkg_py)
[1.376s] DEBUG:colcon.colcon_parallel_executor.executor.parallel:closing loop
[1.376s] DEBUG:colcon.colcon_parallel_executor.executor.parallel:loop closed
[1.376s] DEBUG:colcon.colcon_parallel_executor.executor.parallel:run_until_complete finished with '0'
[1.376s] DEBUG:colcon.colcon_core.event_reactor:joining thread
[1.382s] INFO:colcon.colcon_core.plugin_system:Skipping extension 'colcon_notification.desktop_notification.terminal_notifier': Not used on non-Darwin systems
[1.382s] INFO:colcon.colcon_core.plugin_system:Skipping extension 'colcon_notification.desktop_notification.win32': Not used on non-Windows systems
[1.382s] INFO:colcon.colcon_notification.desktop_notification:Sending desktop notification using 'notify2'
[1.399s] DEBUG:colcon.colcon_core.event_reactor:joined thread
[1.399s] INFO:colcon.colcon_core.shell:Creating prefix script '/home/kenzy/ros2_ws/src/install/local_setup.sh'
[1.400s] INFO:colcon.colcon_core.shell:Creating prefix util module '/home/kenzy/ros2_ws/src/install/_local_setup_util_sh.py'
[1.401s] INFO:colcon.colcon_core.shell:Creating prefix chain script '/home/kenzy/ros2_ws/src/install/setup.sh'
[1.404s] INFO:colcon.colcon_core.shell:Creating prefix script '/home/kenzy/ros2_ws/src/install/local_setup.bash'
[1.404s] INFO:colcon.colcon_core.shell:Creating prefix chain script '/home/kenzy/ros2_ws/src/install/setup.bash'
[1.405s] INFO:colcon.colcon_core.shell:Creating prefix script '/home/kenzy/ros2_ws/src/install/local_setup.zsh'
[1.405s] INFO:colcon.colcon_core.shell:Creating prefix chain script '/home/kenzy/ros2_ws/src/install/setup.zsh'
