[0.848s] Invoking command in '/home/kenzy/ros2_ws/src/turtle_pkgnew': DEBUGINFOD_URLS=https://debuginfod.ubuntu.com PYTHONPATH=/home/kenzy/ros2_ws/build/turtle_pkgnew/prefix_override:/usr/lib/python3/dist-packages/colcon_core/task/python/colcon_distutils_commands:/home/kenzy/ros2_ws/install/turtle_pkgnew/lib/python3.12/site-packages:${PYTHONPATH} /usr/bin/python3 -W ignore:setup.py install is deprecated -W ignore:easy_install command is deprecated setup.py egg_info --egg-base ../../build/turtle_pkgnew build --build-base /home/kenzy/ros2_ws/build/turtle_pkgnew/build install --record /home/kenzy/ros2_ws/build/turtle_pkgnew/install.log --single-version-externally-managed install_data
[1.123s] running egg_info
[1.140s] writing ../../build/turtle_pkgnew/turtle_pkgnew.egg-info/PKG-INFO
[1.140s] writing dependency_links to ../../build/turtle_pkgnew/turtle_pkgnew.egg-info/dependency_links.txt
[1.141s] writing entry points to ../../build/turtle_pkgnew/turtle_pkgnew.egg-info/entry_points.txt
[1.141s] writing requirements to ../../build/turtle_pkgnew/turtle_pkgnew.egg-info/requires.txt
[1.141s] writing top-level names to ../../build/turtle_pkgnew/turtle_pkgnew.egg-info/top_level.txt
[1.176s] reading manifest file '../../build/turtle_pkgnew/turtle_pkgnew.egg-info/SOURCES.txt'
[1.178s] writing manifest file '../../build/turtle_pkgnew/turtle_pkgnew.egg-info/SOURCES.txt'
[1.178s] running build
[1.178s] running build_py
[1.178s] copying turtle_pkgnew/turtle_chase.py -> /home/kenzy/ros2_ws/build/turtle_pkgnew/build/lib/turtle_pkgnew
[1.179s] running install
[1.186s] running install_lib
[1.204s] copying /home/kenzy/ros2_ws/build/turtle_pkgnew/build/lib/turtle_pkgnew/turtle_chase.py -> /home/kenzy/ros2_ws/install/turtle_pkgnew/lib/python3.12/site-packages/turtle_pkgnew
[1.204s] byte-compiling /home/kenzy/ros2_ws/install/turtle_pkgnew/lib/python3.12/site-packages/turtle_pkgnew/turtle_chase.py to turtle_chase.cpython-312.pyc
[1.206s] running install_data
[1.206s] copying package.xml -> /home/kenzy/ros2_ws/install/turtle_pkgnew/share/turtle_pkgnew
[1.206s] running install_egg_info
[1.225s] removing '/home/kenzy/ros2_ws/install/turtle_pkgnew/lib/python3.12/site-packages/turtle_pkgnew-0.0.0-py3.12.egg-info' (and everything under it)
[1.225s] Copying ../../build/turtle_pkgnew/turtle_pkgnew.egg-info to /home/kenzy/ros2_ws/install/turtle_pkgnew/lib/python3.12/site-packages/turtle_pkgnew-0.0.0-py3.12.egg-info
[1.226s] running install_scripts
[1.351s] Installing turtle_chase script to /home/kenzy/ros2_ws/install/turtle_pkgnew/lib/turtle_pkgnew
[1.352s] writing list of installed files to '/home/kenzy/ros2_ws/build/turtle_pkgnew/install.log'
[1.381s] Invoked command in '/home/kenzy/ros2_ws/src/turtle_pkgnew' returned '0': DEBUGINFOD_URLS=https://debuginfod.ubuntu.com PYTHONPATH=/home/kenzy/ros2_ws/build/turtle_pkgnew/prefix_override:/usr/lib/python3/dist-packages/colcon_core/task/python/colcon_distutils_commands:/home/kenzy/ros2_ws/install/turtle_pkgnew/lib/python3.12/site-packages:${PYTHONPATH} /usr/bin/python3 -W ignore:setup.py install is deprecated -W ignore:easy_install command is deprecated setup.py egg_info --egg-base ../../build/turtle_pkgnew build --build-base /home/kenzy/ros2_ws/build/turtle_pkgnew/build install --record /home/kenzy/ros2_ws/build/turtle_pkgnew/install.log --single-version-externally-managed install_data
