[1.566s] Invoking command in '/home/kenzy/ros2_ws/src/turtle_pkg': DEBUGINFOD_URLS=https://debuginfod.ubuntu.com PYTHONPATH=/home/kenzy/ros2_ws/build/turtle_pkg/prefix_override:/usr/lib/python3/dist-packages/colcon_core/task/python/colcon_distutils_commands:/home/kenzy/ros2_ws/install/turtle_pkg/lib/python3.12/site-packages:${PYTHONPATH} /usr/bin/python3 -W ignore:setup.py install is deprecated -W ignore:easy_install command is deprecated setup.py egg_info --egg-base ../../build/turtle_pkg build --build-base /home/kenzy/ros2_ws/build/turtle_pkg/build install --record /home/kenzy/ros2_ws/build/turtle_pkg/install.log --single-version-externally-managed install_data
[1.840s] running egg_info
[1.857s] writing ../../build/turtle_pkg/turtle_pkg.egg-info/PKG-INFO
[1.857s] writing dependency_links to ../../build/turtle_pkg/turtle_pkg.egg-info/dependency_links.txt
[1.857s] writing entry points to ../../build/turtle_pkg/turtle_pkg.egg-info/entry_points.txt
[1.858s] writing requirements to ../../build/turtle_pkg/turtle_pkg.egg-info/requires.txt
[1.858s] writing top-level names to ../../build/turtle_pkg/turtle_pkg.egg-info/top_level.txt
[1.893s] reading manifest file '../../build/turtle_pkg/turtle_pkg.egg-info/SOURCES.txt'
[1.893s] writing manifest file '../../build/turtle_pkg/turtle_pkg.egg-info/SOURCES.txt'
[1.894s] running build
[1.894s] running build_py
[1.894s] running install
[1.901s] running install_lib
[1.919s] running install_data
[1.919s] running install_egg_info
[1.938s] removing '/home/kenzy/ros2_ws/install/turtle_pkg/lib/python3.12/site-packages/turtle_pkg-0.0.0-py3.12.egg-info' (and everything under it)
[1.939s] Copying ../../build/turtle_pkg/turtle_pkg.egg-info to /home/kenzy/ros2_ws/install/turtle_pkg/lib/python3.12/site-packages/turtle_pkg-0.0.0-py3.12.egg-info
[1.939s] running install_scripts
[2.064s] Installing turtle_node script to /home/kenzy/ros2_ws/install/turtle_pkg/lib/turtle_pkg
[2.065s] writing list of installed files to '/home/kenzy/ros2_ws/build/turtle_pkg/install.log'
[2.110s] Invoked command in '/home/kenzy/ros2_ws/src/turtle_pkg' returned '0': DEBUGINFOD_URLS=https://debuginfod.ubuntu.com PYTHONPATH=/home/kenzy/ros2_ws/build/turtle_pkg/prefix_override:/usr/lib/python3/dist-packages/colcon_core/task/python/colcon_distutils_commands:/home/kenzy/ros2_ws/install/turtle_pkg/lib/python3.12/site-packages:${PYTHONPATH} /usr/bin/python3 -W ignore:setup.py install is deprecated -W ignore:easy_install command is deprecated setup.py egg_info --egg-base ../../build/turtle_pkg build --build-base /home/kenzy/ros2_ws/build/turtle_pkg/build install --record /home/kenzy/ros2_ws/build/turtle_pkg/install.log --single-version-externally-managed install_data
