[1.666s] Invoking command in '/home/kenzy/ros2_ws/src/pkg_py': DEBUGINFOD_URLS=https://debuginfod.ubuntu.com PYTHONPATH=/home/kenzy/ros2_ws/build/pkg_py/prefix_override:/usr/lib/python3/dist-packages/colcon_core/task/python/colcon_distutils_commands:/home/kenzy/ros2_ws/install/pkg_py/lib/python3.12/site-packages:${PYTHONPATH} /usr/bin/python3 -W ignore:setup.py install is deprecated -W ignore:easy_install command is deprecated setup.py egg_info --egg-base ../../build/pkg_py build --build-base /home/kenzy/ros2_ws/build/pkg_py/build install --record /home/kenzy/ros2_ws/build/pkg_py/install.log --single-version-externally-managed install_data
[1.955s] running egg_info
[1.972s] writing ../../build/pkg_py/pkg_py.egg-info/PKG-INFO
[1.973s] writing dependency_links to ../../build/pkg_py/pkg_py.egg-info/dependency_links.txt
[1.973s] writing entry points to ../../build/pkg_py/pkg_py.egg-info/entry_points.txt
[1.974s] writing requirements to ../../build/pkg_py/pkg_py.egg-info/requires.txt
[1.974s] writing top-level names to ../../build/pkg_py/pkg_py.egg-info/top_level.txt
[2.009s] reading manifest file '../../build/pkg_py/pkg_py.egg-info/SOURCES.txt'
[2.010s] writing manifest file '../../build/pkg_py/pkg_py.egg-info/SOURCES.txt'
[2.010s] running build
[2.010s] running build_py
[2.011s] running install
[2.018s] running install_lib
[2.037s] running install_data
[2.037s] running install_egg_info
[2.056s] removing '/home/kenzy/ros2_ws/install/pkg_py/lib/python3.12/site-packages/pkg_py-0.0.0-py3.12.egg-info' (and everything under it)
[2.057s] Copying ../../build/pkg_py/pkg_py.egg-info to /home/kenzy/ros2_ws/install/pkg_py/lib/python3.12/site-packages/pkg_py-0.0.0-py3.12.egg-info
[2.057s] running install_scripts
[2.188s] Installing timer_node script to /home/kenzy/ros2_ws/install/pkg_py/lib/pkg_py
[2.189s] writing list of installed files to '/home/kenzy/ros2_ws/build/pkg_py/install.log'
[2.241s] Invoked command in '/home/kenzy/ros2_ws/src/pkg_py' returned '0': DEBUGINFOD_URLS=https://debuginfod.ubuntu.com PYTHONPATH=/home/kenzy/ros2_ws/build/pkg_py/prefix_override:/usr/lib/python3/dist-packages/colcon_core/task/python/colcon_distutils_commands:/home/kenzy/ros2_ws/install/pkg_py/lib/python3.12/site-packages:${PYTHONPATH} /usr/bin/python3 -W ignore:setup.py install is deprecated -W ignore:easy_install command is deprecated setup.py egg_info --egg-base ../../build/pkg_py build --build-base /home/kenzy/ros2_ws/build/pkg_py/build install --record /home/kenzy/ros2_ws/build/pkg_py/install.log --single-version-externally-managed install_data
