running egg_info
writing ../../build/turtle_pkgnew/turtle_pkgnew.egg-info/PKG-INFO
writing dependency_links to ../../build/turtle_pkgnew/turtle_pkgnew.egg-info/dependency_links.txt
writing entry points to ../../build/turtle_pkgnew/turtle_pkgnew.egg-info/entry_points.txt
writing requirements to ../../build/turtle_pkgnew/turtle_pkgnew.egg-info/requires.txt
writing top-level names to ../../build/turtle_pkgnew/turtle_pkgnew.egg-info/top_level.txt
reading manifest file '../../build/turtle_pkgnew/turtle_pkgnew.egg-info/SOURCES.txt'
writing manifest file '../../build/turtle_pkgnew/turtle_pkgnew.egg-info/SOURCES.txt'
running build
running build_py
running install
running install_lib
running install_data
creating /home/kenzy/ros2_ws/install/turtle_pkgnew/share/turtle_pkgnew/launch
copying launch/turtle_chase_launch.py -> /home/kenzy/ros2_ws/install/turtle_pkgnew/share/turtle_pkgnew/launch
running install_egg_info
removing '/home/kenzy/ros2_ws/install/turtle_pkgnew/lib/python3.12/site-packages/turtle_pkgnew-0.0.0-py3.12.egg-info' (and everything under it)
Copying ../../build/turtle_pkgnew/turtle_pkgnew.egg-info to /home/kenzy/ros2_ws/install/turtle_pkgnew/lib/python3.12/site-packages/turtle_pkgnew-0.0.0-py3.12.egg-info
running install_scripts
Installing turtle_chase script to /home/kenzy/ros2_ws/install/turtle_pkgnew/lib/turtle_pkgnew
writing list of installed files to '/home/kenzy/ros2_ws/build/turtle_pkgnew/install.log'
