[1.951s] Invoking command in '/home/kenzy/ros2_ws/build/weather_pkg': DEBUGINFOD_URLS=https://debuginfod.ubuntu.com PYTHONPATH=/home/kenzy/ros2_ws/build/weather_pkg/prefix_override:/usr/lib/python3/dist-packages/colcon_core/task/python/colcon_distutils_commands:/home/kenzy/ros2_ws/install/weather_pkg/lib/python3.12/site-packages:${PYTHONPATH} /usr/bin/python3 -W ignore:setup.py install is deprecated -W ignore:easy_install command is deprecated setup.py develop --editable --build-directory /home/kenzy/ros2_ws/build/weather_pkg/build --no-deps symlink_data
[2.500s] running develop
[2.798s] running egg_info
[2.798s] creating weather_pkg.egg-info
[2.826s] writing weather_pkg.egg-info/PKG-INFO
[2.827s] writing dependency_links to weather_pkg.egg-info/dependency_links.txt
[2.827s] writing entry points to weather_pkg.egg-info/entry_points.txt
[2.827s] writing requirements to weather_pkg.egg-info/requires.txt
[2.828s] writing top-level names to weather_pkg.egg-info/top_level.txt
[2.828s] writing manifest file 'weather_pkg.egg-info/SOURCES.txt'
[2.886s] reading manifest file 'weather_pkg.egg-info/SOURCES.txt'
[2.887s] writing manifest file 'weather_pkg.egg-info/SOURCES.txt'
[2.919s] running build_ext
[2.919s] Creating /home/kenzy/ros2_ws/install/weather_pkg/lib/python3.12/site-packages/weather-pkg.egg-link (link to .)
[2.921s] Installing humidity_node script to /home/kenzy/ros2_ws/install/weather_pkg/lib/weather_pkg
[2.921s] Installing monitor_node script to /home/kenzy/ros2_ws/install/weather_pkg/lib/weather_pkg
[2.921s] Installing pressure_node script to /home/kenzy/ros2_ws/install/weather_pkg/lib/weather_pkg
[2.921s] Installing temperature_node script to /home/kenzy/ros2_ws/install/weather_pkg/lib/weather_pkg
[2.922s] 
[2.922s] Installed /home/kenzy/ros2_ws/build/weather_pkg
[2.922s] running symlink_data
[2.922s] creating /home/kenzy/ros2_ws/install/weather_pkg/share/ament_index
[2.923s] creating /home/kenzy/ros2_ws/install/weather_pkg/share/ament_index/resource_index
[2.923s] creating /home/kenzy/ros2_ws/install/weather_pkg/share/ament_index/resource_index/packages
[2.923s] symbolically linking /home/kenzy/ros2_ws/build/weather_pkg/resource/weather_pkg -> /home/kenzy/ros2_ws/install/weather_pkg/share/ament_index/resource_index/packages
[2.923s] symbolically linking /home/kenzy/ros2_ws/build/weather_pkg/package.xml -> /home/kenzy/ros2_ws/install/weather_pkg/share/weather_pkg
[3.019s] Invoked command in '/home/kenzy/ros2_ws/build/weather_pkg' returned '0': DEBUGINFOD_URLS=https://debuginfod.ubuntu.com PYTHONPATH=/home/kenzy/ros2_ws/build/weather_pkg/prefix_override:/usr/lib/python3/dist-packages/colcon_core/task/python/colcon_distutils_commands:/home/kenzy/ros2_ws/install/weather_pkg/lib/python3.12/site-packages:${PYTHONPATH} /usr/bin/python3 -W ignore:setup.py install is deprecated -W ignore:easy_install command is deprecated setup.py develop --editable --build-directory /home/kenzy/ros2_ws/build/weather_pkg/build --no-deps symlink_data
