running develop
Removing /home/kenzy/ros2_ws/install/pkg_py/lib/python3.12/site-packages/pkg-py.egg-link (link to .)
running egg_info
writing ../../build/pkg_py/pkg_py.egg-info/PKG-INFO
writing dependency_links to ../../build/pkg_py/pkg_py.egg-info/dependency_links.txt
writing entry points to ../../build/pkg_py/pkg_py.egg-info/entry_points.txt
writing requirements to ../../build/pkg_py/pkg_py.egg-info/requires.txt
writing top-level names to ../../build/pkg_py/pkg_py.egg-info/top_level.txt
reading manifest file '../../build/pkg_py/pkg_py.egg-info/SOURCES.txt'
writing manifest file '../../build/pkg_py/pkg_py.egg-info/SOURCES.txt'
running build
running build_py
creating /home/kenzy/ros2_ws/build/pkg_py/build
creating /home/kenzy/ros2_ws/build/pkg_py/build/lib
creating /home/kenzy/ros2_ws/build/pkg_py/build/lib/pkg_py
copying pkg_py/timer_node.py -> /home/kenzy/ros2_ws/build/pkg_py/build/lib/pkg_py
copying pkg_py/_init_.py -> /home/kenzy/ros2_ws/build/pkg_py/build/lib/pkg_py
copying pkg_py/__init__.py -> /home/kenzy/ros2_ws/build/pkg_py/build/lib/pkg_py
running install
running install_lib
creating /home/kenzy/ros2_ws/install/pkg_py/lib/python3.12/site-packages/pkg_py
copying /home/kenzy/ros2_ws/build/pkg_py/build/lib/pkg_py/timer_node.py -> /home/kenzy/ros2_ws/install/pkg_py/lib/python3.12/site-packages/pkg_py
copying /home/kenzy/ros2_ws/build/pkg_py/build/lib/pkg_py/_init_.py -> /home/kenzy/ros2_ws/install/pkg_py/lib/python3.12/site-packages/pkg_py
copying /home/kenzy/ros2_ws/build/pkg_py/build/lib/pkg_py/__init__.py -> /home/kenzy/ros2_ws/install/pkg_py/lib/python3.12/site-packages/pkg_py
byte-compiling /home/kenzy/ros2_ws/install/pkg_py/lib/python3.12/site-packages/pkg_py/timer_node.py to timer_node.cpython-312.pyc
byte-compiling /home/kenzy/ros2_ws/install/pkg_py/lib/python3.12/site-packages/pkg_py/_init_.py to _init_.cpython-312.pyc
byte-compiling /home/kenzy/ros2_ws/install/pkg_py/lib/python3.12/site-packages/pkg_py/__init__.py to __init__.cpython-312.pyc
running install_data
copying resource/pkg_py -> /home/kenzy/ros2_ws/install/pkg_py/share/ament_index/resource_index/packages
copying package.xml -> /home/kenzy/ros2_ws/install/pkg_py/share/pkg_py
running install_egg_info
Copying ../../build/pkg_py/pkg_py.egg-info to /home/kenzy/ros2_ws/install/pkg_py/lib/python3.12/site-packages/pkg_py-0.0.0-py3.12.egg-info
running install_scripts
Installing timer_node script to /home/kenzy/ros2_ws/install/pkg_py/lib/pkg_py
writing list of installed files to '/home/kenzy/ros2_ws/build/pkg_py/install.log'
