[1.769s] Invoking command in '/home/kenzy/ros2_ws/build/pkg_py': DEBUGINFOD_URLS=https://debuginfod.ubuntu.com PYTHONPATH=/home/kenzy/ros2_ws/build/pkg_py/prefix_override:/usr/lib/python3/dist-packages/colcon_core/task/python/colcon_distutils_commands:/home/kenzy/ros2_ws/install/pkg_py/lib/python3.12/site-packages:${PYTHONPATH} /usr/bin/python3 -W ignore:setup.py install is deprecated -W ignore:easy_install command is deprecated setup.py develop --uninstall --editable --build-directory /home/kenzy/ros2_ws/build/pkg_py/build
[2.090s] running develop
[2.272s] Removing /home/kenzy/ros2_ws/install/pkg_py/lib/python3.12/site-packages/pkg-py.egg-link (link to .)
[2.331s] Invoked command in '/home/kenzy/ros2_ws/build/pkg_py' returned '0': DEBUGINFOD_URLS=https://debuginfod.ubuntu.com PYTHONPATH=/home/kenzy/ros2_ws/build/pkg_py/prefix_override:/usr/lib/python3/dist-packages/colcon_core/task/python/colcon_distutils_commands:/home/kenzy/ros2_ws/install/pkg_py/lib/python3.12/site-packages:${PYTHONPATH} /usr/bin/python3 -W ignore:setup.py install is deprecated -W ignore:easy_install command is deprecated setup.py develop --uninstall --editable --build-directory /home/kenzy/ros2_ws/build/pkg_py/build
[2.332s] Invoking command in '/home/kenzy/ros2_ws/src/pkg_py': DEBUGINFOD_URLS=https://debuginfod.ubuntu.com PYTHONPATH=/home/kenzy/ros2_ws/build/pkg_py/prefix_override:/usr/lib/python3/dist-packages/colcon_core/task/python/colcon_distutils_commands:/home/kenzy/ros2_ws/install/pkg_py/lib/python3.12/site-packages:${PYTHONPATH} /usr/bin/python3 -W ignore:setup.py install is deprecated -W ignore:easy_install command is deprecated setup.py egg_info --egg-base ../../build/pkg_py build --build-base /home/kenzy/ros2_ws/build/pkg_py/build install --record /home/kenzy/ros2_ws/build/pkg_py/install.log --single-version-externally-managed install_data --force
[2.613s] running egg_info
[2.630s] writing ../../build/pkg_py/pkg_py.egg-info/PKG-INFO
[2.630s] writing dependency_links to ../../build/pkg_py/pkg_py.egg-info/dependency_links.txt
[2.630s] writing entry points to ../../build/pkg_py/pkg_py.egg-info/entry_points.txt
[2.631s] writing requirements to ../../build/pkg_py/pkg_py.egg-info/requires.txt
[2.631s] writing top-level names to ../../build/pkg_py/pkg_py.egg-info/top_level.txt
[2.665s] reading manifest file '../../build/pkg_py/pkg_py.egg-info/SOURCES.txt'
[2.667s] writing manifest file '../../build/pkg_py/pkg_py.egg-info/SOURCES.txt'
[2.667s] running build
[2.667s] running build_py
[2.667s] creating /home/kenzy/ros2_ws/build/pkg_py/build
[2.668s] creating /home/kenzy/ros2_ws/build/pkg_py/build/lib
[2.668s] creating /home/kenzy/ros2_ws/build/pkg_py/build/lib/pkg_py
[2.668s] copying pkg_py/timer_node.py -> /home/kenzy/ros2_ws/build/pkg_py/build/lib/pkg_py
[2.668s] copying pkg_py/_init_.py -> /home/kenzy/ros2_ws/build/pkg_py/build/lib/pkg_py
[2.668s] copying pkg_py/__init__.py -> /home/kenzy/ros2_ws/build/pkg_py/build/lib/pkg_py
[2.669s] running install
[2.675s] running install_lib
[2.692s] creating /home/kenzy/ros2_ws/install/pkg_py/lib/python3.12/site-packages/pkg_py
[2.692s] copying /home/kenzy/ros2_ws/build/pkg_py/build/lib/pkg_py/timer_node.py -> /home/kenzy/ros2_ws/install/pkg_py/lib/python3.12/site-packages/pkg_py
[2.693s] copying /home/kenzy/ros2_ws/build/pkg_py/build/lib/pkg_py/_init_.py -> /home/kenzy/ros2_ws/install/pkg_py/lib/python3.12/site-packages/pkg_py
[2.693s] copying /home/kenzy/ros2_ws/build/pkg_py/build/lib/pkg_py/__init__.py -> /home/kenzy/ros2_ws/install/pkg_py/lib/python3.12/site-packages/pkg_py
[2.693s] byte-compiling /home/kenzy/ros2_ws/install/pkg_py/lib/python3.12/site-packages/pkg_py/timer_node.py to timer_node.cpython-312.pyc
[2.694s] byte-compiling /home/kenzy/ros2_ws/install/pkg_py/lib/python3.12/site-packages/pkg_py/_init_.py to _init_.cpython-312.pyc
[2.694s] byte-compiling /home/kenzy/ros2_ws/install/pkg_py/lib/python3.12/site-packages/pkg_py/__init__.py to __init__.cpython-312.pyc
[2.694s] running install_data
[2.695s] copying resource/pkg_py -> /home/kenzy/ros2_ws/install/pkg_py/share/ament_index/resource_index/packages
[2.696s] copying package.xml -> /home/kenzy/ros2_ws/install/pkg_py/share/pkg_py
[2.696s] running install_egg_info
[2.714s] Copying ../../build/pkg_py/pkg_py.egg-info to /home/kenzy/ros2_ws/install/pkg_py/lib/python3.12/site-packages/pkg_py-0.0.0-py3.12.egg-info
[2.715s] running install_scripts
[2.841s] Installing timer_node script to /home/kenzy/ros2_ws/install/pkg_py/lib/pkg_py
[2.841s] writing list of installed files to '/home/kenzy/ros2_ws/build/pkg_py/install.log'
[2.889s] Invoked command in '/home/kenzy/ros2_ws/src/pkg_py' returned '0': DEBUGINFOD_URLS=https://debuginfod.ubuntu.com PYTHONPATH=/home/kenzy/ros2_ws/build/pkg_py/prefix_override:/usr/lib/python3/dist-packages/colcon_core/task/python/colcon_distutils_commands:/home/kenzy/ros2_ws/install/pkg_py/lib/python3.12/site-packages:${PYTHONPATH} /usr/bin/python3 -W ignore:setup.py install is deprecated -W ignore:easy_install command is deprecated setup.py egg_info --egg-base ../../build/pkg_py build --build-base /home/kenzy/ros2_ws/build/pkg_py/build install --record /home/kenzy/ros2_ws/build/pkg_py/install.log --single-version-externally-managed install_data --force
