[1.939s] Invoking command in '/home/kenzy/ros2_ws/build/turtle_pkg': DEBUGINFOD_URLS=https://debuginfod.ubuntu.com PYTHONPATH=/home/kenzy/ros2_ws/build/turtle_pkg/prefix_override:/usr/lib/python3/dist-packages/colcon_core/task/python/colcon_distutils_commands:/home/kenzy/ros2_ws/install/turtle_pkg/lib/python3.12/site-packages:${PYTHONPATH} /usr/bin/python3 -W ignore:setup.py install is deprecated -W ignore:easy_install command is deprecated setup.py develop --editable --build-directory /home/kenzy/ros2_ws/build/turtle_pkg/build --no-deps symlink_data
[2.489s] running develop
[2.789s] running egg_info
[2.790s] creating turtle_pkg.egg-info
[2.819s] writing turtle_pkg.egg-info/PKG-INFO
[2.820s] writing dependency_links to turtle_pkg.egg-info/dependency_links.txt
[2.820s] writing entry points to turtle_pkg.egg-info/entry_points.txt
[2.820s] writing requirements to turtle_pkg.egg-info/requires.txt
[2.820s] writing top-level names to turtle_pkg.egg-info/top_level.txt
[2.820s] writing manifest file 'turtle_pkg.egg-info/SOURCES.txt'
[2.878s] reading manifest file 'turtle_pkg.egg-info/SOURCES.txt'
[2.879s] writing manifest file 'turtle_pkg.egg-info/SOURCES.txt'
[2.909s] running build_ext
[2.909s] Creating /home/kenzy/ros2_ws/install/turtle_pkg/lib/python3.12/site-packages/turtle-pkg.egg-link (link to .)
[2.912s] Installing turtle_node script to /home/kenzy/ros2_ws/install/turtle_pkg/lib/turtle_pkg
[2.912s] 
[2.912s] Installed /home/kenzy/ros2_ws/build/turtle_pkg
[2.913s] running symlink_data
[2.913s] creating /home/kenzy/ros2_ws/install/turtle_pkg/share/ament_index
[2.913s] creating /home/kenzy/ros2_ws/install/turtle_pkg/share/ament_index/resource_index
[2.913s] creating /home/kenzy/ros2_ws/install/turtle_pkg/share/ament_index/resource_index/packages
[2.913s] symbolically linking /home/kenzy/ros2_ws/build/turtle_pkg/resource/turtle_pkg -> /home/kenzy/ros2_ws/install/turtle_pkg/share/ament_index/resource_index/packages
[2.914s] symbolically linking /home/kenzy/ros2_ws/build/turtle_pkg/package.xml -> /home/kenzy/ros2_ws/install/turtle_pkg/share/turtle_pkg
[3.009s] Invoked command in '/home/kenzy/ros2_ws/build/turtle_pkg' returned '0': DEBUGINFOD_URLS=https://debuginfod.ubuntu.com PYTHONPATH=/home/kenzy/ros2_ws/build/turtle_pkg/prefix_override:/usr/lib/python3/dist-packages/colcon_core/task/python/colcon_distutils_commands:/home/kenzy/ros2_ws/install/turtle_pkg/lib/python3.12/site-packages:${PYTHONPATH} /usr/bin/python3 -W ignore:setup.py install is deprecated -W ignore:easy_install command is deprecated setup.py develop --editable --build-directory /home/kenzy/ros2_ws/build/turtle_pkg/build --no-deps symlink_data
