[0.875s] Invoking command in '/home/kenzy/ros2_ws/src/mypkg': DEBUGINFOD_URLS=https://debuginfod.ubuntu.com PYTHONPATH=/home/kenzy/ros2_ws/src/build/mypkg/prefix_override:/usr/lib/python3/dist-packages/colcon_core/task/python/colcon_distutils_commands:/home/kenzy/ros2_ws/src/install/mypkg/lib/python3.12/site-packages:${PYTHONPATH} /usr/bin/python3 -W ignore:setup.py install is deprecated -W ignore:easy_install command is deprecated setup.py egg_info --egg-base ../build/mypkg build --build-base /home/kenzy/ros2_ws/src/build/mypkg/build install --record /home/kenzy/ros2_ws/src/build/mypkg/install.log --single-version-externally-managed install_data
[1.035s] running egg_info
[1.044s] writing ../build/mypkg/mypkg.egg-info/PKG-INFO
[1.044s] writing dependency_links to ../build/mypkg/mypkg.egg-info/dependency_links.txt
[1.044s] writing entry points to ../build/mypkg/mypkg.egg-info/entry_points.txt
[1.044s] writing requirements to ../build/mypkg/mypkg.egg-info/requires.txt
[1.044s] writing top-level names to ../build/mypkg/mypkg.egg-info/top_level.txt
[1.063s] reading manifest file '../build/mypkg/mypkg.egg-info/SOURCES.txt'
[1.063s] writing manifest file '../build/mypkg/mypkg.egg-info/SOURCES.txt'
[1.063s] running build
[1.064s] running build_py
[1.064s] running install
[1.068s] running install_lib
[1.077s] running install_data
[1.077s] running install_egg_info
[1.087s] removing '/home/kenzy/ros2_ws/src/install/mypkg/lib/python3.12/site-packages/mypkg-0.0.0-py3.12.egg-info' (and everything under it)
[1.087s] Copying ../build/mypkg/mypkg.egg-info to /home/kenzy/ros2_ws/src/install/mypkg/lib/python3.12/site-packages/mypkg-0.0.0-py3.12.egg-info
[1.088s] running install_scripts
[1.157s] Installing listener script to /home/kenzy/ros2_ws/src/install/mypkg/lib/mypkg
[1.157s] Installing talker script to /home/kenzy/ros2_ws/src/install/mypkg/lib/mypkg
[1.157s] writing list of installed files to '/home/kenzy/ros2_ws/src/build/mypkg/install.log'
[1.184s] Invoked command in '/home/kenzy/ros2_ws/src/mypkg' returned '0': DEBUGINFOD_URLS=https://debuginfod.ubuntu.com PYTHONPATH=/home/kenzy/ros2_ws/src/build/mypkg/prefix_override:/usr/lib/python3/dist-packages/colcon_core/task/python/colcon_distutils_commands:/home/kenzy/ros2_ws/src/install/mypkg/lib/python3.12/site-packages:${PYTHONPATH} /usr/bin/python3 -W ignore:setup.py install is deprecated -W ignore:easy_install command is deprecated setup.py egg_info --egg-base ../build/mypkg build --build-base /home/kenzy/ros2_ws/src/build/mypkg/build install --record /home/kenzy/ros2_ws/src/build/mypkg/install.log --single-version-externally-managed install_data
