[0.890s] Invoking command in '/home/kenzy/ros2_ws/src/pkg_py': DEBUGINFOD_URLS=https://debuginfod.ubuntu.com PYTHONPATH=/home/kenzy/ros2_ws/src/build/pkg_py/prefix_override:/usr/lib/python3/dist-packages/colcon_core/task/python/colcon_distutils_commands:/home/kenzy/ros2_ws/src/install/pkg_py/lib/python3.12/site-packages:${PYTHONPATH} /usr/bin/python3 -W ignore:setup.py install is deprecated -W ignore:easy_install command is deprecated setup.py egg_info --egg-base ../build/pkg_py build --build-base /home/kenzy/ros2_ws/src/build/pkg_py/build install --record /home/kenzy/ros2_ws/src/build/pkg_py/install.log --single-version-externally-managed install_data
[1.048s] running egg_info
[1.048s] creating ../build/pkg_py/pkg_py.egg-info
[1.057s] writing ../build/pkg_py/pkg_py.egg-info/PKG-INFO
[1.057s] writing dependency_links to ../build/pkg_py/pkg_py.egg-info/dependency_links.txt
[1.057s] writing entry points to ../build/pkg_py/pkg_py.egg-info/entry_points.txt
[1.057s] writing requirements to ../build/pkg_py/pkg_py.egg-info/requires.txt
[1.057s] writing top-level names to ../build/pkg_py/pkg_py.egg-info/top_level.txt
[1.057s] writing manifest file '../build/pkg_py/pkg_py.egg-info/SOURCES.txt'
[1.075s] reading manifest file '../build/pkg_py/pkg_py.egg-info/SOURCES.txt'
[1.075s] writing manifest file '../build/pkg_py/pkg_py.egg-info/SOURCES.txt'
[1.075s] running build
[1.076s] running build_py
[1.076s] creating /home/kenzy/ros2_ws/src/build/pkg_py/build
[1.076s] creating /home/kenzy/ros2_ws/src/build/pkg_py/build/lib
[1.076s] creating /home/kenzy/ros2_ws/src/build/pkg_py/build/lib/pkg_py
[1.076s] copying pkg_py/__init__.py -> /home/kenzy/ros2_ws/src/build/pkg_py/build/lib/pkg_py
[1.076s] running install
[1.080s] running install_lib
[1.089s] creating /home/kenzy/ros2_ws/src/install/pkg_py/lib/python3.12/site-packages/pkg_py
[1.089s] copying /home/kenzy/ros2_ws/src/build/pkg_py/build/lib/pkg_py/__init__.py -> /home/kenzy/ros2_ws/src/install/pkg_py/lib/python3.12/site-packages/pkg_py
[1.089s] byte-compiling /home/kenzy/ros2_ws/src/install/pkg_py/lib/python3.12/site-packages/pkg_py/__init__.py to __init__.cpython-312.pyc
[1.089s] running install_data
[1.089s] creating /home/kenzy/ros2_ws/src/install/pkg_py/share/ament_index
[1.090s] creating /home/kenzy/ros2_ws/src/install/pkg_py/share/ament_index/resource_index
[1.090s] creating /home/kenzy/ros2_ws/src/install/pkg_py/share/ament_index/resource_index/packages
[1.090s] copying resource/pkg_py -> /home/kenzy/ros2_ws/src/install/pkg_py/share/ament_index/resource_index/packages
[1.090s] copying package.xml -> /home/kenzy/ros2_ws/src/install/pkg_py/share/pkg_py
[1.090s] running install_egg_info
[1.099s] Copying ../build/pkg_py/pkg_py.egg-info to /home/kenzy/ros2_ws/src/install/pkg_py/lib/python3.12/site-packages/pkg_py-0.0.0-py3.12.egg-info
[1.100s] running install_scripts
[1.171s] Installing timer script to /home/kenzy/ros2_ws/src/install/pkg_py/lib/pkg_py
[1.171s] writing list of installed files to '/home/kenzy/ros2_ws/src/build/pkg_py/install.log'
[1.205s] Invoked command in '/home/kenzy/ros2_ws/src/pkg_py' returned '0': DEBUGINFOD_URLS=https://debuginfod.ubuntu.com PYTHONPATH=/home/kenzy/ros2_ws/src/build/pkg_py/prefix_override:/usr/lib/python3/dist-packages/colcon_core/task/python/colcon_distutils_commands:/home/kenzy/ros2_ws/src/install/pkg_py/lib/python3.12/site-packages:${PYTHONPATH} /usr/bin/python3 -W ignore:setup.py install is deprecated -W ignore:easy_install command is deprecated setup.py egg_info --egg-base ../build/pkg_py build --build-base /home/kenzy/ros2_ws/src/build/pkg_py/build install --record /home/kenzy/ros2_ws/src/build/pkg_py/install.log --single-version-externally-managed install_data
