[0.153s] DEBUG:colcon:Command line arguments: ['/usr/bin/colcon', 'build', '--symlink-install']
[0.153s] DEBUG:colcon:Parsed command line arguments: Namespace(log_base=None, log_level=None, verb_name='build', build_base='build', install_base='install', merge_install=False, symlink_install=True, test_result_base=None, continue_on_error=False, executor='parallel', parallel_workers=16, event_handlers=None, ignore_user_meta=False, metas=['./colcon.meta'], base_paths=['.'], packages_ignore=None, packages_ignore_regex=None, paths=None, packages_up_to=None, packages_up_to_regex=None, packages_above=None, packages_above_and_dependencies=None, packages_above_depth=None, packages_select_by_dep=None, packages_skip_by_dep=None, packages_skip_up_to=None, packages_select_build_failed=False, packages_skip_build_finished=False, packages_select_test_failures=False, packages_skip_test_passed=False, packages_select=None, packages_skip=None, packages_select_regex=None, packages_skip_regex=None, packages_start=None, packages_end=None, cmake_args=None, cmake_target=None, cmake_target_skip_unavailable=False, cmake_clean_cache=False, cmake_clean_first=False, cmake_force_configure=False, ament_cmake_args=None, catkin_cmake_args=None, catkin_skip_building_tests=False, verb_parser=<colcon_defaults.argument_parser.defaults.DefaultArgumentsDecorator object at 0x7e3877514050>, verb_extension=<colcon_core.verb.build.BuildVerb object at 0x7e38782b6450>, main=<bound method BuildVerb.main of <colcon_core.verb.build.BuildVerb object at 0x7e38782b6450>>)
[0.206s] Level 1:colcon.colcon_core.package_discovery:discover_packages(colcon_meta) check parameters
[0.206s] Level 1:colcon.colcon_core.package_discovery:discover_packages(recursive) check parameters
[0.206s] Level 1:colcon.colcon_core.package_discovery:discover_packages(ignore) check parameters
[0.206s] Level 1:colcon.colcon_core.package_discovery:discover_packages(path) check parameters
[0.206s] Level 1:colcon.colcon_core.package_discovery:discover_packages(colcon_meta) discover
[0.206s] Level 1:colcon.colcon_core.package_discovery:discover_packages(recursive) discover
[0.206s] INFO:colcon.colcon_core.package_discovery:Crawling recursively for packages in '/home/kenzy/ros2_ws'
[0.207s] Level 1:colcon.colcon_core.package_identification:_identify(.) by extensions ['ignore', 'ignore_ament_install']
[0.207s] Level 1:colcon.colcon_core.package_identification:_identify(.) by extension 'ignore'
[0.207s] Level 1:colcon.colcon_core.package_identification:_identify(.) by extension 'ignore_ament_install'
[0.207s] Level 1:colcon.colcon_core.package_identification:_identify(.) by extensions ['colcon_pkg']
[0.207s] Level 1:colcon.colcon_core.package_identification:_identify(.) by extension 'colcon_pkg'
[0.207s] Level 1:colcon.colcon_core.package_identification:_identify(.) by extensions ['colcon_meta']
[0.207s] Level 1:colcon.colcon_core.package_identification:_identify(.) by extension 'colcon_meta'
[0.207s] Level 1:colcon.colcon_core.package_identification:_identify(.) by extensions ['ros']
[0.207s] Level 1:colcon.colcon_core.package_identification:_identify(.) by extension 'ros'
[0.243s] Level 1:colcon.colcon_core.package_identification:_identify(.) by extensions ['cmake', 'python']
[0.243s] Level 1:colcon.colcon_core.package_identification:_identify(.) by extension 'cmake'
[0.243s] Level 1:colcon.colcon_core.package_identification:_identify(.) by extension 'python'
[0.243s] Level 1:colcon.colcon_core.package_identification:_identify(.) by extensions ['python_setup_py']
[0.243s] Level 1:colcon.colcon_core.package_identification:_identify(.) by extension 'python_setup_py'
[0.244s] Level 1:colcon.colcon_core.package_identification:_identify(build) by extensions ['ignore', 'ignore_ament_install']
[0.244s] Level 1:colcon.colcon_core.package_identification:_identify(build) by extension 'ignore'
[0.244s] Level 1:colcon.colcon_core.package_identification:_identify(build) ignored
[0.244s] Level 1:colcon.colcon_core.package_identification:_identify(install) by extensions ['ignore', 'ignore_ament_install']
[0.244s] Level 1:colcon.colcon_core.package_identification:_identify(install) by extension 'ignore'
[0.244s] Level 1:colcon.colcon_core.package_identification:_identify(install) ignored
[0.244s] Level 1:colcon.colcon_core.package_identification:_identify(log) by extensions ['ignore', 'ignore_ament_install']
[0.244s] Level 1:colcon.colcon_core.package_identification:_identify(log) by extension 'ignore'
[0.244s] Level 1:colcon.colcon_core.package_identification:_identify(log) ignored
[0.244s] Level 1:colcon.colcon_core.package_identification:_identify(src) by extensions ['ignore', 'ignore_ament_install']
[0.244s] Level 1:colcon.colcon_core.package_identification:_identify(src) by extension 'ignore'
[0.244s] Level 1:colcon.colcon_core.package_identification:_identify(src) by extension 'ignore_ament_install'
[0.244s] Level 1:colcon.colcon_core.package_identification:_identify(src) by extensions ['colcon_pkg']
[0.245s] Level 1:colcon.colcon_core.package_identification:_identify(src) by extension 'colcon_pkg'
[0.245s] Level 1:colcon.colcon_core.package_identification:_identify(src) by extensions ['colcon_meta']
[0.245s] Level 1:colcon.colcon_core.package_identification:_identify(src) by extension 'colcon_meta'
[0.245s] Level 1:colcon.colcon_core.package_identification:_identify(src) by extensions ['ros']
[0.245s] Level 1:colcon.colcon_core.package_identification:_identify(src) by extension 'ros'
[0.245s] Level 1:colcon.colcon_core.package_identification:_identify(src) by extensions ['cmake', 'python']
[0.245s] Level 1:colcon.colcon_core.package_identification:_identify(src) by extension 'cmake'
[0.245s] Level 1:colcon.colcon_core.package_identification:_identify(src) by extension 'python'
[0.245s] Level 1:colcon.colcon_core.package_identification:_identify(src) by extensions ['python_setup_py']
[0.245s] Level 1:colcon.colcon_core.package_identification:_identify(src) by extension 'python_setup_py'
[0.245s] Level 1:colcon.colcon_core.package_identification:_identify(src/build) by extensions ['ignore', 'ignore_ament_install']
[0.245s] Level 1:colcon.colcon_core.package_identification:_identify(src/build) by extension 'ignore'
[0.245s] Level 1:colcon.colcon_core.package_identification:_identify(src/build) ignored
[0.245s] Level 1:colcon.colcon_core.package_identification:_identify(src/install) by extensions ['ignore', 'ignore_ament_install']
[0.245s] Level 1:colcon.colcon_core.package_identification:_identify(src/install) by extension 'ignore'
[0.245s] Level 1:colcon.colcon_core.package_identification:_identify(src/install) ignored
[0.245s] Level 1:colcon.colcon_core.package_identification:_identify(src/log) by extensions ['ignore', 'ignore_ament_install']
[0.245s] Level 1:colcon.colcon_core.package_identification:_identify(src/log) by extension 'ignore'
[0.245s] Level 1:colcon.colcon_core.package_identification:_identify(src/log) ignored
[0.246s] Level 1:colcon.colcon_core.package_identification:_identify(src/mypkg) by extensions ['ignore', 'ignore_ament_install']
[0.246s] Level 1:colcon.colcon_core.package_identification:_identify(src/mypkg) by extension 'ignore'
[0.246s] Level 1:colcon.colcon_core.package_identification:_identify(src/mypkg) by extension 'ignore_ament_install'
[0.246s] Level 1:colcon.colcon_core.package_identification:_identify(src/mypkg) by extensions ['colcon_pkg']
[0.246s] Level 1:colcon.colcon_core.package_identification:_identify(src/mypkg) by extension 'colcon_pkg'
[0.246s] Level 1:colcon.colcon_core.package_identification:_identify(src/mypkg) by extensions ['colcon_meta']
[0.246s] Level 1:colcon.colcon_core.package_identification:_identify(src/mypkg) by extension 'colcon_meta'
[0.246s] Level 1:colcon.colcon_core.package_identification:_identify(src/mypkg) by extensions ['ros']
[0.246s] Level 1:colcon.colcon_core.package_identification:_identify(src/mypkg) by extension 'ros'
[0.249s] DEBUG:colcon.colcon_core.package_identification:Package 'src/mypkg' with type 'ros.ament_python' and name 'mypkg'
[0.249s] Level 1:colcon.colcon_core.package_identification:_identify(src/pkg_py) by extensions ['ignore', 'ignore_ament_install']
[0.249s] Level 1:colcon.colcon_core.package_identification:_identify(src/pkg_py) by extension 'ignore'
[0.249s] Level 1:colcon.colcon_core.package_identification:_identify(src/pkg_py) by extension 'ignore_ament_install'
[0.249s] Level 1:colcon.colcon_core.package_identification:_identify(src/pkg_py) by extensions ['colcon_pkg']
[0.249s] Level 1:colcon.colcon_core.package_identification:_identify(src/pkg_py) by extension 'colcon_pkg'
[0.249s] Level 1:colcon.colcon_core.package_identification:_identify(src/pkg_py) by extensions ['colcon_meta']
[0.249s] Level 1:colcon.colcon_core.package_identification:_identify(src/pkg_py) by extension 'colcon_meta'
[0.249s] Level 1:colcon.colcon_core.package_identification:_identify(src/pkg_py) by extensions ['ros']
[0.249s] Level 1:colcon.colcon_core.package_identification:_identify(src/pkg_py) by extension 'ros'
[0.250s] DEBUG:colcon.colcon_core.package_identification:Package 'src/pkg_py' with type 'ros.ament_python' and name 'pkg_py'
[0.250s] Level 1:colcon.colcon_core.package_identification:_identify(src/turtle_pkg) by extensions ['ignore', 'ignore_ament_install']
[0.250s] Level 1:colcon.colcon_core.package_identification:_identify(src/turtle_pkg) by extension 'ignore'
[0.250s] Level 1:colcon.colcon_core.package_identification:_identify(src/turtle_pkg) by extension 'ignore_ament_install'
[0.250s] Level 1:colcon.colcon_core.package_identification:_identify(src/turtle_pkg) by extensions ['colcon_pkg']
[0.250s] Level 1:colcon.colcon_core.package_identification:_identify(src/turtle_pkg) by extension 'colcon_pkg'
[0.250s] Level 1:colcon.colcon_core.package_identification:_identify(src/turtle_pkg) by extensions ['colcon_meta']
[0.250s] Level 1:colcon.colcon_core.package_identification:_identify(src/turtle_pkg) by extension 'colcon_meta'
[0.250s] Level 1:colcon.colcon_core.package_identification:_identify(src/turtle_pkg) by extensions ['ros']
[0.250s] Level 1:colcon.colcon_core.package_identification:_identify(src/turtle_pkg) by extension 'ros'
[0.251s] DEBUG:colcon.colcon_core.package_identification:Package 'src/turtle_pkg' with type 'ros.ament_python' and name 'turtle_pkg'
[0.251s] Level 1:colcon.colcon_core.package_identification:_identify(src/weather_pkg) by extensions ['ignore', 'ignore_ament_install']
[0.251s] Level 1:colcon.colcon_core.package_identification:_identify(src/weather_pkg) by extension 'ignore'
[0.251s] Level 1:colcon.colcon_core.package_identification:_identify(src/weather_pkg) by extension 'ignore_ament_install'
[0.251s] Level 1:colcon.colcon_core.package_identification:_identify(src/weather_pkg) by extensions ['colcon_pkg']
[0.251s] Level 1:colcon.colcon_core.package_identification:_identify(src/weather_pkg) by extension 'colcon_pkg'
[0.251s] Level 1:colcon.colcon_core.package_identification:_identify(src/weather_pkg) by extensions ['colcon_meta']
[0.251s] Level 1:colcon.colcon_core.package_identification:_identify(src/weather_pkg) by extension 'colcon_meta'
[0.251s] Level 1:colcon.colcon_core.package_identification:_identify(src/weather_pkg) by extensions ['ros']
[0.251s] Level 1:colcon.colcon_core.package_identification:_identify(src/weather_pkg) by extension 'ros'
[0.252s] DEBUG:colcon.colcon_core.package_identification:Package 'src/weather_pkg' with type 'ros.ament_python' and name 'weather_pkg'
[0.252s] Level 1:colcon.colcon_core.package_discovery:discover_packages(recursive) using defaults
[0.252s] Level 1:colcon.colcon_core.package_discovery:discover_packages(ignore) discover
[0.252s] Level 1:colcon.colcon_core.package_discovery:discover_packages(ignore) using defaults
[0.252s] Level 1:colcon.colcon_core.package_discovery:discover_packages(path) discover
[0.252s] Level 1:colcon.colcon_core.package_discovery:discover_packages(path) using defaults
[0.274s] Level 5:colcon.colcon_core.verb:set package 'mypkg' build argument 'cmake_args' from command line to 'None'
[0.274s] Level 5:colcon.colcon_core.verb:set package 'mypkg' build argument 'cmake_target' from command line to 'None'
[0.274s] Level 5:colcon.colcon_core.verb:set package 'mypkg' build argument 'cmake_target_skip_unavailable' from command line to 'False'
[0.274s] Level 5:colcon.colcon_core.verb:set package 'mypkg' build argument 'cmake_clean_cache' from command line to 'False'
[0.274s] Level 5:colcon.colcon_core.verb:set package 'mypkg' build argument 'cmake_clean_first' from command line to 'False'
[0.274s] Level 5:colcon.colcon_core.verb:set package 'mypkg' build argument 'cmake_force_configure' from command line to 'False'
[0.274s] Level 5:colcon.colcon_core.verb:set package 'mypkg' build argument 'ament_cmake_args' from command line to 'None'
[0.274s] Level 5:colcon.colcon_core.verb:set package 'mypkg' build argument 'catkin_cmake_args' from command line to 'None'
[0.274s] Level 5:colcon.colcon_core.verb:set package 'mypkg' build argument 'catkin_skip_building_tests' from command line to 'False'
[0.274s] DEBUG:colcon.colcon_core.verb:Building package 'mypkg' with the following arguments: {'ament_cmake_args': None, 'build_base': '/home/kenzy/ros2_ws/build/mypkg', 'catkin_cmake_args': None, 'catkin_skip_building_tests': False, 'cmake_args': None, 'cmake_clean_cache': False, 'cmake_clean_first': False, 'cmake_force_configure': False, 'cmake_target': None, 'cmake_target_skip_unavailable': False, 'install_base': '/home/kenzy/ros2_ws/install/mypkg', 'merge_install': False, 'path': '/home/kenzy/ros2_ws/src/mypkg', 'symlink_install': True, 'test_result_base': None}
[0.274s] Level 5:colcon.colcon_core.verb:set package 'pkg_py' build argument 'cmake_args' from command line to 'None'
[0.274s] Level 5:colcon.colcon_core.verb:set package 'pkg_py' build argument 'cmake_target' from command line to 'None'
[0.274s] Level 5:colcon.colcon_core.verb:set package 'pkg_py' build argument 'cmake_target_skip_unavailable' from command line to 'False'
[0.274s] Level 5:colcon.colcon_core.verb:set package 'pkg_py' build argument 'cmake_clean_cache' from command line to 'False'
[0.274s] Level 5:colcon.colcon_core.verb:set package 'pkg_py' build argument 'cmake_clean_first' from command line to 'False'
[0.274s] Level 5:colcon.colcon_core.verb:set package 'pkg_py' build argument 'cmake_force_configure' from command line to 'False'
[0.275s] Level 5:colcon.colcon_core.verb:set package 'pkg_py' build argument 'ament_cmake_args' from command line to 'None'
[0.275s] Level 5:colcon.colcon_core.verb:set package 'pkg_py' build argument 'catkin_cmake_args' from command line to 'None'
[0.275s] Level 5:colcon.colcon_core.verb:set package 'pkg_py' build argument 'catkin_skip_building_tests' from command line to 'False'
[0.275s] DEBUG:colcon.colcon_core.verb:Building package 'pkg_py' with the following arguments: {'ament_cmake_args': None, 'build_base': '/home/kenzy/ros2_ws/build/pkg_py', 'catkin_cmake_args': None, 'catkin_skip_building_tests': False, 'cmake_args': None, 'cmake_clean_cache': False, 'cmake_clean_first': False, 'cmake_force_configure': False, 'cmake_target': None, 'cmake_target_skip_unavailable': False, 'install_base': '/home/kenzy/ros2_ws/install/pkg_py', 'merge_install': False, 'path': '/home/kenzy/ros2_ws/src/pkg_py', 'symlink_install': True, 'test_result_base': None}
[0.275s] Level 5:colcon.colcon_core.verb:set package 'turtle_pkg' build argument 'cmake_args' from command line to 'None'
[0.275s] Level 5:colcon.colcon_core.verb:set package 'turtle_pkg' build argument 'cmake_target' from command line to 'None'
[0.275s] Level 5:colcon.colcon_core.verb:set package 'turtle_pkg' build argument 'cmake_target_skip_unavailable' from command line to 'False'
[0.275s] Level 5:colcon.colcon_core.verb:set package 'turtle_pkg' build argument 'cmake_clean_cache' from command line to 'False'
[0.275s] Level 5:colcon.colcon_core.verb:set package 'turtle_pkg' build argument 'cmake_clean_first' from command line to 'False'
[0.275s] Level 5:colcon.colcon_core.verb:set package 'turtle_pkg' build argument 'cmake_force_configure' from command line to 'False'
[0.275s] Level 5:colcon.colcon_core.verb:set package 'turtle_pkg' build argument 'ament_cmake_args' from command line to 'None'
[0.275s] Level 5:colcon.colcon_core.verb:set package 'turtle_pkg' build argument 'catkin_cmake_args' from command line to 'None'
[0.275s] Level 5:colcon.colcon_core.verb:set package 'turtle_pkg' build argument 'catkin_skip_building_tests' from command line to 'False'
[0.275s] DEBUG:colcon.colcon_core.verb:Building package 'turtle_pkg' with the following arguments: {'ament_cmake_args': None, 'build_base': '/home/kenzy/ros2_ws/build/turtle_pkg', 'catkin_cmake_args': None, 'catkin_skip_building_tests': False, 'cmake_args': None, 'cmake_clean_cache': False, 'cmake_clean_first': False, 'cmake_force_configure': False, 'cmake_target': None, 'cmake_target_skip_unavailable': False, 'install_base': '/home/kenzy/ros2_ws/install/turtle_pkg', 'merge_install': False, 'path': '/home/kenzy/ros2_ws/src/turtle_pkg', 'symlink_install': True, 'test_result_base': None}
[0.275s] Level 5:colcon.colcon_core.verb:set package 'weather_pkg' build argument 'cmake_args' from command line to 'None'
[0.275s] Level 5:colcon.colcon_core.verb:set package 'weather_pkg' build argument 'cmake_target' from command line to 'None'
[0.275s] Level 5:colcon.colcon_core.verb:set package 'weather_pkg' build argument 'cmake_target_skip_unavailable' from command line to 'False'
[0.275s] Level 5:colcon.colcon_core.verb:set package 'weather_pkg' build argument 'cmake_clean_cache' from command line to 'False'
[0.275s] Level 5:colcon.colcon_core.verb:set package 'weather_pkg' build argument 'cmake_clean_first' from command line to 'False'
[0.275s] Level 5:colcon.colcon_core.verb:set package 'weather_pkg' build argument 'cmake_force_configure' from command line to 'False'
[0.275s] Level 5:colcon.colcon_core.verb:set package 'weather_pkg' build argument 'ament_cmake_args' from command line to 'None'
[0.275s] Level 5:colcon.colcon_core.verb:set package 'weather_pkg' build argument 'catkin_cmake_args' from command line to 'None'
[0.275s] Level 5:colcon.colcon_core.verb:set package 'weather_pkg' build argument 'catkin_skip_building_tests' from command line to 'False'
[0.275s] DEBUG:colcon.colcon_core.verb:Building package 'weather_pkg' with the following arguments: {'ament_cmake_args': None, 'build_base': '/home/kenzy/ros2_ws/build/weather_pkg', 'catkin_cmake_args': None, 'catkin_skip_building_tests': False, 'cmake_args': None, 'cmake_clean_cache': False, 'cmake_clean_first': False, 'cmake_force_configure': False, 'cmake_target': None, 'cmake_target_skip_unavailable': False, 'install_base': '/home/kenzy/ros2_ws/install/weather_pkg', 'merge_install': False, 'path': '/home/kenzy/ros2_ws/src/weather_pkg', 'symlink_install': True, 'test_result_base': None}
[0.276s] INFO:colcon.colcon_core.executor:Executing jobs using 'parallel' executor
[0.277s] DEBUG:colcon.colcon_parallel_executor.executor.parallel:run_until_complete
[0.277s] INFO:colcon.colcon_ros.task.ament_python.build:Building ROS package in '/home/kenzy/ros2_ws/src/mypkg' with build type 'ament_python'
[0.277s] Level 1:colcon.colcon_core.shell:create_environment_hook('mypkg', 'ament_prefix_path')
[0.282s] INFO:colcon.colcon_core.plugin_system:Skipping extension 'colcon_core.shell.bat': Not used on non-Windows systems
[0.282s] INFO:colcon.colcon_core.shell:Creating environment descriptor '/home/kenzy/ros2_ws/install/mypkg/share/mypkg/hook/ament_prefix_path.dsv'
[0.283s] INFO:colcon.colcon_core.shell:Creating environment hook '/home/kenzy/ros2_ws/install/mypkg/share/mypkg/hook/ament_prefix_path.sh'
[0.284s] DEBUG:colcon.colcon_core.shell:Skip shell extension 'dsv' for command environment
[0.292s] INFO:colcon.colcon_ros.task.ament_python.build:Building ROS package in '/home/kenzy/ros2_ws/src/pkg_py' with build type 'ament_python'
[0.292s] Level 1:colcon.colcon_core.shell:create_environment_hook('pkg_py', 'ament_prefix_path')
[0.293s] INFO:colcon.colcon_core.shell:Creating environment descriptor '/home/kenzy/ros2_ws/install/pkg_py/share/pkg_py/hook/ament_prefix_path.dsv'
[0.293s] INFO:colcon.colcon_core.shell:Creating environment hook '/home/kenzy/ros2_ws/install/pkg_py/share/pkg_py/hook/ament_prefix_path.sh'
[0.294s] DEBUG:colcon.colcon_core.shell:Skip shell extension 'dsv' for command environment
[0.299s] INFO:colcon.colcon_ros.task.ament_python.build:Building ROS package in '/home/kenzy/ros2_ws/src/turtle_pkg' with build type 'ament_python'
[0.299s] Level 1:colcon.colcon_core.shell:create_environment_hook('turtle_pkg', 'ament_prefix_path')
[0.300s] INFO:colcon.colcon_core.shell:Creating environment descriptor '/home/kenzy/ros2_ws/install/turtle_pkg/share/turtle_pkg/hook/ament_prefix_path.dsv'
[0.300s] INFO:colcon.colcon_core.shell:Creating environment hook '/home/kenzy/ros2_ws/install/turtle_pkg/share/turtle_pkg/hook/ament_prefix_path.sh'
[0.301s] DEBUG:colcon.colcon_core.shell:Skip shell extension 'dsv' for command environment
[0.305s] INFO:colcon.colcon_ros.task.ament_python.build:Building ROS package in '/home/kenzy/ros2_ws/src/weather_pkg' with build type 'ament_python'
[0.306s] Level 1:colcon.colcon_core.shell:create_environment_hook('weather_pkg', 'ament_prefix_path')
[0.306s] INFO:colcon.colcon_core.shell:Creating environment descriptor '/home/kenzy/ros2_ws/install/weather_pkg/share/weather_pkg/hook/ament_prefix_path.dsv'
[0.307s] INFO:colcon.colcon_core.shell:Creating environment hook '/home/kenzy/ros2_ws/install/weather_pkg/share/weather_pkg/hook/ament_prefix_path.sh'
[0.307s] DEBUG:colcon.colcon_core.shell:Skip shell extension 'dsv' for command environment
[0.571s] INFO:colcon.colcon_core.task.python.build:Building Python package in '/home/kenzy/ros2_ws/src/mypkg'
[0.571s] DEBUG:colcon.colcon_core.shell:Skip shell extension 'dsv' for command environment
[0.824s] INFO:colcon.colcon_core.task.python.build:Building Python package in '/home/kenzy/ros2_ws/src/pkg_py'
[0.825s] DEBUG:colcon.colcon_core.shell:Skip shell extension 'dsv' for command environment
[1.075s] INFO:colcon.colcon_core.task.python.build:Building Python package in '/home/kenzy/ros2_ws/src/turtle_pkg'
[1.076s] DEBUG:colcon.colcon_core.shell:Skip shell extension 'dsv' for command environment
[1.342s] INFO:colcon.colcon_core.task.python.build:Building Python package in '/home/kenzy/ros2_ws/src/weather_pkg'
[1.342s] DEBUG:colcon.colcon_core.shell:Skip shell extension 'dsv' for command environment
[2.372s] DEBUG:colcon.colcon_core.event_handler.log_command:Invoking command in '/home/kenzy/ros2_ws/build/turtle_pkg': DEBUGINFOD_URLS=https://debuginfod.ubuntu.com PYTHONPATH=/home/kenzy/ros2_ws/build/turtle_pkg/prefix_override:/usr/lib/python3/dist-packages/colcon_core/task/python/colcon_distutils_commands:/home/kenzy/ros2_ws/install/turtle_pkg/lib/python3.12/site-packages:${PYTHONPATH} /usr/bin/python3 -W ignore:setup.py install is deprecated -W ignore:easy_install command is deprecated setup.py develop --editable --build-directory /home/kenzy/ros2_ws/build/turtle_pkg/build --no-deps symlink_data
[2.383s] DEBUG:colcon.colcon_core.event_handler.log_command:Invoking command in '/home/kenzy/ros2_ws/build/mypkg': DEBUGINFOD_URLS=https://debuginfod.ubuntu.com PYTHONPATH=/home/kenzy/ros2_ws/build/mypkg/prefix_override:/usr/lib/python3/dist-packages/colcon_core/task/python/colcon_distutils_commands:/home/kenzy/ros2_ws/install/mypkg/lib/python3.12/site-packages:${PYTHONPATH} /usr/bin/python3 -W ignore:setup.py install is deprecated -W ignore:easy_install command is deprecated setup.py develop --editable --build-directory /home/kenzy/ros2_ws/build/mypkg/build --no-deps symlink_data
[2.387s] DEBUG:colcon.colcon_core.event_handler.log_command:Invoking command in '/home/kenzy/ros2_ws/build/pkg_py': DEBUGINFOD_URLS=https://debuginfod.ubuntu.com PYTHONPATH=/home/kenzy/ros2_ws/build/pkg_py/prefix_override:/usr/lib/python3/dist-packages/colcon_core/task/python/colcon_distutils_commands:/home/kenzy/ros2_ws/install/pkg_py/lib/python3.12/site-packages:${PYTHONPATH} /usr/bin/python3 -W ignore:setup.py install is deprecated -W ignore:easy_install command is deprecated setup.py develop --editable --build-directory /home/kenzy/ros2_ws/build/pkg_py/build --no-deps symlink_data
[2.389s] DEBUG:colcon.colcon_core.event_handler.log_command:Invoking command in '/home/kenzy/ros2_ws/build/weather_pkg': DEBUGINFOD_URLS=https://debuginfod.ubuntu.com PYTHONPATH=/home/kenzy/ros2_ws/build/weather_pkg/prefix_override:/usr/lib/python3/dist-packages/colcon_core/task/python/colcon_distutils_commands:/home/kenzy/ros2_ws/install/weather_pkg/lib/python3.12/site-packages:${PYTHONPATH} /usr/bin/python3 -W ignore:setup.py install is deprecated -W ignore:easy_install command is deprecated setup.py develop --editable --build-directory /home/kenzy/ros2_ws/build/weather_pkg/build --no-deps symlink_data
[3.454s] Level 1:colcon.colcon_core.shell:create_environment_hook('turtle_pkg', 'pythonpath_develop')
[3.454s] INFO:colcon.colcon_core.shell:Creating environment descriptor '/home/kenzy/ros2_ws/build/turtle_pkg/share/turtle_pkg/hook/pythonpath_develop.dsv'
[3.455s] DEBUG:colcon.colcon_core.event_handler.log_command:Invoked command in '/home/kenzy/ros2_ws/build/turtle_pkg' returned '0': DEBUGINFOD_URLS=https://debuginfod.ubuntu.com PYTHONPATH=/home/kenzy/ros2_ws/build/turtle_pkg/prefix_override:/usr/lib/python3/dist-packages/colcon_core/task/python/colcon_distutils_commands:/home/kenzy/ros2_ws/install/turtle_pkg/lib/python3.12/site-packages:${PYTHONPATH} /usr/bin/python3 -W ignore:setup.py install is deprecated -W ignore:easy_install command is deprecated setup.py develop --editable --build-directory /home/kenzy/ros2_ws/build/turtle_pkg/build --no-deps symlink_data
[3.456s] INFO:colcon.colcon_core.shell:Creating environment hook '/home/kenzy/ros2_ws/build/turtle_pkg/share/turtle_pkg/hook/pythonpath_develop.sh'
[3.465s] Level 1:colcon.colcon_core.environment:checking '/home/kenzy/ros2_ws/install/turtle_pkg' for CMake module files
[3.466s] Level 1:colcon.colcon_core.environment:checking '/home/kenzy/ros2_ws/install/turtle_pkg' for CMake config files
[3.467s] Level 1:colcon.colcon_core.environment:checking '/home/kenzy/ros2_ws/install/turtle_pkg/lib'
[3.468s] Level 1:colcon.colcon_core.environment:checking '/home/kenzy/ros2_ws/install/turtle_pkg/bin'
[3.468s] Level 1:colcon.colcon_core.environment:checking '/home/kenzy/ros2_ws/install/turtle_pkg/lib/pkgconfig/turtle_pkg.pc'
[3.469s] Level 1:colcon.colcon_core.environment:checking '/home/kenzy/ros2_ws/install/turtle_pkg/lib/python3.12/site-packages'
[3.469s] Level 1:colcon.colcon_core.shell:create_environment_hook('turtle_pkg', 'pythonpath')
[3.469s] INFO:colcon.colcon_core.shell:Creating environment descriptor '/home/kenzy/ros2_ws/install/turtle_pkg/share/turtle_pkg/hook/pythonpath.dsv'
[3.470s] INFO:colcon.colcon_core.shell:Creating environment hook '/home/kenzy/ros2_ws/install/turtle_pkg/share/turtle_pkg/hook/pythonpath.sh'
[3.472s] Level 1:colcon.colcon_core.environment:checking '/home/kenzy/ros2_ws/install/turtle_pkg/bin'
[3.472s] Level 1:colcon.colcon_core.environment:create_environment_scripts_only(turtle_pkg)
[3.472s] INFO:colcon.colcon_core.shell:Creating package descriptor '/home/kenzy/ros2_ws/install/turtle_pkg/share/turtle_pkg/package.dsv'
[3.474s] INFO:colcon.colcon_core.shell:Creating package script '/home/kenzy/ros2_ws/install/turtle_pkg/share/turtle_pkg/package.sh'
[3.475s] INFO:colcon.colcon_core.shell:Creating package script '/home/kenzy/ros2_ws/install/turtle_pkg/share/turtle_pkg/package.bash'
[3.476s] INFO:colcon.colcon_core.shell:Creating package script '/home/kenzy/ros2_ws/install/turtle_pkg/share/turtle_pkg/package.zsh'
[3.477s] Level 1:colcon.colcon_core.environment:create_file_with_runtime_dependencies(/home/kenzy/ros2_ws/install/turtle_pkg/share/colcon-core/packages/turtle_pkg)
[3.480s] Level 1:colcon.colcon_core.shell:create_environment_hook('mypkg', 'pythonpath_develop')
[3.481s] INFO:colcon.colcon_core.shell:Creating environment descriptor '/home/kenzy/ros2_ws/build/mypkg/share/mypkg/hook/pythonpath_develop.dsv'
[3.482s] DEBUG:colcon.colcon_core.event_handler.log_command:Invoked command in '/home/kenzy/ros2_ws/build/mypkg' returned '0': DEBUGINFOD_URLS=https://debuginfod.ubuntu.com PYTHONPATH=/home/kenzy/ros2_ws/build/mypkg/prefix_override:/usr/lib/python3/dist-packages/colcon_core/task/python/colcon_distutils_commands:/home/kenzy/ros2_ws/install/mypkg/lib/python3.12/site-packages:${PYTHONPATH} /usr/bin/python3 -W ignore:setup.py install is deprecated -W ignore:easy_install command is deprecated setup.py develop --editable --build-directory /home/kenzy/ros2_ws/build/mypkg/build --no-deps symlink_data
[3.482s] INFO:colcon.colcon_core.shell:Creating environment hook '/home/kenzy/ros2_ws/build/mypkg/share/mypkg/hook/pythonpath_develop.sh'
[3.483s] Level 1:colcon.colcon_core.environment:checking '/home/kenzy/ros2_ws/install/mypkg' for CMake module files
[3.484s] Level 1:colcon.colcon_core.environment:checking '/home/kenzy/ros2_ws/install/mypkg' for CMake config files
[3.484s] Level 1:colcon.colcon_core.environment:checking '/home/kenzy/ros2_ws/install/mypkg/lib'
[3.484s] Level 1:colcon.colcon_core.environment:checking '/home/kenzy/ros2_ws/install/mypkg/bin'
[3.485s] Level 1:colcon.colcon_core.environment:checking '/home/kenzy/ros2_ws/install/mypkg/lib/pkgconfig/mypkg.pc'
[3.485s] Level 1:colcon.colcon_core.environment:checking '/home/kenzy/ros2_ws/install/mypkg/lib/python3.12/site-packages'
[3.485s] Level 1:colcon.colcon_core.shell:create_environment_hook('mypkg', 'pythonpath')
[3.485s] INFO:colcon.colcon_core.shell:Creating environment descriptor '/home/kenzy/ros2_ws/install/mypkg/share/mypkg/hook/pythonpath.dsv'
[3.486s] INFO:colcon.colcon_core.shell:Creating environment hook '/home/kenzy/ros2_ws/install/mypkg/share/mypkg/hook/pythonpath.sh'
[3.487s] Level 1:colcon.colcon_core.environment:checking '/home/kenzy/ros2_ws/install/mypkg/bin'
[3.488s] Level 1:colcon.colcon_core.environment:create_environment_scripts_only(mypkg)
[3.488s] INFO:colcon.colcon_core.shell:Creating package descriptor '/home/kenzy/ros2_ws/install/mypkg/share/mypkg/package.dsv'
[3.489s] INFO:colcon.colcon_core.shell:Creating package script '/home/kenzy/ros2_ws/install/mypkg/share/mypkg/package.sh'
[3.490s] INFO:colcon.colcon_core.shell:Creating package script '/home/kenzy/ros2_ws/install/mypkg/share/mypkg/package.bash'
[3.490s] INFO:colcon.colcon_core.shell:Creating package script '/home/kenzy/ros2_ws/install/mypkg/share/mypkg/package.zsh'
[3.491s] Level 1:colcon.colcon_core.environment:create_file_with_runtime_dependencies(/home/kenzy/ros2_ws/install/mypkg/share/colcon-core/packages/mypkg)
[3.491s] Level 1:colcon.colcon_core.shell:create_environment_hook('pkg_py', 'pythonpath_develop')
[3.491s] INFO:colcon.colcon_core.shell:Creating environment descriptor '/home/kenzy/ros2_ws/build/pkg_py/share/pkg_py/hook/pythonpath_develop.dsv'
[3.492s] INFO:colcon.colcon_core.shell:Creating environment hook '/home/kenzy/ros2_ws/build/pkg_py/share/pkg_py/hook/pythonpath_develop.sh'
[3.494s] Level 1:colcon.colcon_core.environment:checking '/home/kenzy/ros2_ws/install/pkg_py' for CMake module files
[3.495s] DEBUG:colcon.colcon_core.event_handler.log_command:Invoked command in '/home/kenzy/ros2_ws/build/pkg_py' returned '0': DEBUGINFOD_URLS=https://debuginfod.ubuntu.com PYTHONPATH=/home/kenzy/ros2_ws/build/pkg_py/prefix_override:/usr/lib/python3/dist-packages/colcon_core/task/python/colcon_distutils_commands:/home/kenzy/ros2_ws/install/pkg_py/lib/python3.12/site-packages:${PYTHONPATH} /usr/bin/python3 -W ignore:setup.py install is deprecated -W ignore:easy_install command is deprecated setup.py develop --editable --build-directory /home/kenzy/ros2_ws/build/pkg_py/build --no-deps symlink_data
[3.495s] Level 1:colcon.colcon_core.environment:checking '/home/kenzy/ros2_ws/install/pkg_py' for CMake config files
[3.496s] Level 1:colcon.colcon_core.environment:checking '/home/kenzy/ros2_ws/install/pkg_py/lib'
[3.496s] Level 1:colcon.colcon_core.environment:checking '/home/kenzy/ros2_ws/install/pkg_py/bin'
[3.496s] Level 1:colcon.colcon_core.environment:checking '/home/kenzy/ros2_ws/install/pkg_py/lib/pkgconfig/pkg_py.pc'
[3.496s] Level 1:colcon.colcon_core.environment:checking '/home/kenzy/ros2_ws/install/pkg_py/lib/python3.12/site-packages'
[3.496s] Level 1:colcon.colcon_core.shell:create_environment_hook('pkg_py', 'pythonpath')
[3.497s] INFO:colcon.colcon_core.shell:Creating environment descriptor '/home/kenzy/ros2_ws/install/pkg_py/share/pkg_py/hook/pythonpath.dsv'
[3.497s] INFO:colcon.colcon_core.shell:Creating environment hook '/home/kenzy/ros2_ws/install/pkg_py/share/pkg_py/hook/pythonpath.sh'
[3.498s] Level 1:colcon.colcon_core.environment:checking '/home/kenzy/ros2_ws/install/pkg_py/bin'
[3.498s] Level 1:colcon.colcon_core.environment:create_environment_scripts_only(pkg_py)
[3.499s] INFO:colcon.colcon_core.shell:Creating package descriptor '/home/kenzy/ros2_ws/install/pkg_py/share/pkg_py/package.dsv'
[3.499s] INFO:colcon.colcon_core.shell:Creating package script '/home/kenzy/ros2_ws/install/pkg_py/share/pkg_py/package.sh'
[3.500s] INFO:colcon.colcon_core.shell:Creating package script '/home/kenzy/ros2_ws/install/pkg_py/share/pkg_py/package.bash'
[3.501s] INFO:colcon.colcon_core.shell:Creating package script '/home/kenzy/ros2_ws/install/pkg_py/share/pkg_py/package.zsh'
[3.501s] Level 1:colcon.colcon_core.environment:create_file_with_runtime_dependencies(/home/kenzy/ros2_ws/install/pkg_py/share/colcon-core/packages/pkg_py)
[3.502s] Level 1:colcon.colcon_core.shell:create_environment_hook('weather_pkg', 'pythonpath_develop')
[3.502s] INFO:colcon.colcon_core.shell:Creating environment descriptor '/home/kenzy/ros2_ws/build/weather_pkg/share/weather_pkg/hook/pythonpath_develop.dsv'
[3.503s] INFO:colcon.colcon_core.shell:Creating environment hook '/home/kenzy/ros2_ws/build/weather_pkg/share/weather_pkg/hook/pythonpath_develop.sh'
[3.505s] DEBUG:colcon.colcon_core.event_handler.log_command:Invoked command in '/home/kenzy/ros2_ws/build/weather_pkg' returned '0': DEBUGINFOD_URLS=https://debuginfod.ubuntu.com PYTHONPATH=/home/kenzy/ros2_ws/build/weather_pkg/prefix_override:/usr/lib/python3/dist-packages/colcon_core/task/python/colcon_distutils_commands:/home/kenzy/ros2_ws/install/weather_pkg/lib/python3.12/site-packages:${PYTHONPATH} /usr/bin/python3 -W ignore:setup.py install is deprecated -W ignore:easy_install command is deprecated setup.py develop --editable --build-directory /home/kenzy/ros2_ws/build/weather_pkg/build --no-deps symlink_data
[3.505s] Level 1:colcon.colcon_core.environment:checking '/home/kenzy/ros2_ws/install/weather_pkg' for CMake module files
[3.506s] Level 1:colcon.colcon_core.environment:checking '/home/kenzy/ros2_ws/install/weather_pkg' for CMake config files
[3.507s] Level 1:colcon.colcon_core.environment:checking '/home/kenzy/ros2_ws/install/weather_pkg/lib'
[3.507s] Level 1:colcon.colcon_core.environment:checking '/home/kenzy/ros2_ws/install/weather_pkg/bin'
[3.508s] Level 1:colcon.colcon_core.environment:checking '/home/kenzy/ros2_ws/install/weather_pkg/lib/pkgconfig/weather_pkg.pc'
[3.508s] Level 1:colcon.colcon_core.environment:checking '/home/kenzy/ros2_ws/install/weather_pkg/lib/python3.12/site-packages'
[3.508s] Level 1:colcon.colcon_core.shell:create_environment_hook('weather_pkg', 'pythonpath')
[3.509s] INFO:colcon.colcon_core.shell:Creating environment descriptor '/home/kenzy/ros2_ws/install/weather_pkg/share/weather_pkg/hook/pythonpath.dsv'
[3.509s] INFO:colcon.colcon_core.shell:Creating environment hook '/home/kenzy/ros2_ws/install/weather_pkg/share/weather_pkg/hook/pythonpath.sh'
[3.510s] Level 1:colcon.colcon_core.environment:checking '/home/kenzy/ros2_ws/install/weather_pkg/bin'
[3.510s] Level 1:colcon.colcon_core.environment:create_environment_scripts_only(weather_pkg)
[3.511s] INFO:colcon.colcon_core.shell:Creating package descriptor '/home/kenzy/ros2_ws/install/weather_pkg/share/weather_pkg/package.dsv'
[3.512s] INFO:colcon.colcon_core.shell:Creating package script '/home/kenzy/ros2_ws/install/weather_pkg/share/weather_pkg/package.sh'
[3.512s] INFO:colcon.colcon_core.shell:Creating package script '/home/kenzy/ros2_ws/install/weather_pkg/share/weather_pkg/package.bash'
[3.513s] INFO:colcon.colcon_core.shell:Creating package script '/home/kenzy/ros2_ws/install/weather_pkg/share/weather_pkg/package.zsh'
[3.514s] Level 1:colcon.colcon_core.environment:create_file_with_runtime_dependencies(/home/kenzy/ros2_ws/install/weather_pkg/share/colcon-core/packages/weather_pkg)
[3.514s] DEBUG:colcon.colcon_parallel_executor.executor.parallel:closing loop
[3.514s] DEBUG:colcon.colcon_parallel_executor.executor.parallel:loop closed
[3.514s] DEBUG:colcon.colcon_parallel_executor.executor.parallel:run_until_complete finished with '0'
[3.514s] DEBUG:colcon.colcon_core.event_reactor:joining thread
[3.527s] INFO:colcon.colcon_core.plugin_system:Skipping extension 'colcon_notification.desktop_notification.terminal_notifier': Not used on non-Darwin systems
[3.527s] INFO:colcon.colcon_core.plugin_system:Skipping extension 'colcon_notification.desktop_notification.win32': Not used on non-Windows systems
[3.528s] INFO:colcon.colcon_notification.desktop_notification:Sending desktop notification using 'notify2'
[3.554s] DEBUG:colcon.colcon_core.event_reactor:joined thread
[3.554s] INFO:colcon.colcon_core.shell:Creating prefix script '/home/kenzy/ros2_ws/install/local_setup.sh'
[3.556s] INFO:colcon.colcon_core.shell:Creating prefix util module '/home/kenzy/ros2_ws/install/_local_setup_util_sh.py'
[3.558s] INFO:colcon.colcon_core.shell:Creating prefix chain script '/home/kenzy/ros2_ws/install/setup.sh'
[3.560s] INFO:colcon.colcon_core.shell:Creating prefix script '/home/kenzy/ros2_ws/install/local_setup.bash'
[3.560s] INFO:colcon.colcon_core.shell:Creating prefix chain script '/home/kenzy/ros2_ws/install/setup.bash'
[3.562s] INFO:colcon.colcon_core.shell:Creating prefix script '/home/kenzy/ros2_ws/install/local_setup.zsh'
[3.563s] INFO:colcon.colcon_core.shell:Creating prefix chain script '/home/kenzy/ros2_ws/install/setup.zsh'
