running egg_info
creating ../build/mypkg/mypkg.egg-info
writing ../build/mypkg/mypkg.egg-info/PKG-INFO
writing dependency_links to ../build/mypkg/mypkg.egg-info/dependency_links.txt
writing entry points to ../build/mypkg/mypkg.egg-info/entry_points.txt
writing requirements to ../build/mypkg/mypkg.egg-info/requires.txt
writing top-level names to ../build/mypkg/mypkg.egg-info/top_level.txt
writing manifest file '../build/mypkg/mypkg.egg-info/SOURCES.txt'
reading manifest file '../build/mypkg/mypkg.egg-info/SOURCES.txt'
writing manifest file '../build/mypkg/mypkg.egg-info/SOURCES.txt'
running build
running build_py
creating /home/kenzy/ros2_ws/src/build/mypkg/build
creating /home/kenzy/ros2_ws/src/build/mypkg/build/lib
creating /home/kenzy/ros2_ws/src/build/mypkg/build/lib/mypkg
copying mypkg/publisher_node.py -> /home/kenzy/ros2_ws/src/build/mypkg/build/lib/mypkg
copying mypkg/__init__.py -> /home/kenzy/ros2_ws/src/build/mypkg/build/lib/mypkg
copying mypkg/subscriber_node.py -> /home/kenzy/ros2_ws/src/build/mypkg/build/lib/mypkg
running install
running install_lib
creating /home/kenzy/ros2_ws/src/install/mypkg/lib/python3.12/site-packages/mypkg
copying /home/kenzy/ros2_ws/src/build/mypkg/build/lib/mypkg/publisher_node.py -> /home/kenzy/ros2_ws/src/install/mypkg/lib/python3.12/site-packages/mypkg
copying /home/kenzy/ros2_ws/src/build/mypkg/build/lib/mypkg/__init__.py -> /home/kenzy/ros2_ws/src/install/mypkg/lib/python3.12/site-packages/mypkg
copying /home/kenzy/ros2_ws/src/build/mypkg/build/lib/mypkg/subscriber_node.py -> /home/kenzy/ros2_ws/src/install/mypkg/lib/python3.12/site-packages/mypkg
byte-compiling /home/kenzy/ros2_ws/src/install/mypkg/lib/python3.12/site-packages/mypkg/publisher_node.py to publisher_node.cpython-312.pyc
byte-compiling /home/kenzy/ros2_ws/src/install/mypkg/lib/python3.12/site-packages/mypkg/__init__.py to __init__.cpython-312.pyc
byte-compiling /home/kenzy/ros2_ws/src/install/mypkg/lib/python3.12/site-packages/mypkg/subscriber_node.py to subscriber_node.cpython-312.pyc
running install_data
creating /home/kenzy/ros2_ws/src/install/mypkg/share/ament_index
creating /home/kenzy/ros2_ws/src/install/mypkg/share/ament_index/resource_index
creating /home/kenzy/ros2_ws/src/install/mypkg/share/ament_index/resource_index/packages
copying resource/mypkg -> /home/kenzy/ros2_ws/src/install/mypkg/share/ament_index/resource_index/packages
copying package.xml -> /home/kenzy/ros2_ws/src/install/mypkg/share/mypkg
running install_egg_info
Copying ../build/mypkg/mypkg.egg-info to /home/kenzy/ros2_ws/src/install/mypkg/lib/python3.12/site-packages/mypkg-0.0.0-py3.12.egg-info
running install_scripts
Installing listener script to /home/kenzy/ros2_ws/src/install/mypkg/lib/mypkg
Installing talker script to /home/kenzy/ros2_ws/src/install/mypkg/lib/mypkg
writing list of installed files to '/home/kenzy/ros2_ws/src/build/mypkg/install.log'
