[1.657s] Invoking command in '/home/kenzy/ros2_ws/src/turtle_pkgnew': DEBUGINFOD_URLS=https://debuginfod.ubuntu.com PYTHONPATH=/home/kenzy/ros2_ws/build/turtle_pkgnew/prefix_override:/usr/lib/python3/dist-packages/colcon_core/task/python/colcon_distutils_commands:/home/kenzy/ros2_ws/install/turtle_pkgnew/lib/python3.12/site-packages:${PYTHONPATH} /usr/bin/python3 -W ignore:setup.py install is deprecated -W ignore:easy_install command is deprecated setup.py egg_info --egg-base ../../build/turtle_pkgnew build --build-base /home/kenzy/ros2_ws/build/turtle_pkgnew/build install --record /home/kenzy/ros2_ws/build/turtle_pkgnew/install.log --single-version-externally-managed install_data
[2.062s] running egg_info
[2.081s] writing ../../build/turtle_pkgnew/turtle_pkgnew.egg-info/PKG-INFO
[2.081s] writing dependency_links to ../../build/turtle_pkgnew/turtle_pkgnew.egg-info/dependency_links.txt
[2.081s] writing entry points to ../../build/turtle_pkgnew/turtle_pkgnew.egg-info/entry_points.txt
[2.082s] writing requirements to ../../build/turtle_pkgnew/turtle_pkgnew.egg-info/requires.txt
[2.082s] writing top-level names to ../../build/turtle_pkgnew/turtle_pkgnew.egg-info/top_level.txt
[2.121s] reading manifest file '../../build/turtle_pkgnew/turtle_pkgnew.egg-info/SOURCES.txt'
[2.122s] writing manifest file '../../build/turtle_pkgnew/turtle_pkgnew.egg-info/SOURCES.txt'
[2.122s] running build
[2.122s] running build_py
[2.123s] copying turtle_pkgnew/turtle_chase.py -> /home/kenzy/ros2_ws/build/turtle_pkgnew/build/lib/turtle_pkgnew
[2.123s] running install
[2.131s] running install_lib
[2.150s] copying /home/kenzy/ros2_ws/build/turtle_pkgnew/build/lib/turtle_pkgnew/turtle_chase.py -> /home/kenzy/ros2_ws/install/turtle_pkgnew/lib/python3.12/site-packages/turtle_pkgnew
[2.151s] byte-compiling /home/kenzy/ros2_ws/install/turtle_pkgnew/lib/python3.12/site-packages/turtle_pkgnew/turtle_chase.py to turtle_chase.cpython-312.pyc
[2.152s] running install_data
[2.153s] running install_egg_info
[2.174s] removing '/home/kenzy/ros2_ws/install/turtle_pkgnew/lib/python3.12/site-packages/turtle_pkgnew-0.0.0-py3.12.egg-info' (and everything under it)
[2.174s] Copying ../../build/turtle_pkgnew/turtle_pkgnew.egg-info to /home/kenzy/ros2_ws/install/turtle_pkgnew/lib/python3.12/site-packages/turtle_pkgnew-0.0.0-py3.12.egg-info
[2.174s] running install_scripts
[2.309s] Installing turtle_chase script to /home/kenzy/ros2_ws/install/turtle_pkgnew/lib/turtle_pkgnew
[2.309s] writing list of installed files to '/home/kenzy/ros2_ws/build/turtle_pkgnew/install.log'
[2.339s] Invoked command in '/home/kenzy/ros2_ws/src/turtle_pkgnew' returned '0': DEBUGINFOD_URLS=https://debuginfod.ubuntu.com PYTHONPATH=/home/kenzy/ros2_ws/build/turtle_pkgnew/prefix_override:/usr/lib/python3/dist-packages/colcon_core/task/python/colcon_distutils_commands:/home/kenzy/ros2_ws/install/turtle_pkgnew/lib/python3.12/site-packages:${PYTHONPATH} /usr/bin/python3 -W ignore:setup.py install is deprecated -W ignore:easy_install command is deprecated setup.py egg_info --egg-base ../../build/turtle_pkgnew build --build-base /home/kenzy/ros2_ws/build/turtle_pkgnew/build install --record /home/kenzy/ros2_ws/build/turtle_pkgnew/install.log --single-version-externally-managed install_data
