[1.949s] Invoking command in '/home/kenzy/ros2_ws/build/mypkg': DEBUGINFOD_URLS=https://debuginfod.ubuntu.com PYTHONPATH=/home/kenzy/ros2_ws/build/mypkg/prefix_override:/usr/lib/python3/dist-packages/colcon_core/task/python/colcon_distutils_commands:/home/kenzy/ros2_ws/install/mypkg/lib/python3.12/site-packages:${PYTHONPATH} /usr/bin/python3 -W ignore:setup.py install is deprecated -W ignore:easy_install command is deprecated setup.py develop --editable --build-directory /home/kenzy/ros2_ws/build/mypkg/build --no-deps symlink_data
[2.509s] running develop
[2.810s] running egg_info
[2.810s] creating mypkg.egg-info
[2.839s] writing mypkg.egg-info/PKG-INFO
[2.840s] writing dependency_links to mypkg.egg-info/dependency_links.txt
[2.840s] writing entry points to mypkg.egg-info/entry_points.txt
[2.840s] writing requirements to mypkg.egg-info/requires.txt
[2.840s] writing top-level names to mypkg.egg-info/top_level.txt
[2.840s] writing manifest file 'mypkg.egg-info/SOURCES.txt'
[2.899s] reading manifest file 'mypkg.egg-info/SOURCES.txt'
[2.900s] writing manifest file 'mypkg.egg-info/SOURCES.txt'
[2.931s] running build_ext
[2.931s] Creating /home/kenzy/ros2_ws/install/mypkg/lib/python3.12/site-packages/mypkg.egg-link (link to .)
[2.933s] Installing collector_node script to /home/kenzy/ros2_ws/install/mypkg/lib/mypkg
[2.933s] Installing distance_node script to /home/kenzy/ros2_ws/install/mypkg/lib/mypkg
[2.933s] Installing speed_node script to /home/kenzy/ros2_ws/install/mypkg/lib/mypkg
[2.934s] 
[2.934s] Installed /home/kenzy/ros2_ws/build/mypkg
[2.935s] running symlink_data
[2.935s] creating /home/kenzy/ros2_ws/install/mypkg/share/ament_index
[2.935s] creating /home/kenzy/ros2_ws/install/mypkg/share/ament_index/resource_index
[2.935s] creating /home/kenzy/ros2_ws/install/mypkg/share/ament_index/resource_index/packages
[2.935s] symbolically linking /home/kenzy/ros2_ws/build/mypkg/resource/mypkg -> /home/kenzy/ros2_ws/install/mypkg/share/ament_index/resource_index/packages
[2.936s] symbolically linking /home/kenzy/ros2_ws/build/mypkg/package.xml -> /home/kenzy/ros2_ws/install/mypkg/share/mypkg
[3.059s] Invoked command in '/home/kenzy/ros2_ws/build/mypkg' returned '0': DEBUGINFOD_URLS=https://debuginfod.ubuntu.com PYTHONPATH=/home/kenzy/ros2_ws/build/mypkg/prefix_override:/usr/lib/python3/dist-packages/colcon_core/task/python/colcon_distutils_commands:/home/kenzy/ros2_ws/install/mypkg/lib/python3.12/site-packages:${PYTHONPATH} /usr/bin/python3 -W ignore:setup.py install is deprecated -W ignore:easy_install command is deprecated setup.py develop --editable --build-directory /home/kenzy/ros2_ws/build/mypkg/build --no-deps symlink_data
