[1.591s] Invoking command in '/home/kenzy/ros2_ws/src/pkg_py': DEBUGINFOD_URLS=https://debuginfod.ubuntu.com PYTHONPATH=/home/kenzy/ros2_ws/build/pkg_py/prefix_override:/usr/lib/python3/dist-packages/colcon_core/task/python/colcon_distutils_commands:/home/kenzy/ros2_ws/install/pkg_py/lib/python3.12/site-packages:${PYTHONPATH} /usr/bin/python3 -W ignore:setup.py install is deprecated -W ignore:easy_install command is deprecated setup.py egg_info --egg-base ../../build/pkg_py build --build-base /home/kenzy/ros2_ws/build/pkg_py/build install --record /home/kenzy/ros2_ws/build/pkg_py/install.log --single-version-externally-managed install_data
[1.860s] running egg_info
[1.877s] writing ../../build/pkg_py/pkg_py.egg-info/PKG-INFO
[1.878s] writing dependency_links to ../../build/pkg_py/pkg_py.egg-info/dependency_links.txt
[1.878s] writing entry points to ../../build/pkg_py/pkg_py.egg-info/entry_points.txt
[1.878s] writing requirements to ../../build/pkg_py/pkg_py.egg-info/requires.txt
[1.878s] writing top-level names to ../../build/pkg_py/pkg_py.egg-info/top_level.txt
[1.913s] reading manifest file '../../build/pkg_py/pkg_py.egg-info/SOURCES.txt'
[1.914s] writing manifest file '../../build/pkg_py/pkg_py.egg-info/SOURCES.txt'
[1.914s] running build
[1.914s] running build_py
[1.914s] running install
[1.921s] running install_lib
[1.939s] running install_data
[1.939s] running install_egg_info
[1.958s] removing '/home/kenzy/ros2_ws/install/pkg_py/lib/python3.12/site-packages/pkg_py-0.0.0-py3.12.egg-info' (and everything under it)
[1.958s] Copying ../../build/pkg_py/pkg_py.egg-info to /home/kenzy/ros2_ws/install/pkg_py/lib/python3.12/site-packages/pkg_py-0.0.0-py3.12.egg-info
[1.959s] running install_scripts
[2.084s] Installing timer_node script to /home/kenzy/ros2_ws/install/pkg_py/lib/pkg_py
[2.085s] writing list of installed files to '/home/kenzy/ros2_ws/build/pkg_py/install.log'
[2.152s] Invoked command in '/home/kenzy/ros2_ws/src/pkg_py' returned '0': DEBUGINFOD_URLS=https://debuginfod.ubuntu.com PYTHONPATH=/home/kenzy/ros2_ws/build/pkg_py/prefix_override:/usr/lib/python3/dist-packages/colcon_core/task/python/colcon_distutils_commands:/home/kenzy/ros2_ws/install/pkg_py/lib/python3.12/site-packages:${PYTHONPATH} /usr/bin/python3 -W ignore:setup.py install is deprecated -W ignore:easy_install command is deprecated setup.py egg_info --egg-base ../../build/pkg_py build --build-base /home/kenzy/ros2_ws/build/pkg_py/build install --record /home/kenzy/ros2_ws/build/pkg_py/install.log --single-version-externally-managed install_data
