[0.111s] DEBUG:colcon:Command line arguments: ['/usr/bin/colcon', 'build', '--symlink-install']
[0.111s] DEBUG:colcon:Parsed command line arguments: Namespace(log_base=None, log_level=None, verb_name='build', build_base='build', install_base='install', merge_install=False, symlink_install=True, test_result_base=None, continue_on_error=False, executor='parallel', parallel_workers=16, event_handlers=None, ignore_user_meta=False, metas=['./colcon.meta'], base_paths=['.'], packages_ignore=None, packages_ignore_regex=None, paths=None, packages_up_to=None, packages_up_to_regex=None, packages_above=None, packages_above_and_dependencies=None, packages_above_depth=None, packages_select_by_dep=None, packages_skip_by_dep=None, packages_skip_up_to=None, packages_select_build_failed=False, packages_skip_build_finished=False, packages_select_test_failures=False, packages_skip_test_passed=False, packages_select=None, packages_skip=None, packages_select_regex=None, packages_skip_regex=None, packages_start=None, packages_end=None, cmake_args=None, cmake_target=None, cmake_target_skip_unavailable=False, cmake_clean_cache=False, cmake_clean_first=False, cmake_force_configure=False, ament_cmake_args=None, catkin_cmake_args=None, catkin_skip_building_tests=False, verb_parser=<colcon_defaults.argument_parser.defaults.DefaultArgumentsDecorator object at 0x737e05928500>, verb_extension=<colcon_core.verb.build.BuildVerb object at 0x737e05a4ce00>, main=<bound method BuildVerb.main of <colcon_core.verb.build.BuildVerb object at 0x737e05a4ce00>>)
[0.154s] Level 1:colcon.colcon_core.package_discovery:discover_packages(colcon_meta) check parameters
[0.155s] Level 1:colcon.colcon_core.package_discovery:discover_packages(recursive) check parameters
[0.155s] Level 1:colcon.colcon_core.package_discovery:discover_packages(ignore) check parameters
[0.155s] Level 1:colcon.colcon_core.package_discovery:discover_packages(path) check parameters
[0.155s] Level 1:colcon.colcon_core.package_discovery:discover_packages(colcon_meta) discover
[0.155s] Level 1:colcon.colcon_core.package_discovery:discover_packages(recursive) discover
[0.155s] INFO:colcon.colcon_core.package_discovery:Crawling recursively for packages in '/home/kenzy/ros2_ws'
[0.155s] Level 1:colcon.colcon_core.package_identification:_identify(.) by extensions ['ignore', 'ignore_ament_install']
[0.155s] Level 1:colcon.colcon_core.package_identification:_identify(.) by extension 'ignore'
[0.155s] Level 1:colcon.colcon_core.package_identification:_identify(.) by extension 'ignore_ament_install'
[0.155s] Level 1:colcon.colcon_core.package_identification:_identify(.) by extensions ['colcon_pkg']
[0.155s] Level 1:colcon.colcon_core.package_identification:_identify(.) by extension 'colcon_pkg'
[0.155s] Level 1:colcon.colcon_core.package_identification:_identify(.) by extensions ['colcon_meta']
[0.155s] Level 1:colcon.colcon_core.package_identification:_identify(.) by extension 'colcon_meta'
[0.155s] Level 1:colcon.colcon_core.package_identification:_identify(.) by extensions ['ros']
[0.155s] Level 1:colcon.colcon_core.package_identification:_identify(.) by extension 'ros'
[0.185s] Level 1:colcon.colcon_core.package_identification:_identify(.) by extensions ['cmake', 'python']
[0.185s] Level 1:colcon.colcon_core.package_identification:_identify(.) by extension 'cmake'
[0.185s] Level 1:colcon.colcon_core.package_identification:_identify(.) by extension 'python'
[0.185s] Level 1:colcon.colcon_core.package_identification:_identify(.) by extensions ['python_setup_py']
[0.185s] Level 1:colcon.colcon_core.package_identification:_identify(.) by extension 'python_setup_py'
[0.185s] Level 1:colcon.colcon_core.package_identification:_identify(build) by extensions ['ignore', 'ignore_ament_install']
[0.185s] Level 1:colcon.colcon_core.package_identification:_identify(build) by extension 'ignore'
[0.185s] Level 1:colcon.colcon_core.package_identification:_identify(build) ignored
[0.186s] Level 1:colcon.colcon_core.package_identification:_identify(install) by extensions ['ignore', 'ignore_ament_install']
[0.186s] Level 1:colcon.colcon_core.package_identification:_identify(install) by extension 'ignore'
[0.186s] Level 1:colcon.colcon_core.package_identification:_identify(install) ignored
[0.186s] Level 1:colcon.colcon_core.package_identification:_identify(log) by extensions ['ignore', 'ignore_ament_install']
[0.186s] Level 1:colcon.colcon_core.package_identification:_identify(log) by extension 'ignore'
[0.186s] Level 1:colcon.colcon_core.package_identification:_identify(log) ignored
[0.186s] Level 1:colcon.colcon_core.package_identification:_identify(src) by extensions ['ignore', 'ignore_ament_install']
[0.186s] Level 1:colcon.colcon_core.package_identification:_identify(src) by extension 'ignore'
[0.186s] Level 1:colcon.colcon_core.package_identification:_identify(src) by extension 'ignore_ament_install'
[0.186s] Level 1:colcon.colcon_core.package_identification:_identify(src) by extensions ['colcon_pkg']
[0.186s] Level 1:colcon.colcon_core.package_identification:_identify(src) by extension 'colcon_pkg'
[0.186s] Level 1:colcon.colcon_core.package_identification:_identify(src) by extensions ['colcon_meta']
[0.186s] Level 1:colcon.colcon_core.package_identification:_identify(src) by extension 'colcon_meta'
[0.186s] Level 1:colcon.colcon_core.package_identification:_identify(src) by extensions ['ros']
[0.186s] Level 1:colcon.colcon_core.package_identification:_identify(src) by extension 'ros'
[0.186s] Level 1:colcon.colcon_core.package_identification:_identify(src) by extensions ['cmake', 'python']
[0.186s] Level 1:colcon.colcon_core.package_identification:_identify(src) by extension 'cmake'
[0.187s] Level 1:colcon.colcon_core.package_identification:_identify(src) by extension 'python'
[0.187s] Level 1:colcon.colcon_core.package_identification:_identify(src) by extensions ['python_setup_py']
[0.187s] Level 1:colcon.colcon_core.package_identification:_identify(src) by extension 'python_setup_py'
[0.187s] Level 1:colcon.colcon_core.package_identification:_identify(src/build) by extensions ['ignore', 'ignore_ament_install']
[0.187s] Level 1:colcon.colcon_core.package_identification:_identify(src/build) by extension 'ignore'
[0.187s] Level 1:colcon.colcon_core.package_identification:_identify(src/build) ignored
[0.187s] Level 1:colcon.colcon_core.package_identification:_identify(src/install) by extensions ['ignore', 'ignore_ament_install']
[0.187s] Level 1:colcon.colcon_core.package_identification:_identify(src/install) by extension 'ignore'
[0.187s] Level 1:colcon.colcon_core.package_identification:_identify(src/install) ignored
[0.187s] Level 1:colcon.colcon_core.package_identification:_identify(src/log) by extensions ['ignore', 'ignore_ament_install']
[0.187s] Level 1:colcon.colcon_core.package_identification:_identify(src/log) by extension 'ignore'
[0.187s] Level 1:colcon.colcon_core.package_identification:_identify(src/log) ignored
[0.187s] Level 1:colcon.colcon_core.package_identification:_identify(src/mypkg) by extensions ['ignore', 'ignore_ament_install']
[0.187s] Level 1:colcon.colcon_core.package_identification:_identify(src/mypkg) by extension 'ignore'
[0.187s] Level 1:colcon.colcon_core.package_identification:_identify(src/mypkg) by extension 'ignore_ament_install'
[0.187s] Level 1:colcon.colcon_core.package_identification:_identify(src/mypkg) by extensions ['colcon_pkg']
[0.187s] Level 1:colcon.colcon_core.package_identification:_identify(src/mypkg) by extension 'colcon_pkg'
[0.188s] Level 1:colcon.colcon_core.package_identification:_identify(src/mypkg) by extensions ['colcon_meta']
[0.188s] Level 1:colcon.colcon_core.package_identification:_identify(src/mypkg) by extension 'colcon_meta'
[0.188s] Level 1:colcon.colcon_core.package_identification:_identify(src/mypkg) by extensions ['ros']
[0.188s] Level 1:colcon.colcon_core.package_identification:_identify(src/mypkg) by extension 'ros'
[0.190s] DEBUG:colcon.colcon_core.package_identification:Package 'src/mypkg' with type 'ros.ament_python' and name 'mypkg'
[0.190s] Level 1:colcon.colcon_core.package_identification:_identify(src/pkg_py) by extensions ['ignore', 'ignore_ament_install']
[0.191s] Level 1:colcon.colcon_core.package_identification:_identify(src/pkg_py) by extension 'ignore'
[0.191s] Level 1:colcon.colcon_core.package_identification:_identify(src/pkg_py) by extension 'ignore_ament_install'
[0.191s] Level 1:colcon.colcon_core.package_identification:_identify(src/pkg_py) by extensions ['colcon_pkg']
[0.191s] Level 1:colcon.colcon_core.package_identification:_identify(src/pkg_py) by extension 'colcon_pkg'
[0.191s] Level 1:colcon.colcon_core.package_identification:_identify(src/pkg_py) by extensions ['colcon_meta']
[0.191s] Level 1:colcon.colcon_core.package_identification:_identify(src/pkg_py) by extension 'colcon_meta'
[0.191s] Level 1:colcon.colcon_core.package_identification:_identify(src/pkg_py) by extensions ['ros']
[0.191s] Level 1:colcon.colcon_core.package_identification:_identify(src/pkg_py) by extension 'ros'
[0.191s] DEBUG:colcon.colcon_core.package_identification:Package 'src/pkg_py' with type 'ros.ament_python' and name 'pkg_py'
[0.192s] Level 1:colcon.colcon_core.package_identification:_identify(src/turtle_pkg) by extensions ['ignore', 'ignore_ament_install']
[0.192s] Level 1:colcon.colcon_core.package_identification:_identify(src/turtle_pkg) by extension 'ignore'
[0.192s] Level 1:colcon.colcon_core.package_identification:_identify(src/turtle_pkg) by extension 'ignore_ament_install'
[0.192s] Level 1:colcon.colcon_core.package_identification:_identify(src/turtle_pkg) by extensions ['colcon_pkg']
[0.192s] Level 1:colcon.colcon_core.package_identification:_identify(src/turtle_pkg) by extension 'colcon_pkg'
[0.192s] Level 1:colcon.colcon_core.package_identification:_identify(src/turtle_pkg) by extensions ['colcon_meta']
[0.192s] Level 1:colcon.colcon_core.package_identification:_identify(src/turtle_pkg) by extension 'colcon_meta'
[0.192s] Level 1:colcon.colcon_core.package_identification:_identify(src/turtle_pkg) by extensions ['ros']
[0.192s] Level 1:colcon.colcon_core.package_identification:_identify(src/turtle_pkg) by extension 'ros'
[0.193s] DEBUG:colcon.colcon_core.package_identification:Package 'src/turtle_pkg' with type 'ros.ament_python' and name 'turtle_pkg'
[0.193s] Level 1:colcon.colcon_core.package_identification:_identify(src/weather_pkg) by extensions ['ignore', 'ignore_ament_install']
[0.193s] Level 1:colcon.colcon_core.package_identification:_identify(src/weather_pkg) by extension 'ignore'
[0.193s] Level 1:colcon.colcon_core.package_identification:_identify(src/weather_pkg) by extension 'ignore_ament_install'
[0.193s] Level 1:colcon.colcon_core.package_identification:_identify(src/weather_pkg) by extensions ['colcon_pkg']
[0.193s] Level 1:colcon.colcon_core.package_identification:_identify(src/weather_pkg) by extension 'colcon_pkg'
[0.193s] Level 1:colcon.colcon_core.package_identification:_identify(src/weather_pkg) by extensions ['colcon_meta']
[0.193s] Level 1:colcon.colcon_core.package_identification:_identify(src/weather_pkg) by extension 'colcon_meta'
[0.193s] Level 1:colcon.colcon_core.package_identification:_identify(src/weather_pkg) by extensions ['ros']
[0.193s] Level 1:colcon.colcon_core.package_identification:_identify(src/weather_pkg) by extension 'ros'
[0.193s] DEBUG:colcon.colcon_core.package_identification:Package 'src/weather_pkg' with type 'ros.ament_python' and name 'weather_pkg'
[0.193s] Level 1:colcon.colcon_core.package_discovery:discover_packages(recursive) using defaults
[0.194s] Level 1:colcon.colcon_core.package_discovery:discover_packages(ignore) discover
[0.194s] Level 1:colcon.colcon_core.package_discovery:discover_packages(ignore) using defaults
[0.194s] Level 1:colcon.colcon_core.package_discovery:discover_packages(path) discover
[0.194s] Level 1:colcon.colcon_core.package_discovery:discover_packages(path) using defaults
[0.216s] Level 5:colcon.colcon_core.verb:set package 'mypkg' build argument 'cmake_args' from command line to 'None'
[0.216s] Level 5:colcon.colcon_core.verb:set package 'mypkg' build argument 'cmake_target' from command line to 'None'
[0.216s] Level 5:colcon.colcon_core.verb:set package 'mypkg' build argument 'cmake_target_skip_unavailable' from command line to 'False'
[0.216s] Level 5:colcon.colcon_core.verb:set package 'mypkg' build argument 'cmake_clean_cache' from command line to 'False'
[0.216s] Level 5:colcon.colcon_core.verb:set package 'mypkg' build argument 'cmake_clean_first' from command line to 'False'
[0.216s] Level 5:colcon.colcon_core.verb:set package 'mypkg' build argument 'cmake_force_configure' from command line to 'False'
[0.216s] Level 5:colcon.colcon_core.verb:set package 'mypkg' build argument 'ament_cmake_args' from command line to 'None'
[0.216s] Level 5:colcon.colcon_core.verb:set package 'mypkg' build argument 'catkin_cmake_args' from command line to 'None'
[0.216s] Level 5:colcon.colcon_core.verb:set package 'mypkg' build argument 'catkin_skip_building_tests' from command line to 'False'
[0.216s] DEBUG:colcon.colcon_core.verb:Building package 'mypkg' with the following arguments: {'ament_cmake_args': None, 'build_base': '/home/kenzy/ros2_ws/build/mypkg', 'catkin_cmake_args': None, 'catkin_skip_building_tests': False, 'cmake_args': None, 'cmake_clean_cache': False, 'cmake_clean_first': False, 'cmake_force_configure': False, 'cmake_target': None, 'cmake_target_skip_unavailable': False, 'install_base': '/home/kenzy/ros2_ws/install/mypkg', 'merge_install': False, 'path': '/home/kenzy/ros2_ws/src/mypkg', 'symlink_install': True, 'test_result_base': None}
[0.216s] Level 5:colcon.colcon_core.verb:set package 'pkg_py' build argument 'cmake_args' from command line to 'None'
[0.216s] Level 5:colcon.colcon_core.verb:set package 'pkg_py' build argument 'cmake_target' from command line to 'None'
[0.216s] Level 5:colcon.colcon_core.verb:set package 'pkg_py' build argument 'cmake_target_skip_unavailable' from command line to 'False'
[0.216s] Level 5:colcon.colcon_core.verb:set package 'pkg_py' build argument 'cmake_clean_cache' from command line to 'False'
[0.216s] Level 5:colcon.colcon_core.verb:set package 'pkg_py' build argument 'cmake_clean_first' from command line to 'False'
[0.216s] Level 5:colcon.colcon_core.verb:set package 'pkg_py' build argument 'cmake_force_configure' from command line to 'False'
[0.216s] Level 5:colcon.colcon_core.verb:set package 'pkg_py' build argument 'ament_cmake_args' from command line to 'None'
[0.216s] Level 5:colcon.colcon_core.verb:set package 'pkg_py' build argument 'catkin_cmake_args' from command line to 'None'
[0.216s] Level 5:colcon.colcon_core.verb:set package 'pkg_py' build argument 'catkin_skip_building_tests' from command line to 'False'
[0.216s] DEBUG:colcon.colcon_core.verb:Building package 'pkg_py' with the following arguments: {'ament_cmake_args': None, 'build_base': '/home/kenzy/ros2_ws/build/pkg_py', 'catkin_cmake_args': None, 'catkin_skip_building_tests': False, 'cmake_args': None, 'cmake_clean_cache': False, 'cmake_clean_first': False, 'cmake_force_configure': False, 'cmake_target': None, 'cmake_target_skip_unavailable': False, 'install_base': '/home/kenzy/ros2_ws/install/pkg_py', 'merge_install': False, 'path': '/home/kenzy/ros2_ws/src/pkg_py', 'symlink_install': True, 'test_result_base': None}
[0.216s] Level 5:colcon.colcon_core.verb:set package 'turtle_pkg' build argument 'cmake_args' from command line to 'None'
[0.217s] Level 5:colcon.colcon_core.verb:set package 'turtle_pkg' build argument 'cmake_target' from command line to 'None'
[0.217s] Level 5:colcon.colcon_core.verb:set package 'turtle_pkg' build argument 'cmake_target_skip_unavailable' from command line to 'False'
[0.217s] Level 5:colcon.colcon_core.verb:set package 'turtle_pkg' build argument 'cmake_clean_cache' from command line to 'False'
[0.217s] Level 5:colcon.colcon_core.verb:set package 'turtle_pkg' build argument 'cmake_clean_first' from command line to 'False'
[0.217s] Level 5:colcon.colcon_core.verb:set package 'turtle_pkg' build argument 'cmake_force_configure' from command line to 'False'
[0.217s] Level 5:colcon.colcon_core.verb:set package 'turtle_pkg' build argument 'ament_cmake_args' from command line to 'None'
[0.217s] Level 5:colcon.colcon_core.verb:set package 'turtle_pkg' build argument 'catkin_cmake_args' from command line to 'None'
[0.217s] Level 5:colcon.colcon_core.verb:set package 'turtle_pkg' build argument 'catkin_skip_building_tests' from command line to 'False'
[0.217s] DEBUG:colcon.colcon_core.verb:Building package 'turtle_pkg' with the following arguments: {'ament_cmake_args': None, 'build_base': '/home/kenzy/ros2_ws/build/turtle_pkg', 'catkin_cmake_args': None, 'catkin_skip_building_tests': False, 'cmake_args': None, 'cmake_clean_cache': False, 'cmake_clean_first': False, 'cmake_force_configure': False, 'cmake_target': None, 'cmake_target_skip_unavailable': False, 'install_base': '/home/kenzy/ros2_ws/install/turtle_pkg', 'merge_install': False, 'path': '/home/kenzy/ros2_ws/src/turtle_pkg', 'symlink_install': True, 'test_result_base': None}
[0.217s] Level 5:colcon.colcon_core.verb:set package 'weather_pkg' build argument 'cmake_args' from command line to 'None'
[0.217s] Level 5:colcon.colcon_core.verb:set package 'weather_pkg' build argument 'cmake_target' from command line to 'None'
[0.217s] Level 5:colcon.colcon_core.verb:set package 'weather_pkg' build argument 'cmake_target_skip_unavailable' from command line to 'False'
[0.217s] Level 5:colcon.colcon_core.verb:set package 'weather_pkg' build argument 'cmake_clean_cache' from command line to 'False'
[0.217s] Level 5:colcon.colcon_core.verb:set package 'weather_pkg' build argument 'cmake_clean_first' from command line to 'False'
[0.217s] Level 5:colcon.colcon_core.verb:set package 'weather_pkg' build argument 'cmake_force_configure' from command line to 'False'
[0.217s] Level 5:colcon.colcon_core.verb:set package 'weather_pkg' build argument 'ament_cmake_args' from command line to 'None'
[0.217s] Level 5:colcon.colcon_core.verb:set package 'weather_pkg' build argument 'catkin_cmake_args' from command line to 'None'
[0.217s] Level 5:colcon.colcon_core.verb:set package 'weather_pkg' build argument 'catkin_skip_building_tests' from command line to 'False'
[0.217s] DEBUG:colcon.colcon_core.verb:Building package 'weather_pkg' with the following arguments: {'ament_cmake_args': None, 'build_base': '/home/kenzy/ros2_ws/build/weather_pkg', 'catkin_cmake_args': None, 'catkin_skip_building_tests': False, 'cmake_args': None, 'cmake_clean_cache': False, 'cmake_clean_first': False, 'cmake_force_configure': False, 'cmake_target': None, 'cmake_target_skip_unavailable': False, 'install_base': '/home/kenzy/ros2_ws/install/weather_pkg', 'merge_install': False, 'path': '/home/kenzy/ros2_ws/src/weather_pkg', 'symlink_install': True, 'test_result_base': None}
[0.217s] INFO:colcon.colcon_core.executor:Executing jobs using 'parallel' executor
[0.219s] DEBUG:colcon.colcon_parallel_executor.executor.parallel:run_until_complete
[0.219s] INFO:colcon.colcon_ros.task.ament_python.build:Building ROS package in '/home/kenzy/ros2_ws/src/mypkg' with build type 'ament_python'
[0.219s] Level 1:colcon.colcon_core.shell:create_environment_hook('mypkg', 'ament_prefix_path')
[0.222s] INFO:colcon.colcon_core.plugin_system:Skipping extension 'colcon_core.shell.bat': Not used on non-Windows systems
[0.222s] INFO:colcon.colcon_core.shell:Creating environment descriptor '/home/kenzy/ros2_ws/install/mypkg/share/mypkg/hook/ament_prefix_path.dsv'
[0.224s] INFO:colcon.colcon_core.shell:Creating environment hook '/home/kenzy/ros2_ws/install/mypkg/share/mypkg/hook/ament_prefix_path.sh'
[0.225s] DEBUG:colcon.colcon_core.shell:Skip shell extension 'dsv' for command environment
[0.235s] INFO:colcon.colcon_ros.task.ament_python.build:Building ROS package in '/home/kenzy/ros2_ws/src/pkg_py' with build type 'ament_python'
[0.235s] Level 1:colcon.colcon_core.shell:create_environment_hook('pkg_py', 'ament_prefix_path')
[0.235s] INFO:colcon.colcon_core.shell:Creating environment descriptor '/home/kenzy/ros2_ws/install/pkg_py/share/pkg_py/hook/ament_prefix_path.dsv'
[0.236s] INFO:colcon.colcon_core.shell:Creating environment hook '/home/kenzy/ros2_ws/install/pkg_py/share/pkg_py/hook/ament_prefix_path.sh'
[0.237s] DEBUG:colcon.colcon_core.shell:Skip shell extension 'dsv' for command environment
[0.243s] INFO:colcon.colcon_ros.task.ament_python.build:Building ROS package in '/home/kenzy/ros2_ws/src/turtle_pkg' with build type 'ament_python'
[0.243s] Level 1:colcon.colcon_core.shell:create_environment_hook('turtle_pkg', 'ament_prefix_path')
[0.244s] INFO:colcon.colcon_core.shell:Creating environment descriptor '/home/kenzy/ros2_ws/install/turtle_pkg/share/turtle_pkg/hook/ament_prefix_path.dsv'
[0.244s] INFO:colcon.colcon_core.shell:Creating environment hook '/home/kenzy/ros2_ws/install/turtle_pkg/share/turtle_pkg/hook/ament_prefix_path.sh'
[0.246s] DEBUG:colcon.colcon_core.shell:Skip shell extension 'dsv' for command environment
[0.251s] INFO:colcon.colcon_ros.task.ament_python.build:Building ROS package in '/home/kenzy/ros2_ws/src/weather_pkg' with build type 'ament_python'
[0.251s] Level 1:colcon.colcon_core.shell:create_environment_hook('weather_pkg', 'ament_prefix_path')
[0.252s] INFO:colcon.colcon_core.shell:Creating environment descriptor '/home/kenzy/ros2_ws/install/weather_pkg/share/weather_pkg/hook/ament_prefix_path.dsv'
[0.252s] INFO:colcon.colcon_core.shell:Creating environment hook '/home/kenzy/ros2_ws/install/weather_pkg/share/weather_pkg/hook/ament_prefix_path.sh'
[0.253s] DEBUG:colcon.colcon_core.shell:Skip shell extension 'dsv' for command environment
[0.517s] INFO:colcon.colcon_core.task.python.build:Building Python package in '/home/kenzy/ros2_ws/src/mypkg'
[0.517s] DEBUG:colcon.colcon_core.shell:Skip shell extension 'dsv' for command environment
[0.773s] INFO:colcon.colcon_core.task.python.build:Building Python package in '/home/kenzy/ros2_ws/src/pkg_py'
[0.774s] DEBUG:colcon.colcon_core.shell:Skip shell extension 'dsv' for command environment
[1.044s] INFO:colcon.colcon_core.task.python.build:Building Python package in '/home/kenzy/ros2_ws/src/turtle_pkg'
[1.044s] DEBUG:colcon.colcon_core.shell:Skip shell extension 'dsv' for command environment
[1.299s] INFO:colcon.colcon_core.task.python.build:Building Python package in '/home/kenzy/ros2_ws/src/weather_pkg'
[1.299s] DEBUG:colcon.colcon_core.shell:Skip shell extension 'dsv' for command environment
[2.301s] DEBUG:colcon.colcon_core.event_handler.log_command:Invoking command in '/home/kenzy/ros2_ws/build/turtle_pkg': DEBUGINFOD_URLS=https://debuginfod.ubuntu.com PYTHONPATH=/home/kenzy/ros2_ws/build/turtle_pkg/prefix_override:/usr/lib/python3/dist-packages/colcon_core/task/python/colcon_distutils_commands:/home/kenzy/ros2_ws/install/turtle_pkg/lib/python3.12/site-packages:${PYTHONPATH} /usr/bin/python3 -W ignore:setup.py install is deprecated -W ignore:easy_install command is deprecated setup.py develop --editable --build-directory /home/kenzy/ros2_ws/build/turtle_pkg/build --no-deps symlink_data
[2.304s] DEBUG:colcon.colcon_core.event_handler.log_command:Invoking command in '/home/kenzy/ros2_ws/build/pkg_py': DEBUGINFOD_URLS=https://debuginfod.ubuntu.com PYTHONPATH=/home/kenzy/ros2_ws/build/pkg_py/prefix_override:/usr/lib/python3/dist-packages/colcon_core/task/python/colcon_distutils_commands:/home/kenzy/ros2_ws/install/pkg_py/lib/python3.12/site-packages:${PYTHONPATH} /usr/bin/python3 -W ignore:setup.py install is deprecated -W ignore:easy_install command is deprecated setup.py develop --editable --build-directory /home/kenzy/ros2_ws/build/pkg_py/build --no-deps symlink_data
[2.306s] DEBUG:colcon.colcon_core.event_handler.log_command:Invoking command in '/home/kenzy/ros2_ws/build/weather_pkg': DEBUGINFOD_URLS=https://debuginfod.ubuntu.com PYTHONPATH=/home/kenzy/ros2_ws/build/weather_pkg/prefix_override:/usr/lib/python3/dist-packages/colcon_core/task/python/colcon_distutils_commands:/home/kenzy/ros2_ws/install/weather_pkg/lib/python3.12/site-packages:${PYTHONPATH} /usr/bin/python3 -W ignore:setup.py install is deprecated -W ignore:easy_install command is deprecated setup.py develop --editable --build-directory /home/kenzy/ros2_ws/build/weather_pkg/build --no-deps symlink_data
[2.316s] DEBUG:colcon.colcon_core.event_handler.log_command:Invoking command in '/home/kenzy/ros2_ws/build/mypkg': DEBUGINFOD_URLS=https://debuginfod.ubuntu.com PYTHONPATH=/home/kenzy/ros2_ws/build/mypkg/prefix_override:/usr/lib/python3/dist-packages/colcon_core/task/python/colcon_distutils_commands:/home/kenzy/ros2_ws/install/mypkg/lib/python3.12/site-packages:${PYTHONPATH} /usr/bin/python3 -W ignore:setup.py install is deprecated -W ignore:easy_install command is deprecated setup.py develop --editable --build-directory /home/kenzy/ros2_ws/build/mypkg/build --no-deps symlink_data
[3.456s] Level 1:colcon.colcon_core.shell:create_environment_hook('pkg_py', 'pythonpath_develop')
[3.457s] INFO:colcon.colcon_core.shell:Creating environment descriptor '/home/kenzy/ros2_ws/build/pkg_py/share/pkg_py/hook/pythonpath_develop.dsv'
[3.459s] DEBUG:colcon.colcon_core.event_handler.log_command:Invoked command in '/home/kenzy/ros2_ws/build/pkg_py' returned '0': DEBUGINFOD_URLS=https://debuginfod.ubuntu.com PYTHONPATH=/home/kenzy/ros2_ws/build/pkg_py/prefix_override:/usr/lib/python3/dist-packages/colcon_core/task/python/colcon_distutils_commands:/home/kenzy/ros2_ws/install/pkg_py/lib/python3.12/site-packages:${PYTHONPATH} /usr/bin/python3 -W ignore:setup.py install is deprecated -W ignore:easy_install command is deprecated setup.py develop --editable --build-directory /home/kenzy/ros2_ws/build/pkg_py/build --no-deps symlink_data
[3.460s] INFO:colcon.colcon_core.shell:Creating environment hook '/home/kenzy/ros2_ws/build/pkg_py/share/pkg_py/hook/pythonpath_develop.sh'
[3.468s] Level 1:colcon.colcon_core.environment:checking '/home/kenzy/ros2_ws/install/pkg_py' for CMake module files
[3.469s] Level 1:colcon.colcon_core.environment:checking '/home/kenzy/ros2_ws/install/pkg_py' for CMake config files
[3.471s] Level 1:colcon.colcon_core.environment:checking '/home/kenzy/ros2_ws/install/pkg_py/lib'
[3.472s] Level 1:colcon.colcon_core.environment:checking '/home/kenzy/ros2_ws/install/pkg_py/bin'
[3.472s] Level 1:colcon.colcon_core.environment:checking '/home/kenzy/ros2_ws/install/pkg_py/lib/pkgconfig/pkg_py.pc'
[3.472s] Level 1:colcon.colcon_core.environment:checking '/home/kenzy/ros2_ws/install/pkg_py/lib/python3.12/site-packages'
[3.473s] Level 1:colcon.colcon_core.shell:create_environment_hook('pkg_py', 'pythonpath')
[3.473s] INFO:colcon.colcon_core.shell:Creating environment descriptor '/home/kenzy/ros2_ws/install/pkg_py/share/pkg_py/hook/pythonpath.dsv'
[3.474s] INFO:colcon.colcon_core.shell:Creating environment hook '/home/kenzy/ros2_ws/install/pkg_py/share/pkg_py/hook/pythonpath.sh'
[3.475s] Level 1:colcon.colcon_core.environment:checking '/home/kenzy/ros2_ws/install/pkg_py/bin'
[3.476s] Level 1:colcon.colcon_core.environment:create_environment_scripts_only(pkg_py)
[3.476s] INFO:colcon.colcon_core.shell:Creating package descriptor '/home/kenzy/ros2_ws/install/pkg_py/share/pkg_py/package.dsv'
[3.477s] INFO:colcon.colcon_core.shell:Creating package script '/home/kenzy/ros2_ws/install/pkg_py/share/pkg_py/package.sh'
[3.479s] INFO:colcon.colcon_core.shell:Creating package script '/home/kenzy/ros2_ws/install/pkg_py/share/pkg_py/package.bash'
[3.480s] INFO:colcon.colcon_core.shell:Creating package script '/home/kenzy/ros2_ws/install/pkg_py/share/pkg_py/package.zsh'
[3.481s] Level 1:colcon.colcon_core.environment:create_file_with_runtime_dependencies(/home/kenzy/ros2_ws/install/pkg_py/share/colcon-core/packages/pkg_py)
[3.484s] Level 1:colcon.colcon_core.shell:create_environment_hook('mypkg', 'pythonpath_develop')
[3.484s] INFO:colcon.colcon_core.shell:Creating environment descriptor '/home/kenzy/ros2_ws/build/mypkg/share/mypkg/hook/pythonpath_develop.dsv'
[3.486s] DEBUG:colcon.colcon_core.event_handler.log_command:Invoked command in '/home/kenzy/ros2_ws/build/mypkg' returned '0': DEBUGINFOD_URLS=https://debuginfod.ubuntu.com PYTHONPATH=/home/kenzy/ros2_ws/build/mypkg/prefix_override:/usr/lib/python3/dist-packages/colcon_core/task/python/colcon_distutils_commands:/home/kenzy/ros2_ws/install/mypkg/lib/python3.12/site-packages:${PYTHONPATH} /usr/bin/python3 -W ignore:setup.py install is deprecated -W ignore:easy_install command is deprecated setup.py develop --editable --build-directory /home/kenzy/ros2_ws/build/mypkg/build --no-deps symlink_data
[3.487s] INFO:colcon.colcon_core.shell:Creating environment hook '/home/kenzy/ros2_ws/build/mypkg/share/mypkg/hook/pythonpath_develop.sh'
[3.490s] Level 1:colcon.colcon_core.environment:checking '/home/kenzy/ros2_ws/install/mypkg' for CMake module files
[3.492s] Level 1:colcon.colcon_core.environment:checking '/home/kenzy/ros2_ws/install/mypkg' for CMake config files
[3.495s] Level 1:colcon.colcon_core.environment:checking '/home/kenzy/ros2_ws/install/mypkg/lib'
[3.495s] Level 1:colcon.colcon_core.environment:checking '/home/kenzy/ros2_ws/install/mypkg/bin'
[3.495s] Level 1:colcon.colcon_core.environment:checking '/home/kenzy/ros2_ws/install/mypkg/lib/pkgconfig/mypkg.pc'
[3.496s] Level 1:colcon.colcon_core.environment:checking '/home/kenzy/ros2_ws/install/mypkg/lib/python3.12/site-packages'
[3.497s] Level 1:colcon.colcon_core.shell:create_environment_hook('mypkg', 'pythonpath')
[3.497s] INFO:colcon.colcon_core.shell:Creating environment descriptor '/home/kenzy/ros2_ws/install/mypkg/share/mypkg/hook/pythonpath.dsv'
[3.498s] INFO:colcon.colcon_core.shell:Creating environment hook '/home/kenzy/ros2_ws/install/mypkg/share/mypkg/hook/pythonpath.sh'
[3.500s] Level 1:colcon.colcon_core.environment:checking '/home/kenzy/ros2_ws/install/mypkg/bin'
[3.500s] Level 1:colcon.colcon_core.environment:create_environment_scripts_only(mypkg)
[3.501s] INFO:colcon.colcon_core.shell:Creating package descriptor '/home/kenzy/ros2_ws/install/mypkg/share/mypkg/package.dsv'
[3.502s] INFO:colcon.colcon_core.shell:Creating package script '/home/kenzy/ros2_ws/install/mypkg/share/mypkg/package.sh'
[3.503s] INFO:colcon.colcon_core.shell:Creating package script '/home/kenzy/ros2_ws/install/mypkg/share/mypkg/package.bash'
[3.504s] INFO:colcon.colcon_core.shell:Creating package script '/home/kenzy/ros2_ws/install/mypkg/share/mypkg/package.zsh'
[3.504s] Level 1:colcon.colcon_core.environment:create_file_with_runtime_dependencies(/home/kenzy/ros2_ws/install/mypkg/share/colcon-core/packages/mypkg)
[3.505s] Level 1:colcon.colcon_core.shell:create_environment_hook('turtle_pkg', 'pythonpath_develop')
[3.505s] INFO:colcon.colcon_core.shell:Creating environment descriptor '/home/kenzy/ros2_ws/build/turtle_pkg/share/turtle_pkg/hook/pythonpath_develop.dsv'
[3.507s] INFO:colcon.colcon_core.shell:Creating environment hook '/home/kenzy/ros2_ws/build/turtle_pkg/share/turtle_pkg/hook/pythonpath_develop.sh'
[3.508s] DEBUG:colcon.colcon_core.event_handler.log_command:Invoked command in '/home/kenzy/ros2_ws/build/turtle_pkg' returned '0': DEBUGINFOD_URLS=https://debuginfod.ubuntu.com PYTHONPATH=/home/kenzy/ros2_ws/build/turtle_pkg/prefix_override:/usr/lib/python3/dist-packages/colcon_core/task/python/colcon_distutils_commands:/home/kenzy/ros2_ws/install/turtle_pkg/lib/python3.12/site-packages:${PYTHONPATH} /usr/bin/python3 -W ignore:setup.py install is deprecated -W ignore:easy_install command is deprecated setup.py develop --editable --build-directory /home/kenzy/ros2_ws/build/turtle_pkg/build --no-deps symlink_data
[3.509s] Level 1:colcon.colcon_core.environment:checking '/home/kenzy/ros2_ws/install/turtle_pkg' for CMake module files
[3.511s] Level 1:colcon.colcon_core.environment:checking '/home/kenzy/ros2_ws/install/turtle_pkg' for CMake config files
[3.513s] Level 1:colcon.colcon_core.environment:checking '/home/kenzy/ros2_ws/install/turtle_pkg/lib'
[3.514s] Level 1:colcon.colcon_core.environment:checking '/home/kenzy/ros2_ws/install/turtle_pkg/bin'
[3.514s] Level 1:colcon.colcon_core.environment:checking '/home/kenzy/ros2_ws/install/turtle_pkg/lib/pkgconfig/turtle_pkg.pc'
[3.515s] Level 1:colcon.colcon_core.environment:checking '/home/kenzy/ros2_ws/install/turtle_pkg/lib/python3.12/site-packages'
[3.515s] Level 1:colcon.colcon_core.shell:create_environment_hook('turtle_pkg', 'pythonpath')
[3.516s] INFO:colcon.colcon_core.shell:Creating environment descriptor '/home/kenzy/ros2_ws/install/turtle_pkg/share/turtle_pkg/hook/pythonpath.dsv'
[3.517s] INFO:colcon.colcon_core.shell:Creating environment hook '/home/kenzy/ros2_ws/install/turtle_pkg/share/turtle_pkg/hook/pythonpath.sh'
[3.519s] Level 1:colcon.colcon_core.environment:checking '/home/kenzy/ros2_ws/install/turtle_pkg/bin'
[3.519s] Level 1:colcon.colcon_core.environment:create_environment_scripts_only(turtle_pkg)
[3.520s] INFO:colcon.colcon_core.shell:Creating package descriptor '/home/kenzy/ros2_ws/install/turtle_pkg/share/turtle_pkg/package.dsv'
[3.522s] INFO:colcon.colcon_core.shell:Creating package script '/home/kenzy/ros2_ws/install/turtle_pkg/share/turtle_pkg/package.sh'
[3.523s] INFO:colcon.colcon_core.shell:Creating package script '/home/kenzy/ros2_ws/install/turtle_pkg/share/turtle_pkg/package.bash'
[3.525s] INFO:colcon.colcon_core.shell:Creating package script '/home/kenzy/ros2_ws/install/turtle_pkg/share/turtle_pkg/package.zsh'
[3.527s] Level 1:colcon.colcon_core.environment:create_file_with_runtime_dependencies(/home/kenzy/ros2_ws/install/turtle_pkg/share/colcon-core/packages/turtle_pkg)
[3.546s] Level 1:colcon.colcon_core.shell:create_environment_hook('weather_pkg', 'pythonpath_develop')
[3.547s] INFO:colcon.colcon_core.shell:Creating environment descriptor '/home/kenzy/ros2_ws/build/weather_pkg/share/weather_pkg/hook/pythonpath_develop.dsv'
[3.548s] DEBUG:colcon.colcon_core.event_handler.log_command:Invoked command in '/home/kenzy/ros2_ws/build/weather_pkg' returned '0': DEBUGINFOD_URLS=https://debuginfod.ubuntu.com PYTHONPATH=/home/kenzy/ros2_ws/build/weather_pkg/prefix_override:/usr/lib/python3/dist-packages/colcon_core/task/python/colcon_distutils_commands:/home/kenzy/ros2_ws/install/weather_pkg/lib/python3.12/site-packages:${PYTHONPATH} /usr/bin/python3 -W ignore:setup.py install is deprecated -W ignore:easy_install command is deprecated setup.py develop --editable --build-directory /home/kenzy/ros2_ws/build/weather_pkg/build --no-deps symlink_data
[3.549s] INFO:colcon.colcon_core.shell:Creating environment hook '/home/kenzy/ros2_ws/build/weather_pkg/share/weather_pkg/hook/pythonpath_develop.sh'
[3.551s] Level 1:colcon.colcon_core.environment:checking '/home/kenzy/ros2_ws/install/weather_pkg' for CMake module files
[3.553s] Level 1:colcon.colcon_core.environment:checking '/home/kenzy/ros2_ws/install/weather_pkg' for CMake config files
[3.555s] Level 1:colcon.colcon_core.environment:checking '/home/kenzy/ros2_ws/install/weather_pkg/lib'
[3.555s] Level 1:colcon.colcon_core.environment:checking '/home/kenzy/ros2_ws/install/weather_pkg/bin'
[3.555s] Level 1:colcon.colcon_core.environment:checking '/home/kenzy/ros2_ws/install/weather_pkg/lib/pkgconfig/weather_pkg.pc'
[3.556s] Level 1:colcon.colcon_core.environment:checking '/home/kenzy/ros2_ws/install/weather_pkg/lib/python3.12/site-packages'
[3.557s] Level 1:colcon.colcon_core.shell:create_environment_hook('weather_pkg', 'pythonpath')
[3.557s] INFO:colcon.colcon_core.shell:Creating environment descriptor '/home/kenzy/ros2_ws/install/weather_pkg/share/weather_pkg/hook/pythonpath.dsv'
[3.558s] INFO:colcon.colcon_core.shell:Creating environment hook '/home/kenzy/ros2_ws/install/weather_pkg/share/weather_pkg/hook/pythonpath.sh'
[3.559s] Level 1:colcon.colcon_core.environment:checking '/home/kenzy/ros2_ws/install/weather_pkg/bin'
[3.559s] Level 1:colcon.colcon_core.environment:create_environment_scripts_only(weather_pkg)
[3.560s] INFO:colcon.colcon_core.shell:Creating package descriptor '/home/kenzy/ros2_ws/install/weather_pkg/share/weather_pkg/package.dsv'
[3.561s] INFO:colcon.colcon_core.shell:Creating package script '/home/kenzy/ros2_ws/install/weather_pkg/share/weather_pkg/package.sh'
[3.561s] INFO:colcon.colcon_core.shell:Creating package script '/home/kenzy/ros2_ws/install/weather_pkg/share/weather_pkg/package.bash'
[3.562s] INFO:colcon.colcon_core.shell:Creating package script '/home/kenzy/ros2_ws/install/weather_pkg/share/weather_pkg/package.zsh'
[3.562s] Level 1:colcon.colcon_core.environment:create_file_with_runtime_dependencies(/home/kenzy/ros2_ws/install/weather_pkg/share/colcon-core/packages/weather_pkg)
[3.563s] DEBUG:colcon.colcon_parallel_executor.executor.parallel:closing loop
[3.563s] DEBUG:colcon.colcon_parallel_executor.executor.parallel:loop closed
[3.563s] DEBUG:colcon.colcon_parallel_executor.executor.parallel:run_until_complete finished with '0'
[3.564s] DEBUG:colcon.colcon_core.event_reactor:joining thread
[3.574s] INFO:colcon.colcon_core.plugin_system:Skipping extension 'colcon_notification.desktop_notification.terminal_notifier': Not used on non-Darwin systems
[3.575s] INFO:colcon.colcon_core.plugin_system:Skipping extension 'colcon_notification.desktop_notification.win32': Not used on non-Windows systems
[3.575s] INFO:colcon.colcon_notification.desktop_notification:Sending desktop notification using 'notify2'
[3.603s] DEBUG:colcon.colcon_core.event_reactor:joined thread
[3.604s] INFO:colcon.colcon_core.shell:Creating prefix script '/home/kenzy/ros2_ws/install/local_setup.sh'
[3.605s] INFO:colcon.colcon_core.shell:Creating prefix util module '/home/kenzy/ros2_ws/install/_local_setup_util_sh.py'
[3.606s] INFO:colcon.colcon_core.shell:Creating prefix chain script '/home/kenzy/ros2_ws/install/setup.sh'
[3.608s] INFO:colcon.colcon_core.shell:Creating prefix script '/home/kenzy/ros2_ws/install/local_setup.bash'
[3.609s] INFO:colcon.colcon_core.shell:Creating prefix chain script '/home/kenzy/ros2_ws/install/setup.bash'
[3.610s] INFO:colcon.colcon_core.shell:Creating prefix script '/home/kenzy/ros2_ws/install/local_setup.zsh'
[3.611s] INFO:colcon.colcon_core.shell:Creating prefix chain script '/home/kenzy/ros2_ws/install/setup.zsh'
