[2.048s] Invoking command in '/home/kenzy/ros2_ws/build/weather_pkg': DEBUGINFOD_URLS=https://debuginfod.ubuntu.com PYTHONPATH=/home/kenzy/ros2_ws/build/weather_pkg/prefix_override:/usr/lib/python3/dist-packages/colcon_core/task/python/colcon_distutils_commands:/home/kenzy/ros2_ws/install/weather_pkg/lib/python3.12/site-packages:${PYTHONPATH} /usr/bin/python3 -W ignore:setup.py install is deprecated -W ignore:easy_install command is deprecated setup.py develop --editable --build-directory /home/kenzy/ros2_ws/build/weather_pkg/build --no-deps symlink_data
[2.615s] running develop
[2.915s] running egg_info
[2.943s] writing weather_pkg.egg-info/PKG-INFO
[2.943s] writing dependency_links to weather_pkg.egg-info/dependency_links.txt
[2.943s] writing entry points to weather_pkg.egg-info/entry_points.txt
[2.944s] writing requirements to weather_pkg.egg-info/requires.txt
[2.944s] writing top-level names to weather_pkg.egg-info/top_level.txt
[3.005s] reading manifest file 'weather_pkg.egg-info/SOURCES.txt'
[3.006s] writing manifest file 'weather_pkg.egg-info/SOURCES.txt'
[3.038s] running build_ext
[3.039s] Creating /home/kenzy/ros2_ws/install/weather_pkg/lib/python3.12/site-packages/weather-pkg.egg-link (link to .)
[3.040s] Installing humidity_node script to /home/kenzy/ros2_ws/install/weather_pkg/lib/weather_pkg
[3.040s] Installing monitor_node script to /home/kenzy/ros2_ws/install/weather_pkg/lib/weather_pkg
[3.041s] Installing pressure_node script to /home/kenzy/ros2_ws/install/weather_pkg/lib/weather_pkg
[3.041s] Installing temperature_node script to /home/kenzy/ros2_ws/install/weather_pkg/lib/weather_pkg
[3.041s] 
[3.042s] Installed /home/kenzy/ros2_ws/build/weather_pkg
[3.042s] running symlink_data
[3.140s] Invoked command in '/home/kenzy/ros2_ws/build/weather_pkg' returned '0': DEBUGINFOD_URLS=https://debuginfod.ubuntu.com PYTHONPATH=/home/kenzy/ros2_ws/build/weather_pkg/prefix_override:/usr/lib/python3/dist-packages/colcon_core/task/python/colcon_distutils_commands:/home/kenzy/ros2_ws/install/weather_pkg/lib/python3.12/site-packages:${PYTHONPATH} /usr/bin/python3 -W ignore:setup.py install is deprecated -W ignore:easy_install command is deprecated setup.py develop --editable --build-directory /home/kenzy/ros2_ws/build/weather_pkg/build --no-deps symlink_data
