[2.341s] Invoking command in '/home/kenzy/ros2_ws/src/weather_pkg': DEBUGINFOD_URLS=https://debuginfod.ubuntu.com PYTHONPATH=/home/kenzy/ros2_ws/build/weather_pkg/prefix_override:/usr/lib/python3/dist-packages/colcon_core/task/python/colcon_distutils_commands:/home/kenzy/ros2_ws/install/weather_pkg/lib/python3.12/site-packages:${PYTHONPATH} /usr/bin/python3 -W ignore:setup.py install is deprecated -W ignore:easy_install command is deprecated setup.py egg_info --egg-base ../../build/weather_pkg build --build-base /home/kenzy/ros2_ws/build/weather_pkg/build install --record /home/kenzy/ros2_ws/build/weather_pkg/install.log --single-version-externally-managed install_data
[2.805s] running egg_info
[2.834s] writing ../../build/weather_pkg/weather_pkg.egg-info/PKG-INFO
[2.835s] writing dependency_links to ../../build/weather_pkg/weather_pkg.egg-info/dependency_links.txt
[2.835s] writing entry points to ../../build/weather_pkg/weather_pkg.egg-info/entry_points.txt
[2.836s] writing requirements to ../../build/weather_pkg/weather_pkg.egg-info/requires.txt
[2.836s] writing top-level names to ../../build/weather_pkg/weather_pkg.egg-info/top_level.txt
[2.895s] reading manifest file '../../build/weather_pkg/weather_pkg.egg-info/SOURCES.txt'
[2.897s] writing manifest file '../../build/weather_pkg/weather_pkg.egg-info/SOURCES.txt'
[2.897s] running build
[2.897s] running build_py
[2.897s] running install
[2.910s] running install_lib
[2.940s] running install_data
[2.941s] running install_egg_info
[2.972s] removing '/home/kenzy/ros2_ws/install/weather_pkg/lib/python3.12/site-packages/weather_pkg-0.0.0-py3.12.egg-info' (and everything under it)
[2.972s] Copying ../../build/weather_pkg/weather_pkg.egg-info to /home/kenzy/ros2_ws/install/weather_pkg/lib/python3.12/site-packages/weather_pkg-0.0.0-py3.12.egg-info
[2.973s] running install_scripts
[3.189s] Installing humidity_node script to /home/kenzy/ros2_ws/install/weather_pkg/lib/weather_pkg
[3.189s] Installing monitor_node script to /home/kenzy/ros2_ws/install/weather_pkg/lib/weather_pkg
[3.189s] Installing pressure_node script to /home/kenzy/ros2_ws/install/weather_pkg/lib/weather_pkg
[3.190s] Installing temperature_node script to /home/kenzy/ros2_ws/install/weather_pkg/lib/weather_pkg
[3.190s] writing list of installed files to '/home/kenzy/ros2_ws/build/weather_pkg/install.log'
[3.249s] Invoked command in '/home/kenzy/ros2_ws/src/weather_pkg' returned '0': DEBUGINFOD_URLS=https://debuginfod.ubuntu.com PYTHONPATH=/home/kenzy/ros2_ws/build/weather_pkg/prefix_override:/usr/lib/python3/dist-packages/colcon_core/task/python/colcon_distutils_commands:/home/kenzy/ros2_ws/install/weather_pkg/lib/python3.12/site-packages:${PYTHONPATH} /usr/bin/python3 -W ignore:setup.py install is deprecated -W ignore:easy_install command is deprecated setup.py egg_info --egg-base ../../build/weather_pkg build --build-base /home/kenzy/ros2_ws/build/weather_pkg/build install --record /home/kenzy/ros2_ws/build/weather_pkg/install.log --single-version-externally-managed install_data
