running develop
Removing /home/kenzy/ros2_ws/install/turtle_pkg/lib/python3.12/site-packages/turtle-pkg.egg-link (link to .)
running egg_info
writing ../../build/turtle_pkg/turtle_pkg.egg-info/PKG-INFO
writing dependency_links to ../../build/turtle_pkg/turtle_pkg.egg-info/dependency_links.txt
writing entry points to ../../build/turtle_pkg/turtle_pkg.egg-info/entry_points.txt
writing requirements to ../../build/turtle_pkg/turtle_pkg.egg-info/requires.txt
writing top-level names to ../../build/turtle_pkg/turtle_pkg.egg-info/top_level.txt
reading manifest file '../../build/turtle_pkg/turtle_pkg.egg-info/SOURCES.txt'
writing manifest file '../../build/turtle_pkg/turtle_pkg.egg-info/SOURCES.txt'
running build
running build_py
creating /home/kenzy/ros2_ws/build/turtle_pkg/build
creating /home/kenzy/ros2_ws/build/turtle_pkg/build/lib
creating /home/kenzy/ros2_ws/build/turtle_pkg/build/lib/turtle_pkg
copying turtle_pkg/turtle_node.py -> /home/kenzy/ros2_ws/build/turtle_pkg/build/lib/turtle_pkg
copying turtle_pkg/_init_.py -> /home/kenzy/ros2_ws/build/turtle_pkg/build/lib/turtle_pkg
copying turtle_pkg/__init__.py -> /home/kenzy/ros2_ws/build/turtle_pkg/build/lib/turtle_pkg
running install
running install_lib
creating /home/kenzy/ros2_ws/install/turtle_pkg/lib/python3.12/site-packages/turtle_pkg
copying /home/kenzy/ros2_ws/build/turtle_pkg/build/lib/turtle_pkg/turtle_node.py -> /home/kenzy/ros2_ws/install/turtle_pkg/lib/python3.12/site-packages/turtle_pkg
copying /home/kenzy/ros2_ws/build/turtle_pkg/build/lib/turtle_pkg/_init_.py -> /home/kenzy/ros2_ws/install/turtle_pkg/lib/python3.12/site-packages/turtle_pkg
copying /home/kenzy/ros2_ws/build/turtle_pkg/build/lib/turtle_pkg/__init__.py -> /home/kenzy/ros2_ws/install/turtle_pkg/lib/python3.12/site-packages/turtle_pkg
byte-compiling /home/kenzy/ros2_ws/install/turtle_pkg/lib/python3.12/site-packages/turtle_pkg/turtle_node.py to turtle_node.cpython-312.pyc
byte-compiling /home/kenzy/ros2_ws/install/turtle_pkg/lib/python3.12/site-packages/turtle_pkg/_init_.py to _init_.cpython-312.pyc
byte-compiling /home/kenzy/ros2_ws/install/turtle_pkg/lib/python3.12/site-packages/turtle_pkg/__init__.py to __init__.cpython-312.pyc
running install_data
copying resource/turtle_pkg -> /home/kenzy/ros2_ws/install/turtle_pkg/share/ament_index/resource_index/packages
copying package.xml -> /home/kenzy/ros2_ws/install/turtle_pkg/share/turtle_pkg
running install_egg_info
Copying ../../build/turtle_pkg/turtle_pkg.egg-info to /home/kenzy/ros2_ws/install/turtle_pkg/lib/python3.12/site-packages/turtle_pkg-0.0.0-py3.12.egg-info
running install_scripts
Installing turtle_node script to /home/kenzy/ros2_ws/install/turtle_pkg/lib/turtle_pkg
writing list of installed files to '/home/kenzy/ros2_ws/build/turtle_pkg/install.log'
