[1.755s] Invoking command in '/home/kenzy/ros2_ws/build/turtle_pkg': DEBUGINFOD_URLS=https://debuginfod.ubuntu.com PYTHONPATH=/home/kenzy/ros2_ws/build/turtle_pkg/prefix_override:/usr/lib/python3/dist-packages/colcon_core/task/python/colcon_distutils_commands:/home/kenzy/ros2_ws/install/turtle_pkg/lib/python3.12/site-packages:${PYTHONPATH} /usr/bin/python3 -W ignore:setup.py install is deprecated -W ignore:easy_install command is deprecated setup.py develop --uninstall --editable --build-directory /home/kenzy/ros2_ws/build/turtle_pkg/build
[2.072s] running develop
[2.254s] Removing /home/kenzy/ros2_ws/install/turtle_pkg/lib/python3.12/site-packages/turtle-pkg.egg-link (link to .)
[2.320s] Invoked command in '/home/kenzy/ros2_ws/build/turtle_pkg' returned '0': DEBUGINFOD_URLS=https://debuginfod.ubuntu.com PYTHONPATH=/home/kenzy/ros2_ws/build/turtle_pkg/prefix_override:/usr/lib/python3/dist-packages/colcon_core/task/python/colcon_distutils_commands:/home/kenzy/ros2_ws/install/turtle_pkg/lib/python3.12/site-packages:${PYTHONPATH} /usr/bin/python3 -W ignore:setup.py install is deprecated -W ignore:easy_install command is deprecated setup.py develop --uninstall --editable --build-directory /home/kenzy/ros2_ws/build/turtle_pkg/build
[2.321s] Invoking command in '/home/kenzy/ros2_ws/src/turtle_pkg': DEBUGINFOD_URLS=https://debuginfod.ubuntu.com PYTHONPATH=/home/kenzy/ros2_ws/build/turtle_pkg/prefix_override:/usr/lib/python3/dist-packages/colcon_core/task/python/colcon_distutils_commands:/home/kenzy/ros2_ws/install/turtle_pkg/lib/python3.12/site-packages:${PYTHONPATH} /usr/bin/python3 -W ignore:setup.py install is deprecated -W ignore:easy_install command is deprecated setup.py egg_info --egg-base ../../build/turtle_pkg build --build-base /home/kenzy/ros2_ws/build/turtle_pkg/build install --record /home/kenzy/ros2_ws/build/turtle_pkg/install.log --single-version-externally-managed install_data --force
[2.595s] running egg_info
[2.611s] writing ../../build/turtle_pkg/turtle_pkg.egg-info/PKG-INFO
[2.612s] writing dependency_links to ../../build/turtle_pkg/turtle_pkg.egg-info/dependency_links.txt
[2.612s] writing entry points to ../../build/turtle_pkg/turtle_pkg.egg-info/entry_points.txt
[2.612s] writing requirements to ../../build/turtle_pkg/turtle_pkg.egg-info/requires.txt
[2.612s] writing top-level names to ../../build/turtle_pkg/turtle_pkg.egg-info/top_level.txt
[2.647s] reading manifest file '../../build/turtle_pkg/turtle_pkg.egg-info/SOURCES.txt'
[2.648s] writing manifest file '../../build/turtle_pkg/turtle_pkg.egg-info/SOURCES.txt'
[2.648s] running build
[2.648s] running build_py
[2.649s] creating /home/kenzy/ros2_ws/build/turtle_pkg/build
[2.649s] creating /home/kenzy/ros2_ws/build/turtle_pkg/build/lib
[2.649s] creating /home/kenzy/ros2_ws/build/turtle_pkg/build/lib/turtle_pkg
[2.649s] copying turtle_pkg/turtle_node.py -> /home/kenzy/ros2_ws/build/turtle_pkg/build/lib/turtle_pkg
[2.649s] copying turtle_pkg/_init_.py -> /home/kenzy/ros2_ws/build/turtle_pkg/build/lib/turtle_pkg
[2.650s] copying turtle_pkg/__init__.py -> /home/kenzy/ros2_ws/build/turtle_pkg/build/lib/turtle_pkg
[2.650s] running install
[2.657s] running install_lib
[2.674s] creating /home/kenzy/ros2_ws/install/turtle_pkg/lib/python3.12/site-packages/turtle_pkg
[2.674s] copying /home/kenzy/ros2_ws/build/turtle_pkg/build/lib/turtle_pkg/turtle_node.py -> /home/kenzy/ros2_ws/install/turtle_pkg/lib/python3.12/site-packages/turtle_pkg
[2.674s] copying /home/kenzy/ros2_ws/build/turtle_pkg/build/lib/turtle_pkg/_init_.py -> /home/kenzy/ros2_ws/install/turtle_pkg/lib/python3.12/site-packages/turtle_pkg
[2.674s] copying /home/kenzy/ros2_ws/build/turtle_pkg/build/lib/turtle_pkg/__init__.py -> /home/kenzy/ros2_ws/install/turtle_pkg/lib/python3.12/site-packages/turtle_pkg
[2.675s] byte-compiling /home/kenzy/ros2_ws/install/turtle_pkg/lib/python3.12/site-packages/turtle_pkg/turtle_node.py to turtle_node.cpython-312.pyc
[2.675s] byte-compiling /home/kenzy/ros2_ws/install/turtle_pkg/lib/python3.12/site-packages/turtle_pkg/_init_.py to _init_.cpython-312.pyc
[2.675s] byte-compiling /home/kenzy/ros2_ws/install/turtle_pkg/lib/python3.12/site-packages/turtle_pkg/__init__.py to __init__.cpython-312.pyc
[2.675s] running install_data
[2.676s] copying resource/turtle_pkg -> /home/kenzy/ros2_ws/install/turtle_pkg/share/ament_index/resource_index/packages
[2.676s] copying package.xml -> /home/kenzy/ros2_ws/install/turtle_pkg/share/turtle_pkg
[2.677s] running install_egg_info
[2.696s] Copying ../../build/turtle_pkg/turtle_pkg.egg-info to /home/kenzy/ros2_ws/install/turtle_pkg/lib/python3.12/site-packages/turtle_pkg-0.0.0-py3.12.egg-info
[2.697s] running install_scripts
[2.825s] Installing turtle_node script to /home/kenzy/ros2_ws/install/turtle_pkg/lib/turtle_pkg
[2.825s] writing list of installed files to '/home/kenzy/ros2_ws/build/turtle_pkg/install.log'
[2.865s] Invoked command in '/home/kenzy/ros2_ws/src/turtle_pkg' returned '0': DEBUGINFOD_URLS=https://debuginfod.ubuntu.com PYTHONPATH=/home/kenzy/ros2_ws/build/turtle_pkg/prefix_override:/usr/lib/python3/dist-packages/colcon_core/task/python/colcon_distutils_commands:/home/kenzy/ros2_ws/install/turtle_pkg/lib/python3.12/site-packages:${PYTHONPATH} /usr/bin/python3 -W ignore:setup.py install is deprecated -W ignore:easy_install command is deprecated setup.py egg_info --egg-base ../../build/turtle_pkg build --build-base /home/kenzy/ros2_ws/build/turtle_pkg/build install --record /home/kenzy/ros2_ws/build/turtle_pkg/install.log --single-version-externally-managed install_data --force
