[2.037s] Invoking command in '/home/kenzy/ros2_ws/build/weather_pkg': DEBUGINFOD_URLS=https://debuginfod.ubuntu.com PYTHONPATH=/home/kenzy/ros2_ws/build/weather_pkg/prefix_override:/usr/lib/python3/dist-packages/colcon_core/task/python/colcon_distutils_commands:/home/kenzy/ros2_ws/install/weather_pkg/lib/python3.12/site-packages:${PYTHONPATH} /usr/bin/python3 -W ignore:setup.py install is deprecated -W ignore:easy_install command is deprecated setup.py develop --editable --build-directory /home/kenzy/ros2_ws/build/weather_pkg/build --no-deps symlink_data
[2.598s] running develop
[2.898s] running egg_info
[2.927s] writing weather_pkg.egg-info/PKG-INFO
[2.927s] writing dependency_links to weather_pkg.egg-info/dependency_links.txt
[2.929s] writing entry points to weather_pkg.egg-info/entry_points.txt
[2.929s] writing requirements to weather_pkg.egg-info/requires.txt
[2.929s] writing top-level names to weather_pkg.egg-info/top_level.txt
[2.986s] reading manifest file 'weather_pkg.egg-info/SOURCES.txt'
[2.987s] writing manifest file 'weather_pkg.egg-info/SOURCES.txt'
[3.020s] running build_ext
[3.020s] Creating /home/kenzy/ros2_ws/install/weather_pkg/lib/python3.12/site-packages/weather-pkg.egg-link (link to .)
[3.022s] Installing humidity_node script to /home/kenzy/ros2_ws/install/weather_pkg/lib/weather_pkg
[3.022s] Installing monitor_node script to /home/kenzy/ros2_ws/install/weather_pkg/lib/weather_pkg
[3.022s] Installing pressure_node script to /home/kenzy/ros2_ws/install/weather_pkg/lib/weather_pkg
[3.023s] Installing temperature_node script to /home/kenzy/ros2_ws/install/weather_pkg/lib/weather_pkg
[3.023s] 
[3.024s] Installed /home/kenzy/ros2_ws/build/weather_pkg
[3.024s] running symlink_data
[3.126s] Invoked command in '/home/kenzy/ros2_ws/build/weather_pkg' returned '0': DEBUGINFOD_URLS=https://debuginfod.ubuntu.com PYTHONPATH=/home/kenzy/ros2_ws/build/weather_pkg/prefix_override:/usr/lib/python3/dist-packages/colcon_core/task/python/colcon_distutils_commands:/home/kenzy/ros2_ws/install/weather_pkg/lib/python3.12/site-packages:${PYTHONPATH} /usr/bin/python3 -W ignore:setup.py install is deprecated -W ignore:easy_install command is deprecated setup.py develop --editable --build-directory /home/kenzy/ros2_ws/build/weather_pkg/build --no-deps symlink_data
