[2.038s] Invoking command in '/home/kenzy/ros2_ws/src/turtle_pkgnew': DEBUGINFOD_URLS=https://debuginfod.ubuntu.com PYTHONPATH=/home/kenzy/ros2_ws/build/turtle_pkgnew/prefix_override:/usr/lib/python3/dist-packages/colcon_core/task/python/colcon_distutils_commands:/home/kenzy/ros2_ws/install/turtle_pkgnew/lib/python3.12/site-packages:${PYTHONPATH} /usr/bin/python3 -W ignore:setup.py install is deprecated -W ignore:easy_install command is deprecated setup.py egg_info --egg-base ../../build/turtle_pkgnew build --build-base /home/kenzy/ros2_ws/build/turtle_pkgnew/build install --record /home/kenzy/ros2_ws/build/turtle_pkgnew/install.log --single-version-externally-managed install_data
[2.498s] running egg_info
[2.527s] writing ../../build/turtle_pkgnew/turtle_pkgnew.egg-info/PKG-INFO
[2.528s] writing dependency_links to ../../build/turtle_pkgnew/turtle_pkgnew.egg-info/dependency_links.txt
[2.528s] writing entry points to ../../build/turtle_pkgnew/turtle_pkgnew.egg-info/entry_points.txt
[2.529s] writing requirements to ../../build/turtle_pkgnew/turtle_pkgnew.egg-info/requires.txt
[2.529s] writing top-level names to ../../build/turtle_pkgnew/turtle_pkgnew.egg-info/top_level.txt
[2.586s] reading manifest file '../../build/turtle_pkgnew/turtle_pkgnew.egg-info/SOURCES.txt'
[2.587s] writing manifest file '../../build/turtle_pkgnew/turtle_pkgnew.egg-info/SOURCES.txt'
[2.588s] running build
[2.588s] running build_py
[2.588s] copying turtle_pkgnew/turtle_chase.py -> /home/kenzy/ros2_ws/build/turtle_pkgnew/build/lib/turtle_pkgnew
[2.589s] running install
[2.601s] running install_lib
[2.631s] copying /home/kenzy/ros2_ws/build/turtle_pkgnew/build/lib/turtle_pkgnew/turtle_chase.py -> /home/kenzy/ros2_ws/install/turtle_pkgnew/lib/python3.12/site-packages/turtle_pkgnew
[2.632s] byte-compiling /home/kenzy/ros2_ws/install/turtle_pkgnew/lib/python3.12/site-packages/turtle_pkgnew/turtle_chase.py to turtle_chase.cpython-312.pyc
[2.635s] running install_data
[2.635s] running install_egg_info
[2.667s] removing '/home/kenzy/ros2_ws/install/turtle_pkgnew/lib/python3.12/site-packages/turtle_pkgnew-0.0.0-py3.12.egg-info' (and everything under it)
[2.667s] Copying ../../build/turtle_pkgnew/turtle_pkgnew.egg-info to /home/kenzy/ros2_ws/install/turtle_pkgnew/lib/python3.12/site-packages/turtle_pkgnew-0.0.0-py3.12.egg-info
[2.668s] running install_scripts
[2.883s] Installing turtle_chase script to /home/kenzy/ros2_ws/install/turtle_pkgnew/lib/turtle_pkgnew
[2.883s] writing list of installed files to '/home/kenzy/ros2_ws/build/turtle_pkgnew/install.log'
[2.968s] Invoked command in '/home/kenzy/ros2_ws/src/turtle_pkgnew' returned '0': DEBUGINFOD_URLS=https://debuginfod.ubuntu.com PYTHONPATH=/home/kenzy/ros2_ws/build/turtle_pkgnew/prefix_override:/usr/lib/python3/dist-packages/colcon_core/task/python/colcon_distutils_commands:/home/kenzy/ros2_ws/install/turtle_pkgnew/lib/python3.12/site-packages:${PYTHONPATH} /usr/bin/python3 -W ignore:setup.py install is deprecated -W ignore:easy_install command is deprecated setup.py egg_info --egg-base ../../build/turtle_pkgnew build --build-base /home/kenzy/ros2_ws/build/turtle_pkgnew/build install --record /home/kenzy/ros2_ws/build/turtle_pkgnew/install.log --single-version-externally-managed install_data
