[1.672s] Invoking command in '/home/kenzy/ros2_ws/src/turtle_pkg': DEBUGINFOD_URLS=https://debuginfod.ubuntu.com PYTHONPATH=/home/kenzy/ros2_ws/build/turtle_pkg/prefix_override:/usr/lib/python3/dist-packages/colcon_core/task/python/colcon_distutils_commands:/home/kenzy/ros2_ws/install/turtle_pkg/lib/python3.12/site-packages:${PYTHONPATH} /usr/bin/python3 -W ignore:setup.py install is deprecated -W ignore:easy_install command is deprecated setup.py egg_info --egg-base ../../build/turtle_pkg build --build-base /home/kenzy/ros2_ws/build/turtle_pkg/build install --record /home/kenzy/ros2_ws/build/turtle_pkg/install.log --single-version-externally-managed install_data
[1.958s] running egg_info
[1.976s] writing ../../build/turtle_pkg/turtle_pkg.egg-info/PKG-INFO
[1.977s] writing dependency_links to ../../build/turtle_pkg/turtle_pkg.egg-info/dependency_links.txt
[1.977s] writing entry points to ../../build/turtle_pkg/turtle_pkg.egg-info/entry_points.txt
[1.977s] writing requirements to ../../build/turtle_pkg/turtle_pkg.egg-info/requires.txt
[1.977s] writing top-level names to ../../build/turtle_pkg/turtle_pkg.egg-info/top_level.txt
[2.014s] reading manifest file '../../build/turtle_pkg/turtle_pkg.egg-info/SOURCES.txt'
[2.015s] writing manifest file '../../build/turtle_pkg/turtle_pkg.egg-info/SOURCES.txt'
[2.016s] running build
[2.016s] running build_py
[2.016s] running install
[2.024s] running install_lib
[2.043s] running install_data
[2.043s] running install_egg_info
[2.063s] removing '/home/kenzy/ros2_ws/install/turtle_pkg/lib/python3.12/site-packages/turtle_pkg-0.0.0-py3.12.egg-info' (and everything under it)
[2.063s] Copying ../../build/turtle_pkg/turtle_pkg.egg-info to /home/kenzy/ros2_ws/install/turtle_pkg/lib/python3.12/site-packages/turtle_pkg-0.0.0-py3.12.egg-info
[2.064s] running install_scripts
[2.197s] Installing turtle_node script to /home/kenzy/ros2_ws/install/turtle_pkg/lib/turtle_pkg
[2.197s] writing list of installed files to '/home/kenzy/ros2_ws/build/turtle_pkg/install.log'
[2.242s] Invoked command in '/home/kenzy/ros2_ws/src/turtle_pkg' returned '0': DEBUGINFOD_URLS=https://debuginfod.ubuntu.com PYTHONPATH=/home/kenzy/ros2_ws/build/turtle_pkg/prefix_override:/usr/lib/python3/dist-packages/colcon_core/task/python/colcon_distutils_commands:/home/kenzy/ros2_ws/install/turtle_pkg/lib/python3.12/site-packages:${PYTHONPATH} /usr/bin/python3 -W ignore:setup.py install is deprecated -W ignore:easy_install command is deprecated setup.py egg_info --egg-base ../../build/turtle_pkg build --build-base /home/kenzy/ros2_ws/build/turtle_pkg/build install --record /home/kenzy/ros2_ws/build/turtle_pkg/install.log --single-version-externally-managed install_data
