[1.949s] Invoking command in '/home/kenzy/ros2_ws/build/pkg_py': DEBUGINFOD_URLS=https://debuginfod.ubuntu.com PYTHONPATH=/home/kenzy/ros2_ws/build/pkg_py/prefix_override:/usr/lib/python3/dist-packages/colcon_core/task/python/colcon_distutils_commands:/home/kenzy/ros2_ws/install/pkg_py/lib/python3.12/site-packages:${PYTHONPATH} /usr/bin/python3 -W ignore:setup.py install is deprecated -W ignore:easy_install command is deprecated setup.py develop --editable --build-directory /home/kenzy/ros2_ws/build/pkg_py/build --no-deps symlink_data
[2.496s] running develop
[2.794s] running egg_info
[2.794s] creating pkg_py.egg-info
[2.823s] writing pkg_py.egg-info/PKG-INFO
[2.823s] writing dependency_links to pkg_py.egg-info/dependency_links.txt
[2.823s] writing entry points to pkg_py.egg-info/entry_points.txt
[2.824s] writing requirements to pkg_py.egg-info/requires.txt
[2.824s] writing top-level names to pkg_py.egg-info/top_level.txt
[2.824s] writing manifest file 'pkg_py.egg-info/SOURCES.txt'
[2.882s] reading manifest file 'pkg_py.egg-info/SOURCES.txt'
[2.883s] writing manifest file 'pkg_py.egg-info/SOURCES.txt'
[2.914s] running build_ext
[2.914s] Creating /home/kenzy/ros2_ws/install/pkg_py/lib/python3.12/site-packages/pkg-py.egg-link (link to .)
[2.916s] Installing timer_node script to /home/kenzy/ros2_ws/install/pkg_py/lib/pkg_py
[2.916s] 
[2.916s] Installed /home/kenzy/ros2_ws/build/pkg_py
[2.917s] running symlink_data
[2.917s] creating /home/kenzy/ros2_ws/install/pkg_py/share/ament_index
[2.917s] creating /home/kenzy/ros2_ws/install/pkg_py/share/ament_index/resource_index
[2.917s] creating /home/kenzy/ros2_ws/install/pkg_py/share/ament_index/resource_index/packages
[2.918s] symbolically linking /home/kenzy/ros2_ws/build/pkg_py/resource/pkg_py -> /home/kenzy/ros2_ws/install/pkg_py/share/ament_index/resource_index/packages
[2.918s] symbolically linking /home/kenzy/ros2_ws/build/pkg_py/package.xml -> /home/kenzy/ros2_ws/install/pkg_py/share/pkg_py
[2.987s] Invoked command in '/home/kenzy/ros2_ws/build/pkg_py' returned '0': DEBUGINFOD_URLS=https://debuginfod.ubuntu.com PYTHONPATH=/home/kenzy/ros2_ws/build/pkg_py/prefix_override:/usr/lib/python3/dist-packages/colcon_core/task/python/colcon_distutils_commands:/home/kenzy/ros2_ws/install/pkg_py/lib/python3.12/site-packages:${PYTHONPATH} /usr/bin/python3 -W ignore:setup.py install is deprecated -W ignore:easy_install command is deprecated setup.py develop --editable --build-directory /home/kenzy/ros2_ws/build/pkg_py/build --no-deps symlink_data
